<?xml version="1.0" encoding="UTF-8"?>
<testsuites name="TS_TNR_R.TSPT_Suppo90" time="586.209" tests="3" failures="1" errors="2">
   <testsuite name="TS_TNR_R.TSPT_Suppo90" tests="3" failures="1" errors="2" time="586.209" skipped="0" timestamp="2023-11-24 12:17:40" hostname="issam.rharbaoui - FR-L5448059.groupinfra.com" id="Test Suites/TS_TNR_R.TSPT_Suppo90">
      <properties>
[...]
</properties>
      <testcase name="Test Cases/Cas D Utilisations/Usager Etudiant/TNR R.TSPT Supp90-Etudiant" time="208.745" classname="Test Cases/Cas D Utilisations/Usager Etudiant/TNR R.TSPT Supp90-Etudiant" status="ERROR">
         <error type="ERROR" message="Test Cases/Cas D Utilisations/Usager Etudiant/TNR R.TSPT Supp90-Etudiant FAILED.
Reason:
com.kms.katalon.core.exception.StepErrorException: Call Test Case 'Test Cases/Test Reutilisable/DemandeOuRenouvelle_TitreSejour/FormulaireJustificatifs' failed because of error(s)
	at com.kms.katalon.core.keyword.builtin.CallTestCaseKeyword$_callTestCase_closure1.doCall(CallTestCaseKeyword.groovy:66)
	at com.kms.katalon.core.keyword.builtin.CallTestCaseKeyword$_callTestCase_closure1.call(CallTestCaseKeyword.groovy)
	at com.kms.katalon.core.keyword.internal.KeywordMain.runKeyword(KeywordMain.groovy:75)
	at com.kms.katalon.core.keyword.builtin.CallTestCaseKeyword.callTestCase(CallTestCaseKeyword.groovy:81)
	at com.kms.katalon.core.keyword.builtin.CallTestCaseKeyword.execute(CallTestCaseKeyword.groovy:44)
	at com.kms.katalon.core.keyword.internal.KeywordExecutor.executeKeywordForPlatform(KeywordExecutor.groovy:74)
	at com.kms.katalon.core.keyword.BuiltinKeywords.callTestCase(BuiltinKeywords.groovy:310)
	at com.kazurayam.ksbackyard.HighlightElement$_pandemic_closure1.doCall(HighlightElement.groovy:105)
	at TNR R.TSPT Supp90-Etudiant.run(TNR R.TSPT Supp90-Etudiant:62)
	at com.kms.katalon.core.main.ScriptEngine.run(ScriptEngine.java:194)
	at com.kms.katalon.core.main.ScriptEngine.runScriptAsRawText(ScriptEngine.java:119)
	at com.kms.katalon.core.main.TestCaseExecutor.runScript(TestCaseExecutor.java:448)
	at com.kms.katalon.core.main.TestCaseExecutor.doExecute(TestCaseExecutor.java:439)
	at com.kms.katalon.core.main.TestCaseExecutor.processExecutionPhase(TestCaseExecutor.java:418)
	at com.kms.katalon.core.main.TestCaseExecutor.accessMainPhase(TestCaseExecutor.java:410)
	at com.kms.katalon.core.main.TestCaseExecutor.execute(TestCaseExecutor.java:285)
	at com.kms.katalon.core.common.CommonExecutor.accessTestCaseMainPhase(CommonExecutor.java:65)
	at com.kms.katalon.core.main.TestSuiteExecutor.accessTestSuiteMainPhase(TestSuiteExecutor.java:148)
	at com.kms.katalon.core.main.TestSuiteExecutor.execute(TestSuiteExecutor.java:106)
	at com.kms.katalon.core.main.TestCaseMain.startTestSuite(TestCaseMain.java:187)
	at com.kms.katalon.core.main.TestCaseMain$startTestSuite$0.call(Unknown Source)
	at TempTestSuite1700824657414.run(TempTestSuite1700824657414.groovy:36)
Caused by: groovy.lang.MissingPropertyException: No such property: f for class: Script1695813884754
	at FormulaireJustificatifs.run(FormulaireJustificatifs:187)
	at com.kms.katalon.core.main.ScriptEngine.run(ScriptEngine.java:194)
	at com.kms.katalon.core.main.ScriptEngine.runScriptAsRawText(ScriptEngine.java:119)
	at com.kms.katalon.core.main.TestCaseExecutor.runScript(TestCaseExecutor.java:448)
	at com.kms.katalon.core.main.TestCaseExecutor.doExecute(TestCaseExecutor.java:439)
	at com.kms.katalon.core.main.TestCaseExecutor.processExecutionPhase(TestCaseExecutor.java:418)
	at com.kms.katalon.core.main.TestCaseExecutor.accessMainPhase(TestCaseExecutor.java:410)
	at com.kms.katalon.core.main.TestCaseExecutor.execute(TestCaseExecutor.java:285)
	at com.kms.katalon.core.main.TestCaseMain.runTestCase(TestCaseMain.java:144)
	at com.kms.katalon.core.keyword.builtin.CallTestCaseKeyword$_callTestCase_closure1.doCall(CallTestCaseKeyword.groovy:59)
	... 21 more
"/>
         <system-out><![CDATA[2023-11-24 12:17:41 - [TEST_CASE][ERROR] - Test Cases/Cas D Utilisations/Usager Etudiant/TNR R.TSPT Supp90-Etudiant: Test Cases/Cas D Utilisations/Usager Etudiant/TNR R.TSPT Supp90-Etudiant FAILED.
Reason:
com.kms.katalon.core.exception.StepErrorException: Call Test Case 'Test Cases/Test Reutilisable/DemandeOuRenouvelle_TitreSejour/FormulaireJustificatifs' failed because of error(s)
	at com.kms.katalon.core.keyword.builtin.CallTestCaseKeyword$_callTestCase_closure1.doCall(CallTestCaseKeyword.groovy:66)
	at com.kms.katalon.core.keyword.builtin.CallTestCaseKeyword$_callTestCase_closure1.call(CallTestCaseKeyword.groovy)
	at com.kms.katalon.core.keyword.internal.KeywordMain.runKeyword(KeywordMain.groovy:75)
	at com.kms.katalon.core.keyword.builtin.CallTestCaseKeyword.callTestCase(CallTestCaseKeyword.groovy:81)
	at com.kms.katalon.core.keyword.builtin.CallTestCaseKeyword.execute(CallTestCaseKeyword.groovy:44)
	at com.kms.katalon.core.keyword.internal.KeywordExecutor.executeKeywordForPlatform(KeywordExecutor.groovy:74)
	at com.kms.katalon.core.keyword.BuiltinKeywords.callTestCase(BuiltinKeywords.groovy:310)
	at com.kazurayam.ksbackyard.HighlightElement$_pandemic_closure1.doCall(HighlightElement.groovy:105)
	at TNR R.TSPT Supp90-Etudiant.run(TNR R.TSPT Supp90-Etudiant:62)
	at com.kms.katalon.core.main.ScriptEngine.run(ScriptEngine.java:194)
	at com.kms.katalon.core.main.ScriptEngine.runScriptAsRawText(ScriptEngine.java:119)
	at com.kms.katalon.core.main.TestCaseExecutor.runScript(TestCaseExecutor.java:448)
	at com.kms.katalon.core.main.TestCaseExecutor.doExecute(TestCaseExecutor.java:439)
	at com.kms.katalon.core.main.TestCaseExecutor.processExecutionPhase(TestCaseExecutor.java:418)
	at com.kms.katalon.core.main.TestCaseExecutor.accessMainPhase(TestCaseExecutor.java:410)
	at com.kms.katalon.core.main.TestCaseExecutor.execute(TestCaseExecutor.java:285)
	at com.kms.katalon.core.common.CommonExecutor.accessTestCaseMainPhase(CommonExecutor.java:65)
	at com.kms.katalon.core.main.TestSuiteExecutor.accessTestSuiteMainPhase(TestSuiteExecutor.java:148)
	at com.kms.katalon.core.main.TestSuiteExecutor.execute(TestSuiteExecutor.java:106)
	at com.kms.katalon.core.main.TestCaseMain.startTestSuite(TestCaseMain.java:187)
	at com.kms.katalon.core.main.TestCaseMain$startTestSuite$0.call(Unknown Source)
	at TempTestSuite1700824657414.run(TempTestSuite1700824657414.groovy:36)
Caused by: groovy.lang.MissingPropertyException: No such property: f for class: Script1695813884754
	at FormulaireJustificatifs.run(FormulaireJustificatifs:187)
	at com.kms.katalon.core.main.ScriptEngine.run(ScriptEngine.java:194)
	at com.kms.katalon.core.main.ScriptEngine.runScriptAsRawText(ScriptEngine.java:119)
	at com.kms.katalon.core.main.TestCaseExecutor.runScript(TestCaseExecutor.java:448)
	at com.kms.katalon.core.main.TestCaseExecutor.doExecute(TestCaseExecutor.java:439)
	at com.kms.katalon.core.main.TestCaseExecutor.processExecutionPhase(TestCaseExecutor.java:418)
	at com.kms.katalon.core.main.TestCaseExecutor.accessMainPhase(TestCaseExecutor.java:410)
	at com.kms.katalon.core.main.TestCaseExecutor.execute(TestCaseExecutor.java:285)
	at com.kms.katalon.core.main.TestCaseMain.runTestCase(TestCaseMain.java:144)
	at com.kms.katalon.core.keyword.builtin.CallTestCaseKeyword$_callTestCase_closure1.doCall(CallTestCaseKeyword.groovy:59)
	... 21 more


2023-11-24 12:17:43 - [TEST_STEP][PASSED] - com.kazurayam.ksbackyard.HighlightElement.pandemic(): com.kazurayam.ksbackyard.HighlightElement.pandemic is PASSED

2023-11-24 12:17:43 - [MESSAGE][PASSED] - com.kazurayam.ksbackyard.HighlightElement.pandemic is PASSED

2023-11-24 12:17:43 - [TEST_STEP][PASSED] - callTestCase(findTestCase("Test Reutilisable/Main/Lancer URL ANEF"), ["Profiles":"Usager", "EnvExec":EnvExec], STOP_ON_FAILURE): Call Test Case 'Test Cases/Test Reutilisable/Main/Lancer URL ANEF' successfully

2023-11-24 12:17:44 - [MESSAGE][INFO] - Checking called Test Case

2023-11-24 12:17:44 - [MESSAGE][INFO] - Starting to call Test Case 'Test Cases/Test Reutilisable/Main/Lancer URL ANEF'

2023-11-24 12:17:44 - [TEST_CASE][PASSED] - Test Cases/Test Reutilisable/Main/Lancer URL ANEF: Test Cases/Test Reutilisable/Main/Lancer URL ANEF

2023-11-24 12:17:49 - [TEST_STEP][PASSED] - "RunConfiguration: getProjectDir for LogDriver ": null

2023-11-24 12:17:49 - [TEST_STEP][PASSED] - RunBrowserConfiguration = getExecutionProperties(): null

2023-11-24 12:17:49 - [TEST_STEP][PASSED] - DriverName = "": null

2023-11-24 12:17:49 - [TEST_STEP][PASSED] - openBrowser(""): Browser is opened with url: ''

2023-11-24 12:17:50 - [MESSAGE][INFO] - Opening browser

2023-11-24 12:17:50 - [MESSAGE][INFO] - Starting 'Chrome' driver

2023-11-24 12:17:50 - [MESSAGE][INFO] - User set preference: ['args', '[--incognito, --start-maximized, --remote-allow-origins=*]']

2023-11-24 12:17:50 - [MESSAGE][INFO] - User set preference: ['prefs', '{download.default_directory=${GlobalVariable.downloadPath}, download_dir=${GlobalVariable.downloadPath}, download.prompt_for_download=false}']

2023-11-24 12:17:50 - [MESSAGE][INFO] - User set preference: ['loggingPrefs', '{browser=ALL}']

2023-11-24 12:17:50 - [MESSAGE][INFO] - Action delay is set to 2 000 milliseconds

2023-11-24 12:17:53 - [MESSAGE][PASSED] - Browser is opened with url: ''

2023-11-24 12:17:53 - [TEST_STEP][PASSED] - driver = getWebDriver(): null

2023-11-24 12:17:53 - [TEST_STEP][PASSED] - wrappedDriver = driver.getWrappedDriver(): null

2023-11-24 12:17:53 - [TEST_STEP][PASSED] - out.println(wrappedDriver.getClass()): null

2023-11-24 12:17:53 - [TEST_STEP][PASSED] - if (class == com.kms.katalon.selenium.driver.CRemoteWebDriver): null

2023-11-24 12:17:53 - [TEST_STEP][PASSED] - else: null

2023-11-24 12:17:53 - [TEST_STEP][PASSED] - DriverName = get("WebUI").get("browserType"): null

2023-11-24 12:17:53 - [TEST_STEP][PASSED] - println("DriverName :" + DriverName): null

2023-11-24 12:17:53 - [TEST_STEP][PASSED] - println("Driverpath :" + RunBrowserConfiguration.get("drivers")): null

2023-11-24 12:17:53 - [TEST_STEP][PASSED] - DriverName = DriverName: null

2023-11-24 12:17:55 - [TEST_STEP][PASSED] - delay(medium_wait): Delayed 3 second(s)

2023-11-24 12:17:55 - [MESSAGE][INFO] - Delaying browser in 3 second(s)

2023-11-24 12:17:58 - [MESSAGE][PASSED] - Delayed 3 second(s)

2023-11-24 12:17:58 - [TEST_STEP][PASSED] - executedBrowser = getExecutedBrowser(): null

2023-11-24 12:17:58 - [TEST_STEP][PASSED] - if (Profiles == "Usager"): null

2023-11-24 12:17:58 - [TEST_STEP][PASSED] - switch (DriverName): null

2023-11-24 12:17:58 - [TEST_STEP][PASSED] - case "CHROME_DRIVER":: null

2023-11-24 12:17:58 - [TEST_STEP][PASSED] - if (EnvExec == "URL_ANEFQualif"): null

2023-11-24 12:17:58 - [TEST_STEP][PASSED] - if (EnvExec == "URL_ANEFPreProd"): Navigate to 'https://preprod.administration-etrangers-en-france.interieur.gouv.fr/particuliers/#/' successfully

2023-11-24 12:17:58 - [TEST_STEP][PASSED] - navigateToUrl(URL_ANEFPreProd): Navigate to 'https://preprod.administration-etrangers-en-france.interieur.gouv.fr/particuliers/#/' successfully

2023-11-24 12:17:58 - [MESSAGE][INFO] - Checking url

2023-11-24 12:17:58 - [MESSAGE][INFO] - Navigating to 'https://preprod.administration-etrangers-en-france.interieur.gouv.fr/particuliers/#/'

2023-11-24 12:18:14 - [MESSAGE][PASSED] - Navigate to 'https://preprod.administration-etrangers-en-france.interieur.gouv.fr/particuliers/#/' successfully

2023-11-24 12:18:14 - [TEST_STEP][PASSED] - maximizeWindow(): Current window maximized

2023-11-24 12:18:14 - [MESSAGE][INFO] - Maximizing current window

2023-11-24 12:18:14 - [MESSAGE][PASSED] - Current window maximized

2023-11-24 12:18:14 - [TEST_STEP][PASSED] - System.setProperty("webdriver.chrome.driver", getChromeDriverPath()): null

2023-11-24 12:18:14 - [TEST_STEP][PASSED] - System.setProperty("webdriver.chrome.logfile", getProjectDir() + "/Dump/chromedriver.log"): null

2023-11-24 12:18:14 - [TEST_STEP][PASSED] - callTestCase(findTestCase("Test Reutilisable/Main/Erreur lie a la confidentialite"), [:], STOP_ON_FAILURE): Call Test Case 'Test Cases/Test Reutilisable/Main/Erreur lie a la confidentialite' successfully

2023-11-24 12:18:14 - [MESSAGE][INFO] - Checking called Test Case

2023-11-24 12:18:14 - [MESSAGE][INFO] - Starting to call Test Case 'Test Cases/Test Reutilisable/Main/Erreur lie a la confidentialite'

2023-11-24 12:18:14 - [TEST_CASE][PASSED] - Test Cases/Test Reutilisable/Main/Erreur lie a la confidentialite: Test Cases/Test Reutilisable/Main/Erreur lie a la confidentialite

2023-11-24 12:18:16 - [TEST_STEP][PASSED] - tools.WaitForLoadedPage.waitForElementRendering(): tools.WaitForLoadedPage.waitForElementRendering is PASSED

2023-11-24 12:18:16 - [MESSAGE][PASSED] - tools.WaitForLoadedPage.waitForElementRendering is PASSED

2023-11-24 12:18:16 - [TEST_STEP][PASSED] - "Call Highlight.on() automatically": null

2023-11-24 12:18:16 - [TEST_STEP][PASSED] - DriverName = DriverName: null

2023-11-24 12:18:16 - [TEST_STEP][PASSED] - if (DriverName == "CHROME_DRIVER" || "EDGE_CHROMIUM_DRIVER" || "HEADLESS_DRIVER"): null

2023-11-24 12:18:16 - [TEST_STEP][PASSED] - if (verifyElementPresent(findTestObject("Object Repository/Connexion Usager/Btn_Parametres Avances"), 2, OPTIONAL)): null

2023-11-24 12:18:16 - [MESSAGE][INFO] - Finding Test Object 'Object Repository/Connexion Usager/Btn_Parametres Avances'

2023-11-24 12:18:16 - [MESSAGE][INFO] - Checking object

2023-11-24 12:18:16 - [MESSAGE][INFO] - Finding web element from Test Object's properties

2023-11-24 12:18:16 - [MESSAGE][INFO] - Checking timeout

2023-11-24 12:18:16 - [MESSAGE][INFO] - Finding web element with id: 'Object Repository/Connexion Usager/Btn_Parametres Avances' located by 'By.xpath: //*[@id="details-button"]' in '2' second(s)

2023-11-24 12:18:16 - [MESSAGE][INFO] - Smart Wait Function is triggered

2023-11-24 12:18:16 - [MESSAGE][INFO] - Found 1 web elements with id: 'Object Repository/Connexion Usager/Btn_Parametres Avances' located by 'By.xpath: //*[@id="details-button"]' in '2' second(s)

2023-11-24 12:18:16 - [MESSAGE][PASSED] - Object 'Object Repository/Connexion Usager/Btn_Parametres Avances' is present

2023-11-24 12:18:16 - [TEST_STEP][PASSED] - click(findTestObject("Object Repository/Connexion Usager/Btn_Parametres Avances"), OPTIONAL): Object: 'Object Repository/Connexion Usager/Btn_Parametres Avances' is clicked on

2023-11-24 12:18:16 - [MESSAGE][INFO] - Finding Test Object 'Object Repository/Connexion Usager/Btn_Parametres Avances'

2023-11-24 12:18:16 - [MESSAGE][INFO] - Checking timeout

2023-11-24 12:18:16 - [MESSAGE][INFO] - Finding web element with id: 'Object Repository/Connexion Usager/Btn_Parametres Avances' located by 'By.xpath: //*[@id="details-button"]' in '20' second(s)

2023-11-24 12:18:16 - [MESSAGE][INFO] - Smart Wait Function is triggered

2023-11-24 12:18:16 - [MESSAGE][INFO] - Found 1 web elements with id: 'Object Repository/Connexion Usager/Btn_Parametres Avances' located by 'By.xpath: //*[@id="details-button"]' in '20' second(s)

2023-11-24 12:18:16 - [MESSAGE][INFO] - Checking object

2023-11-24 12:18:16 - [MESSAGE][INFO] - Checking timeout

2023-11-24 12:18:16 - [MESSAGE][INFO] - Finding web element from Test Object's properties

2023-11-24 12:18:16 - [MESSAGE][INFO] - Checking timeout

2023-11-24 12:18:16 - [MESSAGE][INFO] - Finding web element with id: 'Object Repository/Connexion Usager/Btn_Parametres Avances' located by 'By.xpath: //*[@id="details-button"]' in '5' second(s)

2023-11-24 12:18:16 - [MESSAGE][INFO] - Smart Wait Function is triggered

2023-11-24 12:18:16 - [MESSAGE][INFO] - Found 1 web elements with id: 'Object Repository/Connexion Usager/Btn_Parametres Avances' located by 'By.xpath: //*[@id="details-button"]' in '5' second(s)

2023-11-24 12:18:16 - [MESSAGE][INFO] - Clicking on object: 'Object Repository/Connexion Usager/Btn_Parametres Avances'

2023-11-24 12:18:18 - [MESSAGE][PASSED] - Object: 'Object Repository/Connexion Usager/Btn_Parametres Avances' is clicked on

2023-11-24 12:18:18 - [TEST_STEP][PASSED] - click(findTestObject("Object Repository/Connexion Usager/Link_Proceed-Link"), OPTIONAL): Object: 'Object Repository/Connexion Usager/Link_Proceed-Link' is clicked on

2023-11-24 12:18:18 - [MESSAGE][INFO] - Finding Test Object 'Object Repository/Connexion Usager/Link_Proceed-Link'

2023-11-24 12:18:18 - [MESSAGE][INFO] - Checking timeout

2023-11-24 12:18:18 - [MESSAGE][INFO] - Finding web element with id: 'Object Repository/Connexion Usager/Link_Proceed-Link' located by 'By.xpath: //*[@id="proceed-link"]' in '20' second(s)

2023-11-24 12:18:18 - [MESSAGE][INFO] - Smart Wait Function is triggered

2023-11-24 12:18:18 - [MESSAGE][INFO] - Found 1 web elements with id: 'Object Repository/Connexion Usager/Link_Proceed-Link' located by 'By.xpath: //*[@id="proceed-link"]' in '20' second(s)

2023-11-24 12:18:19 - [MESSAGE][INFO] - Checking object

2023-11-24 12:18:19 - [MESSAGE][INFO] - Checking timeout

2023-11-24 12:18:19 - [MESSAGE][INFO] - Finding web element from Test Object's properties

2023-11-24 12:18:19 - [MESSAGE][INFO] - Checking timeout

2023-11-24 12:18:19 - [MESSAGE][INFO] - Finding web element with id: 'Object Repository/Connexion Usager/Link_Proceed-Link' located by 'By.xpath: //*[@id="proceed-link"]' in '5' second(s)

2023-11-24 12:18:19 - [MESSAGE][INFO] - Smart Wait Function is triggered

2023-11-24 12:18:19 - [MESSAGE][INFO] - Found 1 web elements with id: 'Object Repository/Connexion Usager/Link_Proceed-Link' located by 'By.xpath: //*[@id="proceed-link"]' in '5' second(s)

2023-11-24 12:18:19 - [MESSAGE][INFO] - Clicking on object: 'Object Repository/Connexion Usager/Link_Proceed-Link'

2023-11-24 12:18:22 - [MESSAGE][PASSED] - Object: 'Object Repository/Connexion Usager/Link_Proceed-Link' is clicked on

2023-11-24 12:18:22 - [TEST_STEP][PASSED] - if (DriverName == "IE_DRIVER"): null

2023-11-24 12:18:22 - [TEST_STEP][PASSED] - delay(3): Delayed 3 second(s)

2023-11-24 12:18:22 - [MESSAGE][INFO] - Delaying browser in 3 second(s)

2023-11-24 12:18:25 - [MESSAGE][PASSED] - Delayed 3 second(s)

2023-11-24 12:18:25 - [MESSAGE][PASSED] - Call Test Case 'Test Cases/Test Reutilisable/Main/Erreur lie a la confidentialite' successfully

2023-11-24 12:18:25 - [TEST_STEP][PASSED] - delay(5): Delayed 5 second(s)

2023-11-24 12:18:25 - [MESSAGE][INFO] - Delaying browser in 5 second(s)

2023-11-24 12:18:30 - [MESSAGE][PASSED] - Delayed 5 second(s)

2023-11-24 12:18:30 - [TEST_STEP][PASSED] - verifyElementVisible(findTestObject("Object Repository/Connexion Usager/Link_Se Connecter"), STOP_ON_FAILURE): Object 'Object Repository/Connexion Usager/Link_Se Connecter' is visible

2023-11-24 12:18:30 - [MESSAGE][INFO] - Finding Test Object 'Object Repository/Connexion Usager/Link_Se Connecter'

2023-11-24 12:18:30 - [MESSAGE][INFO] - Checking object

2023-11-24 12:18:30 - [MESSAGE][INFO] - Finding web element from Test Object's properties

2023-11-24 12:18:30 - [MESSAGE][INFO] - Checking timeout

2023-11-24 12:18:30 - [MESSAGE][INFO] - Finding web element with id: 'Object Repository/Connexion Usager/Link_Se Connecter' located by 'By.xpath: //*[@id="connexion_link"]' in '5' second(s)

2023-11-24 12:18:30 - [MESSAGE][INFO] - Smart Wait Function is triggered

2023-11-24 12:18:30 - [MESSAGE][INFO] - Found 1 web elements with id: 'Object Repository/Connexion Usager/Link_Se Connecter' located by 'By.xpath: //*[@id="connexion_link"]' in '5' second(s)

2023-11-24 12:18:30 - [MESSAGE][PASSED] - Object 'Object Repository/Connexion Usager/Link_Se Connecter' is visible

2023-11-24 12:18:30 - [TEST_STEP][PASSED] - break: null

2023-11-24 12:18:30 - [TEST_STEP][PASSED] - if (Profiles == "Agent"): null

2023-11-24 12:18:30 - [TEST_STEP][PASSED] - else: null

2023-11-24 12:18:30 - [TEST_STEP][PASSED] - println("Vérifier le Portail de votre connexion Usager ou Agent"): null

2023-11-24 12:18:30 - [MESSAGE][PASSED] - Call Test Case 'Test Cases/Test Reutilisable/Main/Lancer URL ANEF' successfully

2023-11-24 12:18:30 - [TEST_STEP][ERROR] - if (StopTestCase == false): Test Cases/Cas D Utilisations/Usager Etudiant/TNR R.TSPT Supp90-Etudiant FAILED.
Reason:
com.kms.katalon.core.exception.StepErrorException: Call Test Case 'Test Cases/Test Reutilisable/DemandeOuRenouvelle_TitreSejour/FormulaireJustificatifs' failed because of error(s)
	at com.kms.katalon.core.keyword.builtin.CallTestCaseKeyword$_callTestCase_closure1.doCall(CallTestCaseKeyword.groovy:66)
	at com.kms.katalon.core.keyword.builtin.CallTestCaseKeyword$_callTestCase_closure1.call(CallTestCaseKeyword.groovy)
	at com.kms.katalon.core.keyword.internal.KeywordMain.runKeyword(KeywordMain.groovy:75)
	at com.kms.katalon.core.keyword.builtin.CallTestCaseKeyword.callTestCase(CallTestCaseKeyword.groovy:81)
	at com.kms.katalon.core.keyword.builtin.CallTestCaseKeyword.execute(CallTestCaseKeyword.groovy:44)
	at com.kms.katalon.core.keyword.internal.KeywordExecutor.executeKeywordForPlatform(KeywordExecutor.groovy:74)
	at com.kms.katalon.core.keyword.BuiltinKeywords.callTestCase(BuiltinKeywords.groovy:310)
	at com.kazurayam.ksbackyard.HighlightElement$_pandemic_closure1.doCall(HighlightElement.groovy:105)
	at TNR R.TSPT Supp90-Etudiant.run(TNR R.TSPT Supp90-Etudiant:62)
	at com.kms.katalon.core.main.ScriptEngine.run(ScriptEngine.java:194)
	at com.kms.katalon.core.main.ScriptEngine.runScriptAsRawText(ScriptEngine.java:119)
	at com.kms.katalon.core.main.TestCaseExecutor.runScript(TestCaseExecutor.java:448)
	at com.kms.katalon.core.main.TestCaseExecutor.doExecute(TestCaseExecutor.java:439)
	at com.kms.katalon.core.main.TestCaseExecutor.processExecutionPhase(TestCaseExecutor.java:418)
	at com.kms.katalon.core.main.TestCaseExecutor.accessMainPhase(TestCaseExecutor.java:410)
	at com.kms.katalon.core.main.TestCaseExecutor.execute(TestCaseExecutor.java:285)
	at com.kms.katalon.core.common.CommonExecutor.accessTestCaseMainPhase(CommonExecutor.java:65)
	at com.kms.katalon.core.main.TestSuiteExecutor.accessTestSuiteMainPhase(TestSuiteExecutor.java:148)
	at com.kms.katalon.core.main.TestSuiteExecutor.execute(TestSuiteExecutor.java:106)
	at com.kms.katalon.core.main.TestCaseMain.startTestSuite(TestCaseMain.java:187)
	at com.kms.katalon.core.main.TestCaseMain$startTestSuite$0.call(Unknown Source)
	at TempTestSuite1700824657414.run(TempTestSuite1700824657414.groovy:36)
Caused by: groovy.lang.MissingPropertyException: No such property: f for class: Script1695813884754
	at FormulaireJustificatifs.run(FormulaireJustificatifs:187)
	at com.kms.katalon.core.main.ScriptEngine.run(ScriptEngine.java:194)
	at com.kms.katalon.core.main.ScriptEngine.runScriptAsRawText(ScriptEngine.java:119)
	at com.kms.katalon.core.main.TestCaseExecutor.runScript(TestCaseExecutor.java:448)
	at com.kms.katalon.core.main.TestCaseExecutor.doExecute(TestCaseExecutor.java:439)
	at com.kms.katalon.core.main.TestCaseExecutor.processExecutionPhase(TestCaseExecutor.java:418)
	at com.kms.katalon.core.main.TestCaseExecutor.accessMainPhase(TestCaseExecutor.java:410)
	at com.kms.katalon.core.main.TestCaseExecutor.execute(TestCaseExecutor.java:285)
	at com.kms.katalon.core.main.TestCaseMain.runTestCase(TestCaseMain.java:144)
	at com.kms.katalon.core.keyword.builtin.CallTestCaseKeyword$_callTestCase_closure1.doCall(CallTestCaseKeyword.groovy:59)
	... 21 more


2023-11-24 12:18:30 - [TEST_STEP][PASSED] - callTestCase(findTestCase("Test Reutilisable/Main/Identification"), ["Profiles":"Usager", "NumEtrangerVisa":NumEtrangerVisa], STOP_ON_FAILURE): Call Test Case 'Test Cases/Test Reutilisable/Main/Identification' successfully

2023-11-24 12:18:30 - [MESSAGE][INFO] - Checking called Test Case

2023-11-24 12:18:30 - [MESSAGE][INFO] - Starting to call Test Case 'Test Cases/Test Reutilisable/Main/Identification'

2023-11-24 12:18:31 - [TEST_CASE][PASSED] - Test Cases/Test Reutilisable/Main/Identification: Test Cases/Test Reutilisable/Main/Identification

2023-11-24 12:18:31 - [TEST_STEP][PASSED] - if (Profiles == "Usager"): Object 'Object Repository/Page_Accueil_Usager/Span_MesNotifications' is present

2023-11-24 12:18:31 - [TEST_STEP][PASSED] - delay(5): Delayed 5 second(s)

2023-11-24 12:18:31 - [MESSAGE][INFO] - Delaying browser in 5 second(s)

2023-11-24 12:18:36 - [MESSAGE][PASSED] - Delayed 5 second(s)

2023-11-24 12:18:36 - [TEST_STEP][PASSED] - click(findTestObject("Object Repository/Connexion Usager/Link_Se Connecter")): Object: 'Object Repository/Connexion Usager/Link_Se Connecter' is clicked on

2023-11-24 12:18:36 - [MESSAGE][INFO] - Finding Test Object 'Object Repository/Connexion Usager/Link_Se Connecter'

2023-11-24 12:18:36 - [MESSAGE][INFO] - Checking timeout

2023-11-24 12:18:36 - [MESSAGE][INFO] - Finding web element with id: 'Object Repository/Connexion Usager/Link_Se Connecter' located by 'By.xpath: //*[@id="connexion_link"]' in '20' second(s)

2023-11-24 12:18:36 - [MESSAGE][INFO] - Smart Wait Function is triggered

2023-11-24 12:18:36 - [MESSAGE][INFO] - Found 1 web elements with id: 'Object Repository/Connexion Usager/Link_Se Connecter' located by 'By.xpath: //*[@id="connexion_link"]' in '20' second(s)

2023-11-24 12:18:36 - [MESSAGE][INFO] - Checking object

2023-11-24 12:18:36 - [MESSAGE][INFO] - Checking timeout

2023-11-24 12:18:36 - [MESSAGE][INFO] - Finding web element from Test Object's properties

2023-11-24 12:18:36 - [MESSAGE][INFO] - Checking timeout

2023-11-24 12:18:36 - [MESSAGE][INFO] - Finding web element with id: 'Object Repository/Connexion Usager/Link_Se Connecter' located by 'By.xpath: //*[@id="connexion_link"]' in '5' second(s)

2023-11-24 12:18:36 - [MESSAGE][INFO] - Smart Wait Function is triggered

2023-11-24 12:18:36 - [MESSAGE][INFO] - Found 1 web elements with id: 'Object Repository/Connexion Usager/Link_Se Connecter' located by 'By.xpath: //*[@id="connexion_link"]' in '5' second(s)

2023-11-24 12:18:36 - [MESSAGE][INFO] - Clicking on object: 'Object Repository/Connexion Usager/Link_Se Connecter'

2023-11-24 12:18:39 - [MESSAGE][PASSED] - Object: 'Object Repository/Connexion Usager/Link_Se Connecter' is clicked on

2023-11-24 12:18:39 - [TEST_STEP][PASSED] - callTestCase(findTestCase("Test Reutilisable/Main/Erreur lie a la confidentialite"), [:], STOP_ON_FAILURE): Call Test Case 'Test Cases/Test Reutilisable/Main/Erreur lie a la confidentialite' successfully

2023-11-24 12:18:39 - [MESSAGE][INFO] - Checking called Test Case

2023-11-24 12:18:39 - [MESSAGE][INFO] - Starting to call Test Case 'Test Cases/Test Reutilisable/Main/Erreur lie a la confidentialite'

2023-11-24 12:18:39 - [TEST_CASE][PASSED] - Test Cases/Test Reutilisable/Main/Erreur lie a la confidentialite: Test Cases/Test Reutilisable/Main/Erreur lie a la confidentialite

2023-11-24 12:18:39 - [TEST_STEP][PASSED] - tools.WaitForLoadedPage.waitForElementRendering(): tools.WaitForLoadedPage.waitForElementRendering is PASSED

2023-11-24 12:18:39 - [MESSAGE][PASSED] - tools.WaitForLoadedPage.waitForElementRendering is PASSED

2023-11-24 12:18:39 - [TEST_STEP][PASSED] - "Call Highlight.on() automatically": null

2023-11-24 12:18:39 - [TEST_STEP][PASSED] - DriverName = DriverName: null

2023-11-24 12:18:39 - [TEST_STEP][PASSED] - if (DriverName == "CHROME_DRIVER" || "EDGE_CHROMIUM_DRIVER" || "HEADLESS_DRIVER"): com.kms.katalon.core.webui.exception.WebElementNotFoundException: Web element with id: 'Object Repository/Connexion Usager/Btn_Parametres Avances' located by '//*[@id="details-button"]' not found (Root cause: com.kms.katalon.core.exception.StepFailedException: com.kms.katalon.core.webui.exception.WebElementNotFoundException: Web element with id: 'Object Repository/Connexion Usager/Btn_Parametres Avances' located by '//*[@id="details-button"]' not found
	at com.kms.katalon.core.webui.keyword.internal.WebUIKeywordMain.stepFailed(WebUIKeywordMain.groovy:64)
	at com.kms.katalon.core.webui.keyword.builtin.VerifyElementPresentKeyword$_verifyElementPresent_closure1.doCall(VerifyElementPresentKeyword.groovy:85)
	at com.kms.katalon.core.webui.keyword.builtin.VerifyElementPresentKeyword$_verifyElementPresent_closure1.call(VerifyElementPresentKeyword.groovy)
	at com.kms.katalon.core.webui.keyword.internal.WebUIKeywordMain.runKeyword(WebUIKeywordMain.groovy:20)
	at com.kms.katalon.core.webui.keyword.builtin.VerifyElementPresentKeyword.verifyElementPresent(VerifyElementPresentKeyword.groovy:92)
	at com.kms.katalon.core.webui.keyword.builtin.VerifyElementPresentKeyword.execute(VerifyElementPresentKeyword.groovy:68)
	at com.kms.katalon.core.keyword.internal.KeywordExecutor.executeKeywordForPlatform(KeywordExecutor.groovy:74)
	at com.kms.katalon.core.webui.keyword.WebUiBuiltInKeywords.verifyElementPresent(WebUiBuiltInKeywords.groovy:1448)
	at com.kazurayam.ksbackyard.HighlightElement$_pandemic_closure1.doCall(HighlightElement.groovy:105)
	at Erreur lie a la confidentialite.run(Erreur lie a la confidentialite:43)
	at com.kms.katalon.core.main.ScriptEngine.run(ScriptEngine.java:194)
	at com.kms.katalon.core.main.ScriptEngine.runScriptAsRawText(ScriptEngine.java:119)
	at com.kms.katalon.core.main.TestCaseExecutor.runScript(TestCaseExecutor.java:448)
	at com.kms.katalon.core.main.TestCaseExecutor.doExecute(TestCaseExecutor.java:439)
	at com.kms.katalon.core.main.TestCaseExecutor.processExecutionPhase(TestCaseExecutor.java:418)
	at com.kms.katalon.core.main.TestCaseExecutor.accessMainPhase(TestCaseExecutor.java:410)
	at com.kms.katalon.core.main.TestCaseExecutor.execute(TestCaseExecutor.java:285)
	at com.kms.katalon.core.main.TestCaseMain.runTestCase(TestCaseMain.java:144)
	at com.kms.katalon.core.keyword.builtin.CallTestCaseKeyword$_callTestCase_closure1.doCall(CallTestCaseKeyword.groovy:59)
	at com.kms.katalon.core.keyword.builtin.CallTestCaseKeyword$_callTestCase_closure1.call(CallTestCaseKeyword.groovy)
	at com.kms.katalon.core.keyword.internal.KeywordMain.runKeyword(KeywordMain.groovy:75)
	at com.kms.katalon.core.keyword.builtin.CallTestCaseKeyword.callTestCase(CallTestCaseKeyword.groovy:81)
	at com.kms.katalon.core.keyword.builtin.CallTestCaseKeyword.execute(CallTestCaseKeyword.groovy:44)
	at com.kms.katalon.core.keyword.internal.KeywordExecutor.executeKeywordForPlatform(KeywordExecutor.groovy:74)
	at com.kms.katalon.core.keyword.BuiltinKeywords.callTestCase(BuiltinKeywords.groovy:310)
	at com.kazurayam.ksbackyard.HighlightElement$_pandemic_closure1.doCall(HighlightElement.groovy:105)
	at Identification.run(Identification:35)
	at com.kms.katalon.core.main.ScriptEngine.run(ScriptEngine.java:194)
	at com.kms.katalon.core.main.ScriptEngine.runScriptAsRawText(ScriptEngine.java:119)
	at com.kms.katalon.core.main.TestCaseExecutor.runScript(TestCaseExecutor.java:448)
	at com.kms.katalon.core.main.TestCaseExecutor.doExecute(TestCaseExecutor.java:439)
	at com.kms.katalon.core.main.TestCaseExecutor.processExecutionPhase(TestCaseExecutor.java:418)
	at com.kms.katalon.core.main.TestCaseExecutor.accessMainPhase(TestCaseExecutor.java:410)
	at com.kms.katalon.core.main.TestCaseExecutor.execute(TestCaseExecutor.java:285)
	at com.kms.katalon.core.main.TestCaseMain.runTestCase(TestCaseMain.java:144)
	at com.kms.katalon.core.keyword.builtin.CallTestCaseKeyword$_callTestCase_closure1.doCall(CallTestCaseKeyword.groovy:59)
	at com.kms.katalon.core.keyword.builtin.CallTestCaseKeyword$_callTestCase_closure1.call(CallTestCaseKeyword.groovy)
	at com.kms.katalon.core.keyword.internal.KeywordMain.runKeyword(KeywordMain.groovy:75)
	at com.kms.katalon.core.keyword.builtin.CallTestCaseKeyword.callTestCase(CallTestCaseKeyword.groovy:81)
	at com.kms.katalon.core.keyword.builtin.CallTestCaseKeyword.execute(CallTestCaseKeyword.groovy:44)
	at com.kms.katalon.core.keyword.internal.KeywordExecutor.executeKeywordForPlatform(KeywordExecutor.groovy:74)
	at com.kms.katalon.core.keyword.BuiltinKeywords.callTestCase(BuiltinKeywords.groovy:310)
	at com.kazurayam.ksbackyard.HighlightElement$_pandemic_closure1.doCall(HighlightElement.groovy:105)
	at TNR R.TSPT Supp90-Etudiant.run(TNR R.TSPT Supp90-Etudiant:35)
	at com.kms.katalon.core.main.ScriptEngine.run(ScriptEngine.java:194)
	at com.kms.katalon.core.main.ScriptEngine.runScriptAsRawText(ScriptEngine.java:119)
	at com.kms.katalon.core.main.TestCaseExecutor.runScript(TestCaseExecutor.java:448)
	at com.kms.katalon.core.main.TestCaseExecutor.doExecute(TestCaseExecutor.java:439)
	at com.kms.katalon.core.main.TestCaseExecutor.processExecutionPhase(TestCaseExecutor.java:418)
	at com.kms.katalon.core.main.TestCaseExecutor.accessMainPhase(TestCaseExecutor.java:410)
	at com.kms.katalon.core.main.TestCaseExecutor.execute(TestCaseExecutor.java:285)
	at com.kms.katalon.core.common.CommonExecutor.accessTestCaseMainPhase(CommonExecutor.java:65)
	at com.kms.katalon.core.main.TestSuiteExecutor.accessTestSuiteMainPhase(TestSuiteExecutor.java:148)
	at com.kms.katalon.core.main.TestSuiteExecutor.execute(TestSuiteExecutor.java:106)
	at com.kms.katalon.core.main.TestCaseMain.startTestSuite(TestCaseMain.java:187)
	at com.kms.katalon.core.main.TestCaseMain$startTestSuite$0.call(Unknown Source)
	at TempTestSuite1700824657414.run(TempTestSuite1700824657414.groovy:36)
)

2023-11-24 12:18:39 - [TEST_STEP][PASSED] - if (verifyElementPresent(findTestObject("Object Repository/Connexion Usager/Btn_Parametres Avances"), 2, OPTIONAL)): com.kms.katalon.core.webui.exception.WebElementNotFoundException: Web element with id: 'Object Repository/Connexion Usager/Btn_Parametres Avances' located by '//*[@id="details-button"]' not found (Root cause: com.kms.katalon.core.exception.StepFailedException: com.kms.katalon.core.webui.exception.WebElementNotFoundException: Web element with id: 'Object Repository/Connexion Usager/Btn_Parametres Avances' located by '//*[@id="details-button"]' not found
	at com.kms.katalon.core.webui.keyword.internal.WebUIKeywordMain.stepFailed(WebUIKeywordMain.groovy:64)
	at com.kms.katalon.core.webui.keyword.builtin.VerifyElementPresentKeyword$_verifyElementPresent_closure1.doCall(VerifyElementPresentKeyword.groovy:85)
	at com.kms.katalon.core.webui.keyword.builtin.VerifyElementPresentKeyword$_verifyElementPresent_closure1.call(VerifyElementPresentKeyword.groovy)
	at com.kms.katalon.core.webui.keyword.internal.WebUIKeywordMain.runKeyword(WebUIKeywordMain.groovy:20)
	at com.kms.katalon.core.webui.keyword.builtin.VerifyElementPresentKeyword.verifyElementPresent(VerifyElementPresentKeyword.groovy:92)
	at com.kms.katalon.core.webui.keyword.builtin.VerifyElementPresentKeyword.execute(VerifyElementPresentKeyword.groovy:68)
	at com.kms.katalon.core.keyword.internal.KeywordExecutor.executeKeywordForPlatform(KeywordExecutor.groovy:74)
	at com.kms.katalon.core.webui.keyword.WebUiBuiltInKeywords.verifyElementPresent(WebUiBuiltInKeywords.groovy:1448)
	at com.kazurayam.ksbackyard.HighlightElement$_pandemic_closure1.doCall(HighlightElement.groovy:105)
	at Erreur lie a la confidentialite.run(Erreur lie a la confidentialite:43)
	at com.kms.katalon.core.main.ScriptEngine.run(ScriptEngine.java:194)
	at com.kms.katalon.core.main.ScriptEngine.runScriptAsRawText(ScriptEngine.java:119)
	at com.kms.katalon.core.main.TestCaseExecutor.runScript(TestCaseExecutor.java:448)
	at com.kms.katalon.core.main.TestCaseExecutor.doExecute(TestCaseExecutor.java:439)
	at com.kms.katalon.core.main.TestCaseExecutor.processExecutionPhase(TestCaseExecutor.java:418)
	at com.kms.katalon.core.main.TestCaseExecutor.accessMainPhase(TestCaseExecutor.java:410)
	at com.kms.katalon.core.main.TestCaseExecutor.execute(TestCaseExecutor.java:285)
	at com.kms.katalon.core.main.TestCaseMain.runTestCase(TestCaseMain.java:144)
	at com.kms.katalon.core.keyword.builtin.CallTestCaseKeyword$_callTestCase_closure1.doCall(CallTestCaseKeyword.groovy:59)
	at com.kms.katalon.core.keyword.builtin.CallTestCaseKeyword$_callTestCase_closure1.call(CallTestCaseKeyword.groovy)
	at com.kms.katalon.core.keyword.internal.KeywordMain.runKeyword(KeywordMain.groovy:75)
	at com.kms.katalon.core.keyword.builtin.CallTestCaseKeyword.callTestCase(CallTestCaseKeyword.groovy:81)
	at com.kms.katalon.core.keyword.builtin.CallTestCaseKeyword.execute(CallTestCaseKeyword.groovy:44)
	at com.kms.katalon.core.keyword.internal.KeywordExecutor.executeKeywordForPlatform(KeywordExecutor.groovy:74)
	at com.kms.katalon.core.keyword.BuiltinKeywords.callTestCase(BuiltinKeywords.groovy:310)
	at com.kazurayam.ksbackyard.HighlightElement$_pandemic_closure1.doCall(HighlightElement.groovy:105)
	at Identification.run(Identification:35)
	at com.kms.katalon.core.main.ScriptEngine.run(ScriptEngine.java:194)
	at com.kms.katalon.core.main.ScriptEngine.runScriptAsRawText(ScriptEngine.java:119)
	at com.kms.katalon.core.main.TestCaseExecutor.runScript(TestCaseExecutor.java:448)
	at com.kms.katalon.core.main.TestCaseExecutor.doExecute(TestCaseExecutor.java:439)
	at com.kms.katalon.core.main.TestCaseExecutor.processExecutionPhase(TestCaseExecutor.java:418)
	at com.kms.katalon.core.main.TestCaseExecutor.accessMainPhase(TestCaseExecutor.java:410)
	at com.kms.katalon.core.main.TestCaseExecutor.execute(TestCaseExecutor.java:285)
	at com.kms.katalon.core.main.TestCaseMain.runTestCase(TestCaseMain.java:144)
	at com.kms.katalon.core.keyword.builtin.CallTestCaseKeyword$_callTestCase_closure1.doCall(CallTestCaseKeyword.groovy:59)
	at com.kms.katalon.core.keyword.builtin.CallTestCaseKeyword$_callTestCase_closure1.call(CallTestCaseKeyword.groovy)
	at com.kms.katalon.core.keyword.internal.KeywordMain.runKeyword(KeywordMain.groovy:75)
	at com.kms.katalon.core.keyword.builtin.CallTestCaseKeyword.callTestCase(CallTestCaseKeyword.groovy:81)
	at com.kms.katalon.core.keyword.builtin.CallTestCaseKeyword.execute(CallTestCaseKeyword.groovy:44)
	at com.kms.katalon.core.keyword.internal.KeywordExecutor.executeKeywordForPlatform(KeywordExecutor.groovy:74)
	at com.kms.katalon.core.keyword.BuiltinKeywords.callTestCase(BuiltinKeywords.groovy:310)
	at com.kazurayam.ksbackyard.HighlightElement$_pandemic_closure1.doCall(HighlightElement.groovy:105)
	at TNR R.TSPT Supp90-Etudiant.run(TNR R.TSPT Supp90-Etudiant:35)
	at com.kms.katalon.core.main.ScriptEngine.run(ScriptEngine.java:194)
	at com.kms.katalon.core.main.ScriptEngine.runScriptAsRawText(ScriptEngine.java:119)
	at com.kms.katalon.core.main.TestCaseExecutor.runScript(TestCaseExecutor.java:448)
	at com.kms.katalon.core.main.TestCaseExecutor.doExecute(TestCaseExecutor.java:439)
	at com.kms.katalon.core.main.TestCaseExecutor.processExecutionPhase(TestCaseExecutor.java:418)
	at com.kms.katalon.core.main.TestCaseExecutor.accessMainPhase(TestCaseExecutor.java:410)
	at com.kms.katalon.core.main.TestCaseExecutor.execute(TestCaseExecutor.java:285)
	at com.kms.katalon.core.common.CommonExecutor.accessTestCaseMainPhase(CommonExecutor.java:65)
	at com.kms.katalon.core.main.TestSuiteExecutor.accessTestSuiteMainPhase(TestSuiteExecutor.java:148)
	at com.kms.katalon.core.main.TestSuiteExecutor.execute(TestSuiteExecutor.java:106)
	at com.kms.katalon.core.main.TestCaseMain.startTestSuite(TestCaseMain.java:187)
	at com.kms.katalon.core.main.TestCaseMain$startTestSuite$0.call(Unknown Source)
	at TempTestSuite1700824657414.run(TempTestSuite1700824657414.groovy:36)
)

2023-11-24 12:18:39 - [MESSAGE][INFO] - Finding Test Object 'Object Repository/Connexion Usager/Btn_Parametres Avances'

2023-11-24 12:18:40 - [MESSAGE][INFO] - Checking object

2023-11-24 12:18:40 - [MESSAGE][INFO] - Finding web element from Test Object's properties

2023-11-24 12:18:40 - [MESSAGE][INFO] - Checking timeout

2023-11-24 12:18:40 - [MESSAGE][INFO] - Finding web element with id: 'Object Repository/Connexion Usager/Btn_Parametres Avances' located by 'By.xpath: //*[@id="details-button"]' in '2' second(s)

2023-11-24 12:18:40 - [MESSAGE][INFO] - Smart Wait Function is triggered

2023-11-24 12:18:40 - [MESSAGE][INFO] - Smart Wait Function is triggered

2023-11-24 12:18:40 - [MESSAGE][INFO] - Smart Wait Function is triggered

2023-11-24 12:18:40 - [MESSAGE][INFO] - Smart Wait Function is triggered

2023-11-24 12:18:40 - [MESSAGE][INFO] - Smart Wait Function is triggered

2023-11-24 12:18:40 - [MESSAGE][INFO] - Smart Wait Function is triggered

2023-11-24 12:18:40 - [MESSAGE][INFO] - Smart Wait Function is triggered

2023-11-24 12:18:40 - [MESSAGE][INFO] - Smart Wait Function is triggered

2023-11-24 12:18:40 - [MESSAGE][INFO] - Smart Wait Function is triggered

2023-11-24 12:18:40 - [MESSAGE][INFO] - Smart Wait Function is triggered

2023-11-24 12:18:40 - [MESSAGE][INFO] - Smart Wait Function is triggered

2023-11-24 12:18:40 - [MESSAGE][INFO] - Smart Wait Function is triggered

2023-11-24 12:18:40 - [MESSAGE][INFO] - Smart Wait Function is triggered

2023-11-24 12:18:40 - [MESSAGE][INFO] - Smart Wait Function is triggered

2023-11-24 12:18:40 - [MESSAGE][INFO] - Smart Wait Function is triggered

2023-11-24 12:18:40 - [MESSAGE][INFO] - Smart Wait Function is triggered

2023-11-24 12:18:40 - [MESSAGE][INFO] - Smart Wait Function is triggered

2023-11-24 12:18:40 - [MESSAGE][INFO] - Smart Wait Function is triggered

2023-11-24 12:18:40 - [MESSAGE][INFO] - Smart Wait Function is triggered

2023-11-24 12:18:40 - [MESSAGE][INFO] - Smart Wait Function is triggered

2023-11-24 12:18:40 - [MESSAGE][INFO] - Smart Wait Function is triggered

2023-11-24 12:18:40 - [MESSAGE][INFO] - Smart Wait Function is triggered

2023-11-24 12:18:40 - [MESSAGE][INFO] - Smart Wait Function is triggered

2023-11-24 12:18:40 - [MESSAGE][INFO] - Smart Wait Function is triggered

2023-11-24 12:18:40 - [MESSAGE][INFO] - Smart Wait Function is triggered

2023-11-24 12:18:40 - [MESSAGE][INFO] - Smart Wait Function is triggered

2023-11-24 12:18:40 - [MESSAGE][INFO] - Smart Wait Function is triggered

2023-11-24 12:18:40 - [MESSAGE][INFO] - Smart Wait Function is triggered

2023-11-24 12:18:40 - [MESSAGE][INFO] - Smart Wait Function is triggered

2023-11-24 12:18:41 - [MESSAGE][INFO] - Smart Wait Function is triggered

2023-11-24 12:18:41 - [MESSAGE][INFO] - Smart Wait Function is triggered

2023-11-24 12:18:41 - [MESSAGE][INFO] - Smart Wait Function is triggered

2023-11-24 12:18:41 - [MESSAGE][INFO] - Smart Wait Function is triggered

2023-11-24 12:18:41 - [MESSAGE][INFO] - Smart Wait Function is triggered

2023-11-24 12:18:41 - [MESSAGE][INFO] - Smart Wait Function is triggered

2023-11-24 12:18:41 - [MESSAGE][INFO] - Smart Wait Function is triggered

2023-11-24 12:18:41 - [MESSAGE][INFO] - Smart Wait Function is triggered

2023-11-24 12:18:41 - [MESSAGE][INFO] - Smart Wait Function is triggered

2023-11-24 12:18:41 - [MESSAGE][INFO] - Smart Wait Function is triggered

2023-11-24 12:18:41 - [MESSAGE][INFO] - Smart Wait Function is triggered

2023-11-24 12:18:41 - [MESSAGE][INFO] - Smart Wait Function is triggered

2023-11-24 12:18:41 - [MESSAGE][INFO] - Smart Wait Function is triggered

2023-11-24 12:18:41 - [MESSAGE][INFO] - Smart Wait Function is triggered

2023-11-24 12:18:41 - [MESSAGE][INFO] - Smart Wait Function is triggered

2023-11-24 12:18:41 - [MESSAGE][INFO] - Smart Wait Function is triggered

2023-11-24 12:18:41 - [MESSAGE][INFO] - Smart Wait Function is triggered

2023-11-24 12:18:41 - [MESSAGE][INFO] - Smart Wait Function is triggered

2023-11-24 12:18:41 - [MESSAGE][INFO] - Smart Wait Function is triggered

2023-11-24 12:18:41 - [MESSAGE][INFO] - Smart Wait Function is triggered

2023-11-24 12:18:41 - [MESSAGE][INFO] - Smart Wait Function is triggered

2023-11-24 12:18:41 - [MESSAGE][INFO] - Smart Wait Function is triggered

2023-11-24 12:18:41 - [MESSAGE][INFO] - Smart Wait Function is triggered

2023-11-24 12:18:41 - [MESSAGE][INFO] - Smart Wait Function is triggered

2023-11-24 12:18:41 - [MESSAGE][INFO] - Smart Wait Function is triggered

2023-11-24 12:18:41 - [MESSAGE][INFO] - Smart Wait Function is triggered

2023-11-24 12:18:41 - [MESSAGE][INFO] - Smart Wait Function is triggered

2023-11-24 12:18:41 - [MESSAGE][INFO] - Smart Wait Function is triggered

2023-11-24 12:18:41 - [MESSAGE][INFO] - Smart Wait Function is triggered

2023-11-24 12:18:41 - [MESSAGE][INFO] - Smart Wait Function is triggered

2023-11-24 12:18:41 - [MESSAGE][INFO] - Smart Wait Function is triggered

2023-11-24 12:18:41 - [MESSAGE][INFO] - Smart Wait Function is triggered

2023-11-24 12:18:42 - [MESSAGE][INFO] - Smart Wait Function is triggered

2023-11-24 12:18:42 - [MESSAGE][INFO] - Smart Wait Function is triggered

2023-11-24 12:18:42 - [MESSAGE][INFO] - Smart Wait Function is triggered

2023-11-24 12:18:42 - [MESSAGE][INFO] - Smart Wait Function is triggered

2023-11-24 12:18:42 - [MESSAGE][INFO] - Smart Wait Function is triggered

2023-11-24 12:18:42 - [MESSAGE][INFO] - Smart Wait Function is triggered

2023-11-24 12:18:42 - [MESSAGE][INFO] - Smart Wait Function is triggered

2023-11-24 12:18:42 - [MESSAGE][INFO] - Smart Wait Function is triggered

2023-11-24 12:18:42 - [MESSAGE][INFO] - Smart Wait Function is triggered

2023-11-24 12:18:42 - [MESSAGE][INFO] - Smart Wait Function is triggered

2023-11-24 12:18:42 - [MESSAGE][INFO] - Smart Wait Function is triggered

2023-11-24 12:18:42 - [MESSAGE][INFO] - Smart Wait Function is triggered

2023-11-24 12:18:42 - [MESSAGE][INFO] - Smart Wait Function is triggered

2023-11-24 12:18:42 - [MESSAGE][INFO] - Smart Wait Function is triggered

2023-11-24 12:18:42 - [MESSAGE][INFO] - Smart Wait Function is triggered

2023-11-24 12:18:42 - [MESSAGE][INFO] - Smart Wait Function is triggered

2023-11-24 12:18:42 - [MESSAGE][INFO] - Smart Wait Function is triggered

2023-11-24 12:18:42 - [MESSAGE][INFO] - Smart Wait Function is triggered

2023-11-24 12:18:42 - [MESSAGE][INFO] - Smart Wait Function is triggered

2023-11-24 12:18:42 - [MESSAGE][INFO] - Smart Wait Function is triggered

2023-11-24 12:18:42 - [MESSAGE][INFO] - Smart Wait Function is triggered

2023-11-24 12:18:42 - [MESSAGE][INFO] - Smart Wait Function is triggered

2023-11-24 12:18:42 - [MESSAGE][INFO] - Smart Wait Function is triggered

2023-11-24 12:18:42 - [MESSAGE][INFO] - Smart Wait Function is triggered

2023-11-24 12:18:42 - [MESSAGE][INFO] - Smart Wait Function is triggered

2023-11-24 12:18:42 - [MESSAGE][INFO] - Smart Wait Function is triggered

2023-11-24 12:18:42 - [MESSAGE][INFO] - Smart Wait Function is triggered

2023-11-24 12:18:42 - [MESSAGE][INFO] - Smart Wait Function is triggered

2023-11-24 12:18:42 - [MESSAGE][INFO] - Smart Wait Function is triggered

2023-11-24 12:18:42 - [MESSAGE][INFO] - Smart Wait Function is triggered

2023-11-24 12:18:42 - [MESSAGE][INFO] - Smart Wait Function is triggered

2023-11-24 12:18:43 - [MESSAGE][INFO] - Smart Wait Function is triggered

2023-11-24 12:18:43 - [MESSAGE][INFO] - Smart Wait Function is triggered

2023-11-24 12:18:43 - [MESSAGE][INFO] - Smart Wait Function is triggered

2023-11-24 12:18:43 - [MESSAGE][INFO] - Unable to find the element located by 'By.xpath: //*[@id="details-button"]'. Please recheck the objects properties to make sure the desired element is located. 

2023-11-24 12:18:43 - [MESSAGE][WARNING] - com.kms.katalon.core.webui.exception.WebElementNotFoundException: Web element with id: 'Object Repository/Connexion Usager/Btn_Parametres Avances' located by '//*[@id="details-button"]' not found (Root cause: com.kms.katalon.core.exception.StepFailedException: com.kms.katalon.core.webui.exception.WebElementNotFoundException: Web element with id: 'Object Repository/Connexion Usager/Btn_Parametres Avances' located by '//*[@id="details-button"]' not found
	at com.kms.katalon.core.webui.keyword.internal.WebUIKeywordMain.stepFailed(WebUIKeywordMain.groovy:64)
	at com.kms.katalon.core.webui.keyword.builtin.VerifyElementPresentKeyword$_verifyElementPresent_closure1.doCall(VerifyElementPresentKeyword.groovy:85)
	at com.kms.katalon.core.webui.keyword.builtin.VerifyElementPresentKeyword$_verifyElementPresent_closure1.call(VerifyElementPresentKeyword.groovy)
	at com.kms.katalon.core.webui.keyword.internal.WebUIKeywordMain.runKeyword(WebUIKeywordMain.groovy:20)
	at com.kms.katalon.core.webui.keyword.builtin.VerifyElementPresentKeyword.verifyElementPresent(VerifyElementPresentKeyword.groovy:92)
	at com.kms.katalon.core.webui.keyword.builtin.VerifyElementPresentKeyword.execute(VerifyElementPresentKeyword.groovy:68)
	at com.kms.katalon.core.keyword.internal.KeywordExecutor.executeKeywordForPlatform(KeywordExecutor.groovy:74)
	at com.kms.katalon.core.webui.keyword.WebUiBuiltInKeywords.verifyElementPresent(WebUiBuiltInKeywords.groovy:1448)
	at com.kazurayam.ksbackyard.HighlightElement$_pandemic_closure1.doCall(HighlightElement.groovy:105)
	at Erreur lie a la confidentialite.run(Erreur lie a la confidentialite:43)
	at com.kms.katalon.core.main.ScriptEngine.run(ScriptEngine.java:194)
	at com.kms.katalon.core.main.ScriptEngine.runScriptAsRawText(ScriptEngine.java:119)
	at com.kms.katalon.core.main.TestCaseExecutor.runScript(TestCaseExecutor.java:448)
	at com.kms.katalon.core.main.TestCaseExecutor.doExecute(TestCaseExecutor.java:439)
	at com.kms.katalon.core.main.TestCaseExecutor.processExecutionPhase(TestCaseExecutor.java:418)
	at com.kms.katalon.core.main.TestCaseExecutor.accessMainPhase(TestCaseExecutor.java:410)
	at com.kms.katalon.core.main.TestCaseExecutor.execute(TestCaseExecutor.java:285)
	at com.kms.katalon.core.main.TestCaseMain.runTestCase(TestCaseMain.java:144)
	at com.kms.katalon.core.keyword.builtin.CallTestCaseKeyword$_callTestCase_closure1.doCall(CallTestCaseKeyword.groovy:59)
	at com.kms.katalon.core.keyword.builtin.CallTestCaseKeyword$_callTestCase_closure1.call(CallTestCaseKeyword.groovy)
	at com.kms.katalon.core.keyword.internal.KeywordMain.runKeyword(KeywordMain.groovy:75)
	at com.kms.katalon.core.keyword.builtin.CallTestCaseKeyword.callTestCase(CallTestCaseKeyword.groovy:81)
	at com.kms.katalon.core.keyword.builtin.CallTestCaseKeyword.execute(CallTestCaseKeyword.groovy:44)
	at com.kms.katalon.core.keyword.internal.KeywordExecutor.executeKeywordForPlatform(KeywordExecutor.groovy:74)
	at com.kms.katalon.core.keyword.BuiltinKeywords.callTestCase(BuiltinKeywords.groovy:310)
	at com.kazurayam.ksbackyard.HighlightElement$_pandemic_closure1.doCall(HighlightElement.groovy:105)
	at Identification.run(Identification:35)
	at com.kms.katalon.core.main.ScriptEngine.run(ScriptEngine.java:194)
	at com.kms.katalon.core.main.ScriptEngine.runScriptAsRawText(ScriptEngine.java:119)
	at com.kms.katalon.core.main.TestCaseExecutor.runScript(TestCaseExecutor.java:448)
	at com.kms.katalon.core.main.TestCaseExecutor.doExecute(TestCaseExecutor.java:439)
	at com.kms.katalon.core.main.TestCaseExecutor.processExecutionPhase(TestCaseExecutor.java:418)
	at com.kms.katalon.core.main.TestCaseExecutor.accessMainPhase(TestCaseExecutor.java:410)
	at com.kms.katalon.core.main.TestCaseExecutor.execute(TestCaseExecutor.java:285)
	at com.kms.katalon.core.main.TestCaseMain.runTestCase(TestCaseMain.java:144)
	at com.kms.katalon.core.keyword.builtin.CallTestCaseKeyword$_callTestCase_closure1.doCall(CallTestCaseKeyword.groovy:59)
	at com.kms.katalon.core.keyword.builtin.CallTestCaseKeyword$_callTestCase_closure1.call(CallTestCaseKeyword.groovy)
	at com.kms.katalon.core.keyword.internal.KeywordMain.runKeyword(KeywordMain.groovy:75)
	at com.kms.katalon.core.keyword.builtin.CallTestCaseKeyword.callTestCase(CallTestCaseKeyword.groovy:81)
	at com.kms.katalon.core.keyword.builtin.CallTestCaseKeyword.execute(CallTestCaseKeyword.groovy:44)
	at com.kms.katalon.core.keyword.internal.KeywordExecutor.executeKeywordForPlatform(KeywordExecutor.groovy:74)
	at com.kms.katalon.core.keyword.BuiltinKeywords.callTestCase(BuiltinKeywords.groovy:310)
	at com.kazurayam.ksbackyard.HighlightElement$_pandemic_closure1.doCall(HighlightElement.groovy:105)
	at TNR R.TSPT Supp90-Etudiant.run(TNR R.TSPT Supp90-Etudiant:35)
	at com.kms.katalon.core.main.ScriptEngine.run(ScriptEngine.java:194)
	at com.kms.katalon.core.main.ScriptEngine.runScriptAsRawText(ScriptEngine.java:119)
	at com.kms.katalon.core.main.TestCaseExecutor.runScript(TestCaseExecutor.java:448)
	at com.kms.katalon.core.main.TestCaseExecutor.doExecute(TestCaseExecutor.java:439)
	at com.kms.katalon.core.main.TestCaseExecutor.processExecutionPhase(TestCaseExecutor.java:418)
	at com.kms.katalon.core.main.TestCaseExecutor.accessMainPhase(TestCaseExecutor.java:410)
	at com.kms.katalon.core.main.TestCaseExecutor.execute(TestCaseExecutor.java:285)
	at com.kms.katalon.core.common.CommonExecutor.accessTestCaseMainPhase(CommonExecutor.java:65)
	at com.kms.katalon.core.main.TestSuiteExecutor.accessTestSuiteMainPhase(TestSuiteExecutor.java:148)
	at com.kms.katalon.core.main.TestSuiteExecutor.execute(TestSuiteExecutor.java:106)
	at com.kms.katalon.core.main.TestCaseMain.startTestSuite(TestCaseMain.java:187)
	at com.kms.katalon.core.main.TestCaseMain$startTestSuite$0.call(Unknown Source)
	at TempTestSuite1700824657414.run(TempTestSuite1700824657414.groovy:36)
)
[[ATTACHMENT|C:\\Users\\ISSAM.RHARBAOUI\\git\\22_11\\ANEF-AutomatizationProject\\Reports\\20231124_121737\\TS_TNR_R.TSPT_Suppo90\\20231124_121737\\1700824723108.png]]

2023-11-24 12:18:43 - [TEST_STEP][PASSED] - if (DriverName == "IE_DRIVER"): null

2023-11-24 12:18:43 - [TEST_STEP][PASSED] - delay(3): Delayed 3 second(s)

2023-11-24 12:18:43 - [MESSAGE][INFO] - Delaying browser in 3 second(s)

2023-11-24 12:18:46 - [MESSAGE][PASSED] - Delayed 3 second(s)

2023-11-24 12:18:46 - [MESSAGE][PASSED] - Call Test Case 'Test Cases/Test Reutilisable/Main/Erreur lie a la confidentialite' successfully

2023-11-24 12:18:46 - [TEST_STEP][PASSED] - delay(5): Delayed 5 second(s)

2023-11-24 12:18:46 - [MESSAGE][INFO] - Delaying browser in 5 second(s)

2023-11-24 12:18:51 - [MESSAGE][PASSED] - Delayed 5 second(s)

2023-11-24 12:18:51 - [TEST_STEP][PASSED] - setText(findTestObject("Object Repository/Connexion Usager/Input_Identifiant"), NumEtrangerVisa): Text '7703040876' is set on object 'Object Repository/Connexion Usager/Input_Identifiant'

2023-11-24 12:18:51 - [MESSAGE][INFO] - Finding Test Object 'Object Repository/Connexion Usager/Input_Identifiant'

2023-11-24 12:18:51 - [MESSAGE][INFO] - Checking timeout

2023-11-24 12:18:51 - [MESSAGE][INFO] - Finding web element with id: 'Object Repository/Connexion Usager/Input_Identifiant' located by 'By.xpath: //*[@id="login"]' in '20' second(s)

2023-11-24 12:18:51 - [MESSAGE][INFO] - Smart Wait Function is triggered

2023-11-24 12:18:51 - [MESSAGE][INFO] - Found 1 web elements with id: 'Object Repository/Connexion Usager/Input_Identifiant' located by 'By.xpath: //*[@id="login"]' in '20' second(s)

2023-11-24 12:18:51 - [MESSAGE][INFO] - Checking object

2023-11-24 12:18:51 - [MESSAGE][INFO] - Checking text

2023-11-24 12:18:51 - [MESSAGE][INFO] - Finding web element from Test Object's properties

2023-11-24 12:18:51 - [MESSAGE][INFO] - Checking timeout

2023-11-24 12:18:51 - [MESSAGE][INFO] - Finding web element with id: 'Object Repository/Connexion Usager/Input_Identifiant' located by 'By.xpath: //*[@id="login"]' in '5' second(s)

2023-11-24 12:18:51 - [MESSAGE][INFO] - Smart Wait Function is triggered

2023-11-24 12:18:51 - [MESSAGE][INFO] - Found 1 web elements with id: 'Object Repository/Connexion Usager/Input_Identifiant' located by 'By.xpath: //*[@id="login"]' in '5' second(s)

2023-11-24 12:18:51 - [MESSAGE][INFO] - Clearing text of object 'Object Repository/Connexion Usager/Input_Identifiant'

2023-11-24 12:18:53 - [MESSAGE][INFO] - Finding web element from Test Object's properties

2023-11-24 12:18:53 - [MESSAGE][INFO] - Checking timeout

2023-11-24 12:18:53 - [MESSAGE][INFO] - Finding web element with id: 'Object Repository/Connexion Usager/Input_Identifiant' located by 'By.xpath: //*[@id="login"]' in '5' second(s)

2023-11-24 12:18:53 - [MESSAGE][INFO] - Smart Wait Function is triggered

2023-11-24 12:18:53 - [MESSAGE][INFO] - Found 1 web elements with id: 'Object Repository/Connexion Usager/Input_Identifiant' located by 'By.xpath: //*[@id="login"]' in '5' second(s)

2023-11-24 12:18:53 - [MESSAGE][INFO] - Setting text of object 'Object Repository/Connexion Usager/Input_Identifiant' to value '7703040876'

2023-11-24 12:18:55 - [MESSAGE][PASSED] - Text '7703040876' is set on object 'Object Repository/Connexion Usager/Input_Identifiant'

2023-11-24 12:18:55 - [TEST_STEP][PASSED] - NumEtrangerVisa = NumEtrangerVisa: null

2023-11-24 12:18:55 - [TEST_STEP][PASSED] - setEncryptedText(findTestObject("Object Repository/Connexion Usager/Input_MDP"), Password): Text ****** has been set on object 'Object Repository/Connexion Usager/Input_MDP'

2023-11-24 12:18:55 - [MESSAGE][INFO] - Finding Test Object 'Object Repository/Connexion Usager/Input_MDP'

2023-11-24 12:18:55 - [MESSAGE][INFO] - Checking timeout

2023-11-24 12:18:55 - [MESSAGE][INFO] - Finding web element with id: 'Object Repository/Connexion Usager/Input_MDP' located by 'By.xpath: //*[@id="password"]' in '20' second(s)

2023-11-24 12:18:55 - [MESSAGE][INFO] - Smart Wait Function is triggered

2023-11-24 12:18:55 - [MESSAGE][INFO] - Found 1 web elements with id: 'Object Repository/Connexion Usager/Input_MDP' located by 'By.xpath: //*[@id="password"]' in '20' second(s)

2023-11-24 12:18:55 - [MESSAGE][INFO] - Checking object

2023-11-24 12:18:55 - [MESSAGE][INFO] - Checking text

2023-11-24 12:18:55 - [MESSAGE][INFO] - Finding web element from Test Object's properties

2023-11-24 12:18:55 - [MESSAGE][INFO] - Checking timeout

2023-11-24 12:18:55 - [MESSAGE][INFO] - Finding web element with id: 'Object Repository/Connexion Usager/Input_MDP' located by 'By.xpath: //*[@id="password"]' in '5' second(s)

2023-11-24 12:18:55 - [MESSAGE][INFO] - Smart Wait Function is triggered

2023-11-24 12:18:55 - [MESSAGE][INFO] - Found 1 web elements with id: 'Object Repository/Connexion Usager/Input_MDP' located by 'By.xpath: //*[@id="password"]' in '5' second(s)

2023-11-24 12:18:55 - [MESSAGE][INFO] - Clearing text of object 'Object Repository/Connexion Usager/Input_MDP'

2023-11-24 12:18:57 - [MESSAGE][INFO] - Setting  text of object 'Object Repository/Connexion Usager/Input_MDP' to value ******

2023-11-24 12:19:00 - [MESSAGE][PASSED] - Text ****** has been set on object 'Object Repository/Connexion Usager/Input_MDP'

2023-11-24 12:19:00 - [TEST_STEP][PASSED] - click(findTestObject("Object Repository/Connexion Usager/btn_Sidentifier")): Object: 'Object Repository/Connexion Usager/btn_Sidentifier' is clicked on

2023-11-24 12:19:00 - [MESSAGE][INFO] - Finding Test Object 'Object Repository/Connexion Usager/btn_Sidentifier'

2023-11-24 12:19:00 - [MESSAGE][INFO] - Checking timeout

2023-11-24 12:19:00 - [MESSAGE][INFO] - Finding web element with id: 'Object Repository/Connexion Usager/btn_Sidentifier' located by 'By.xpath: //*[@type= 'submit']' in '20' second(s)

2023-11-24 12:19:00 - [MESSAGE][INFO] - Smart Wait Function is triggered

2023-11-24 12:19:00 - [MESSAGE][INFO] - Found 1 web elements with id: 'Object Repository/Connexion Usager/btn_Sidentifier' located by 'By.xpath: //*[@type= 'submit']' in '20' second(s)

2023-11-24 12:19:00 - [MESSAGE][INFO] - Checking object

2023-11-24 12:19:00 - [MESSAGE][INFO] - Checking timeout

2023-11-24 12:19:00 - [MESSAGE][INFO] - Finding web element from Test Object's properties

2023-11-24 12:19:00 - [MESSAGE][INFO] - Checking timeout

2023-11-24 12:19:00 - [MESSAGE][INFO] - Finding web element with id: 'Object Repository/Connexion Usager/btn_Sidentifier' located by 'By.xpath: //*[@type= 'submit']' in '5' second(s)

2023-11-24 12:19:00 - [MESSAGE][INFO] - Smart Wait Function is triggered

2023-11-24 12:19:00 - [MESSAGE][INFO] - Found 1 web elements with id: 'Object Repository/Connexion Usager/btn_Sidentifier' located by 'By.xpath: //*[@type= 'submit']' in '5' second(s)

2023-11-24 12:19:00 - [MESSAGE][INFO] - Clicking on object: 'Object Repository/Connexion Usager/btn_Sidentifier'

2023-11-24 12:19:04 - [MESSAGE][PASSED] - Object: 'Object Repository/Connexion Usager/btn_Sidentifier' is clicked on

2023-11-24 12:19:04 - [TEST_STEP][PASSED] - delay(15): Delayed 15 second(s)

2023-11-24 12:19:04 - [MESSAGE][INFO] - Delaying browser in 15 second(s)

2023-11-24 12:19:19 - [MESSAGE][PASSED] - Delayed 15 second(s)

2023-11-24 12:19:19 - [TEST_STEP][PASSED] - verifyElementPresent(findTestObject("Object Repository/Page_Accueil_Usager/Span_MesNotifications"), 2, STOP_ON_FAILURE): Object 'Object Repository/Page_Accueil_Usager/Span_MesNotifications' is present

2023-11-24 12:19:19 - [MESSAGE][INFO] - Finding Test Object 'Object Repository/Page_Accueil_Usager/Span_MesNotifications'

2023-11-24 12:19:19 - [MESSAGE][INFO] - Checking object

2023-11-24 12:19:19 - [MESSAGE][INFO] - Finding web element from Test Object's properties

2023-11-24 12:19:19 - [MESSAGE][INFO] - Checking timeout

2023-11-24 12:19:19 - [MESSAGE][INFO] - Finding web element with id: 'Object Repository/Page_Accueil_Usager/Span_MesNotifications' located by 'By.xpath: //*[@id="navBar-new"]/nav/div[3]/div/div/ul/li[1]/a/span' in '2' second(s)

2023-11-24 12:19:19 - [MESSAGE][INFO] - Smart Wait Function is triggered

2023-11-24 12:19:19 - [MESSAGE][INFO] - Found 1 web elements with id: 'Object Repository/Page_Accueil_Usager/Span_MesNotifications' located by 'By.xpath: //*[@id="navBar-new"]/nav/div[3]/div/div/ul/li[1]/a/span' in '2' second(s)

2023-11-24 12:19:19 - [MESSAGE][PASSED] - Object 'Object Repository/Page_Accueil_Usager/Span_MesNotifications' is present

2023-11-24 12:19:19 - [TEST_STEP][PASSED] - if (Profiles == "Agent"): null

2023-11-24 12:19:19 - [TEST_STEP][PASSED] - else: null

2023-11-24 12:19:19 - [TEST_STEP][PASSED] - println("Vérifier le Portail de votre connexion Usager ou Agent"): null

2023-11-24 12:19:19 - [MESSAGE][PASSED] - Call Test Case 'Test Cases/Test Reutilisable/Main/Identification' successfully

2023-11-24 12:19:19 - [TEST_STEP][PASSED] - callTestCase(findTestCase("Test Reutilisable/DemandeOuRenouvelle_TitreSejour/DemandeOuRenouvelleTitreSejour"), [:], STOP_ON_FAILURE): Call Test Case 'Test Cases/Test Reutilisable/DemandeOuRenouvelle_TitreSejour/DemandeOuRenouvelleTitreSejour' successfully

2023-11-24 12:19:19 - [MESSAGE][INFO] - Checking called Test Case

2023-11-24 12:19:19 - [MESSAGE][INFO] - Starting to call Test Case 'Test Cases/Test Reutilisable/DemandeOuRenouvelle_TitreSejour/DemandeOuRenouvelleTitreSejour'

2023-11-24 12:19:20 - [TEST_CASE][PASSED] - Test Cases/Test Reutilisable/DemandeOuRenouvelle_TitreSejour/DemandeOuRenouvelleTitreSejour: Test Cases/Test Reutilisable/DemandeOuRenouvelle_TitreSejour/DemandeOuRenouvelleTitreSejour

2023-11-24 12:19:20 - [TEST_STEP][PASSED] - com.kazurayam.ksbackyard.HighlightElement.pandemic(): com.kazurayam.ksbackyard.HighlightElement.pandemic is PASSED

2023-11-24 12:19:20 - [MESSAGE][PASSED] - com.kazurayam.ksbackyard.HighlightElement.pandemic is PASSED

2023-11-24 12:19:20 - [TEST_STEP][PASSED] - delay(3): Delayed 3 second(s)

2023-11-24 12:19:20 - [MESSAGE][INFO] - Delaying browser in 3 second(s)

2023-11-24 12:19:23 - [MESSAGE][PASSED] - Delayed 3 second(s)

2023-11-24 12:19:23 - [TEST_STEP][PASSED] - doubleClick(findTestObject("Object Repository/Page_Accueil_Usager/btn_DemandeOuRenouvelleTitreSejour")): Object: 'Object Repository/Page_Accueil_Usager/btn_DemandeOuRenouvelleTitreSejour' is double clicked on

2023-11-24 12:19:23 - [MESSAGE][INFO] - Finding Test Object 'Object Repository/Page_Accueil_Usager/btn_DemandeOuRenouvelleTitreSejour'

2023-11-24 12:19:23 - [MESSAGE][INFO] - Checking object

2023-11-24 12:19:23 - [MESSAGE][INFO] - Finding web element from Test Object's properties

2023-11-24 12:19:23 - [MESSAGE][INFO] - Checking timeout

2023-11-24 12:19:23 - [MESSAGE][INFO] - Finding web element with id: 'Object Repository/Page_Accueil_Usager/btn_DemandeOuRenouvelleTitreSejour' located by 'By.xpath: //app-portal//app-portal-root/app-default-root-content/div/div/anef-tile[1]/a/span/span[2]' in '5' second(s)

2023-11-24 12:19:23 - [MESSAGE][INFO] - Smart Wait Function is triggered

2023-11-24 12:19:23 - [MESSAGE][INFO] - Found 1 web elements with id: 'Object Repository/Page_Accueil_Usager/btn_DemandeOuRenouvelleTitreSejour' located by 'By.xpath: //app-portal//app-portal-root/app-default-root-content/div/div/anef-tile[1]/a/span/span[2]' in '5' second(s)

2023-11-24 12:19:23 - [MESSAGE][INFO] - Double clicking on object: 'Object Repository/Page_Accueil_Usager/btn_DemandeOuRenouvelleTitreSejour'

2023-11-24 12:19:23 - [MESSAGE][PASSED] - Object: 'Object Repository/Page_Accueil_Usager/btn_DemandeOuRenouvelleTitreSejour' is double clicked on

2023-11-24 12:19:23 - [TEST_STEP][PASSED] - delay(3): Delayed 3 second(s)

2023-11-24 12:19:23 - [MESSAGE][INFO] - Delaying browser in 3 second(s)

2023-11-24 12:19:26 - [MESSAGE][PASSED] - Delayed 3 second(s)

2023-11-24 12:19:26 - [TEST_STEP][PASSED] - switch (PourQui): null

2023-11-24 12:19:26 - [TEST_STEP][PASSED] - case "Moi-même":: null

2023-11-24 12:19:26 - [TEST_STEP][PASSED] - check(findTestObject("Object Repository/Page_Accueil_Usager/CheckBox_Moi-meme")): Object 'Object Repository/Page_Accueil_Usager/CheckBox_Moi-meme' is checked

2023-11-24 12:19:26 - [MESSAGE][INFO] - Finding Test Object 'Object Repository/Page_Accueil_Usager/CheckBox_Moi-meme'

2023-11-24 12:19:26 - [MESSAGE][INFO] - Checking object

2023-11-24 12:19:26 - [MESSAGE][INFO] - Finding web element from Test Object's properties

2023-11-24 12:19:26 - [MESSAGE][INFO] - Checking timeout

2023-11-24 12:19:26 - [MESSAGE][INFO] - Finding web element with id: 'Object Repository/Page_Accueil_Usager/CheckBox_Moi-meme' located by 'By.xpath: //*/div[1]/app-radio-tree-button/div/p-radiobutton/div/div[2]/span' in '5' second(s)

2023-11-24 12:19:26 - [MESSAGE][INFO] - Smart Wait Function is triggered

2023-11-24 12:19:27 - [MESSAGE][INFO] - Found 1 web elements with id: 'Object Repository/Page_Accueil_Usager/CheckBox_Moi-meme' located by 'By.xpath: //*/div[1]/app-radio-tree-button/div/p-radiobutton/div/div[2]/span' in '5' second(s)

2023-11-24 12:19:27 - [MESSAGE][INFO] - Checking on bject 'Object Repository/Page_Accueil_Usager/CheckBox_Moi-meme'

2023-11-24 12:19:29 - [MESSAGE][PASSED] - Object 'Object Repository/Page_Accueil_Usager/CheckBox_Moi-meme' is checked

2023-11-24 12:19:29 - [TEST_STEP][PASSED] - break: null

2023-11-24 12:19:29 - [TEST_STEP][PASSED] - click(findTestObject("Object Repository/Page_Accueil_Usager/btn_JeContinue")): Object: 'Object Repository/Page_Accueil_Usager/btn_JeContinue' is clicked on

2023-11-24 12:19:29 - [MESSAGE][INFO] - Finding Test Object 'Object Repository/Page_Accueil_Usager/btn_JeContinue'

2023-11-24 12:19:29 - [MESSAGE][INFO] - Checking timeout

2023-11-24 12:19:29 - [MESSAGE][INFO] - Finding web element with id: 'Object Repository/Page_Accueil_Usager/btn_JeContinue' located by 'By.xpath: //*[@ng-reflect-label='Je continue']|/html/body/app-root/div/app-portal/main/app-triage-demandeur/div/div/div/form/div[2]/button/span' in '20' second(s)

2023-11-24 12:19:29 - [MESSAGE][INFO] - Smart Wait Function is triggered

2023-11-24 12:19:29 - [MESSAGE][INFO] - Found 1 web elements with id: 'Object Repository/Page_Accueil_Usager/btn_JeContinue' located by 'By.xpath: //*[@ng-reflect-label='Je continue']|/html/body/app-root/div/app-portal/main/app-triage-demandeur/div/div/div/form/div[2]/button/span' in '20' second(s)

2023-11-24 12:19:29 - [MESSAGE][INFO] - Checking object

2023-11-24 12:19:29 - [MESSAGE][INFO] - Checking timeout

2023-11-24 12:19:29 - [MESSAGE][INFO] - Finding web element from Test Object's properties

2023-11-24 12:19:29 - [MESSAGE][INFO] - Checking timeout

2023-11-24 12:19:29 - [MESSAGE][INFO] - Finding web element with id: 'Object Repository/Page_Accueil_Usager/btn_JeContinue' located by 'By.xpath: //*[@ng-reflect-label='Je continue']|/html/body/app-root/div/app-portal/main/app-triage-demandeur/div/div/div/form/div[2]/button/span' in '5' second(s)

2023-11-24 12:19:29 - [MESSAGE][INFO] - Smart Wait Function is triggered

2023-11-24 12:19:29 - [MESSAGE][INFO] - Found 1 web elements with id: 'Object Repository/Page_Accueil_Usager/btn_JeContinue' located by 'By.xpath: //*[@ng-reflect-label='Je continue']|/html/body/app-root/div/app-portal/main/app-triage-demandeur/div/div/div/form/div[2]/button/span' in '5' second(s)

2023-11-24 12:19:29 - [MESSAGE][INFO] - Clicking on object: 'Object Repository/Page_Accueil_Usager/btn_JeContinue'

2023-11-24 12:19:31 - [MESSAGE][PASSED] - Object: 'Object Repository/Page_Accueil_Usager/btn_JeContinue' is clicked on

2023-11-24 12:19:31 - [MESSAGE][PASSED] - Call Test Case 'Test Cases/Test Reutilisable/DemandeOuRenouvelle_TitreSejour/DemandeOuRenouvelleTitreSejour' successfully

2023-11-24 12:19:31 - [TEST_STEP][PASSED] - callTestCase(findTestCase("Test Reutilisable/DemandeOuRenouvelle_TitreSejour/FormulaireTypeDeTitreDeSejour"), ["TypeTitreDeSejour":TypeTitreDeSejour, "Titre":Titre], STOP_ON_FAILURE): Call Test Case 'Test Cases/Test Reutilisable/DemandeOuRenouvelle_TitreSejour/FormulaireTypeDeTitreDeSejour' successfully

2023-11-24 12:19:31 - [MESSAGE][INFO] - Checking called Test Case

2023-11-24 12:19:31 - [MESSAGE][INFO] - Starting to call Test Case 'Test Cases/Test Reutilisable/DemandeOuRenouvelle_TitreSejour/FormulaireTypeDeTitreDeSejour'

2023-11-24 12:19:31 - [TEST_CASE][PASSED] - Test Cases/Test Reutilisable/DemandeOuRenouvelle_TitreSejour/FormulaireTypeDeTitreDeSejour: Test Cases/Test Reutilisable/DemandeOuRenouvelle_TitreSejour/FormulaireTypeDeTitreDeSejour

2023-11-24 12:19:32 - [TEST_STEP][PASSED] - com.kazurayam.ksbackyard.HighlightElement.pandemic(): com.kazurayam.ksbackyard.HighlightElement.pandemic is PASSED

2023-11-24 12:19:32 - [MESSAGE][PASSED] - com.kazurayam.ksbackyard.HighlightElement.pandemic is PASSED

2023-11-24 12:19:32 - [TEST_STEP][PASSED] - delay(10): Delayed 10 second(s)

2023-11-24 12:19:32 - [MESSAGE][INFO] - Delaying browser in 10 second(s)

2023-11-24 12:19:42 - [MESSAGE][PASSED] - Delayed 10 second(s)

2023-11-24 12:19:42 - [TEST_STEP][PASSED] - switch (TypeTitreDeSejour): null

2023-11-24 12:19:42 - [TEST_STEP][PASSED] - case "ChercheurEtChercheurEnMobilite":: null

2023-11-24 12:19:42 - [TEST_STEP][PASSED] - if (Titre == "Visiteur" || Titre == "Etudiant"): Object: 'Object Repository/Page_DemarcheRenouvellement/Btn_JeContinue' is clicked on

2023-11-24 12:19:42 - [TEST_STEP][PASSED] - check(findTestObject("Object Repository/Page_DemarcheRenouvellement/CheckBox_SolliciteTS_PasseportTalent")): Object 'Object Repository/Page_DemarcheRenouvellement/CheckBox_SolliciteTS_PasseportTalent' is checked

2023-11-24 12:19:42 - [MESSAGE][INFO] - Finding Test Object 'Object Repository/Page_DemarcheRenouvellement/CheckBox_SolliciteTS_PasseportTalent'

2023-11-24 12:19:42 - [MESSAGE][INFO] - Checking object

2023-11-24 12:19:42 - [MESSAGE][INFO] - Finding web element from Test Object's properties

2023-11-24 12:19:42 - [MESSAGE][INFO] - Checking timeout

2023-11-24 12:19:42 - [MESSAGE][INFO] - Finding web element with id: 'Object Repository/Page_DemarcheRenouvellement/CheckBox_SolliciteTS_PasseportTalent' located by 'By.xpath: //*/div[3]/app-radio-tree-button/div/p-radiobutton/div/div[2]/span' in '5' second(s)

2023-11-24 12:19:42 - [MESSAGE][INFO] - Smart Wait Function is triggered

2023-11-24 12:19:42 - [MESSAGE][INFO] - Found 1 web elements with id: 'Object Repository/Page_DemarcheRenouvellement/CheckBox_SolliciteTS_PasseportTalent' located by 'By.xpath: //*/div[3]/app-radio-tree-button/div/p-radiobutton/div/div[2]/span' in '5' second(s)

2023-11-24 12:19:42 - [MESSAGE][INFO] - Checking on bject 'Object Repository/Page_DemarcheRenouvellement/CheckBox_SolliciteTS_PasseportTalent'

2023-11-24 12:19:44 - [MESSAGE][PASSED] - Object 'Object Repository/Page_DemarcheRenouvellement/CheckBox_SolliciteTS_PasseportTalent' is checked

2023-11-24 12:19:44 - [TEST_STEP][PASSED] - check(findTestObject("Object Repository/Page_DemarcheRenouvellement/CheckBox_SolliciteTS_ChercheurEtChercheurEnMobilite")): Object 'Object Repository/Page_DemarcheRenouvellement/CheckBox_SolliciteTS_ChercheurEtChercheurEnMobilite' is checked

2023-11-24 12:19:44 - [MESSAGE][INFO] - Finding Test Object 'Object Repository/Page_DemarcheRenouvellement/CheckBox_SolliciteTS_ChercheurEtChercheurEnMobilite'

2023-11-24 12:19:44 - [MESSAGE][INFO] - Checking object

2023-11-24 12:19:44 - [MESSAGE][INFO] - Finding web element from Test Object's properties

2023-11-24 12:19:44 - [MESSAGE][INFO] - Checking timeout

2023-11-24 12:19:44 - [MESSAGE][INFO] - Finding web element with id: 'Object Repository/Page_DemarcheRenouvellement/CheckBox_SolliciteTS_ChercheurEtChercheurEnMobilite' located by 'By.xpath: //div/form/div[1]/div[2]/fieldset/div[3]/app-radio-tree-button/div/div/div[2]/app-radio-tree-button/div/p-radiobutton/div/div[2]/span' in '5' second(s)

2023-11-24 12:19:44 - [MESSAGE][INFO] - Smart Wait Function is triggered

2023-11-24 12:19:44 - [MESSAGE][INFO] - Found 1 web elements with id: 'Object Repository/Page_DemarcheRenouvellement/CheckBox_SolliciteTS_ChercheurEtChercheurEnMobilite' located by 'By.xpath: //div/form/div[1]/div[2]/fieldset/div[3]/app-radio-tree-button/div/div/div[2]/app-radio-tree-button/div/p-radiobutton/div/div[2]/span' in '5' second(s)

2023-11-24 12:19:44 - [MESSAGE][INFO] - Checking on bject 'Object Repository/Page_DemarcheRenouvellement/CheckBox_SolliciteTS_ChercheurEtChercheurEnMobilite'

2023-11-24 12:19:46 - [MESSAGE][PASSED] - Object 'Object Repository/Page_DemarcheRenouvellement/CheckBox_SolliciteTS_ChercheurEtChercheurEnMobilite' is checked

2023-11-24 12:19:46 - [TEST_STEP][PASSED] - click(findTestObject("Object Repository/Page_DemarcheRenouvellement/btn_JeCommence")): Object: 'Object Repository/Page_DemarcheRenouvellement/btn_JeCommence' is clicked on

2023-11-24 12:19:46 - [MESSAGE][INFO] - Finding Test Object 'Object Repository/Page_DemarcheRenouvellement/btn_JeCommence'

2023-11-24 12:19:46 - [MESSAGE][INFO] - Checking timeout

2023-11-24 12:19:46 - [MESSAGE][INFO] - Finding web element with id: 'Object Repository/Page_DemarcheRenouvellement/btn_JeCommence' located by 'By.xpath: //app-informations-declaration//app-actions-bar//button/span[contains(.,'Je continue')]|//app-informations-demande-ptsq//app-actions-bar//button/span[contains(.,'Je continue')]|//*/div[2]/button/span|//button[@type="submit" and contains(., 'Je commence')]|//button[@type="submit" and contains(., 'Je continue')]' in '20' second(s)

2023-11-24 12:19:46 - [MESSAGE][INFO] - Smart Wait Function is triggered

2023-11-24 12:19:46 - [MESSAGE][INFO] - Found 1 web elements with id: 'Object Repository/Page_DemarcheRenouvellement/btn_JeCommence' located by 'By.xpath: //app-informations-declaration//app-actions-bar//button/span[contains(.,'Je continue')]|//app-informations-demande-ptsq//app-actions-bar//button/span[contains(.,'Je continue')]|//*/div[2]/button/span|//button[@type="submit" and contains(., 'Je commence')]|//button[@type="submit" and contains(., 'Je continue')]' in '20' second(s)

2023-11-24 12:19:47 - [MESSAGE][INFO] - Checking object

2023-11-24 12:19:47 - [MESSAGE][INFO] - Checking timeout

2023-11-24 12:19:47 - [MESSAGE][INFO] - Finding web element from Test Object's properties

2023-11-24 12:19:47 - [MESSAGE][INFO] - Checking timeout

2023-11-24 12:19:47 - [MESSAGE][INFO] - Finding web element with id: 'Object Repository/Page_DemarcheRenouvellement/btn_JeCommence' located by 'By.xpath: //app-informations-declaration//app-actions-bar//button/span[contains(.,'Je continue')]|//app-informations-demande-ptsq//app-actions-bar//button/span[contains(.,'Je continue')]|//*/div[2]/button/span|//button[@type="submit" and contains(., 'Je commence')]|//button[@type="submit" and contains(., 'Je continue')]' in '5' second(s)

2023-11-24 12:19:47 - [MESSAGE][INFO] - Smart Wait Function is triggered

2023-11-24 12:19:47 - [MESSAGE][INFO] - Found 1 web elements with id: 'Object Repository/Page_DemarcheRenouvellement/btn_JeCommence' located by 'By.xpath: //app-informations-declaration//app-actions-bar//button/span[contains(.,'Je continue')]|//app-informations-demande-ptsq//app-actions-bar//button/span[contains(.,'Je continue')]|//*/div[2]/button/span|//button[@type="submit" and contains(., 'Je commence')]|//button[@type="submit" and contains(., 'Je continue')]' in '5' second(s)

2023-11-24 12:19:47 - [MESSAGE][INFO] - Clicking on object: 'Object Repository/Page_DemarcheRenouvellement/btn_JeCommence'

2023-11-24 12:19:49 - [MESSAGE][PASSED] - Object: 'Object Repository/Page_DemarcheRenouvellement/btn_JeCommence' is clicked on

2023-11-24 12:19:49 - [TEST_STEP][PASSED] - delay(3): Delayed 3 second(s)

2023-11-24 12:19:49 - [MESSAGE][INFO] - Delaying browser in 3 second(s)

2023-11-24 12:19:52 - [MESSAGE][PASSED] - Delayed 3 second(s)

2023-11-24 12:19:52 - [TEST_STEP][PASSED] - click(findTestObject("Object Repository/Page_DemarcheRenouvellement/Btn_JeContinue")): Object: 'Object Repository/Page_DemarcheRenouvellement/Btn_JeContinue' is clicked on

2023-11-24 12:19:52 - [MESSAGE][INFO] - Finding Test Object 'Object Repository/Page_DemarcheRenouvellement/Btn_JeContinue'

2023-11-24 12:19:52 - [MESSAGE][INFO] - Checking timeout

2023-11-24 12:19:52 - [MESSAGE][INFO] - Finding web element with id: 'Object Repository/Page_DemarcheRenouvellement/Btn_JeContinue' located by 'By.xpath: //button[@type="submit" and contains(., 'Je commence')]|//span[@class="ui-button-text ui-clickable" and contains(., 'Je continue')]|//app-informations-declaration//app-actions-bar//button/span[contains(.,'Je continue')]|//app-informations-demande-ptch/div/app-actions-bar/div/div[2]/div/div[2]/button/span' in '20' second(s)

2023-11-24 12:19:52 - [MESSAGE][INFO] - Smart Wait Function is triggered

2023-11-24 12:19:52 - [MESSAGE][INFO] - Found 1 web elements with id: 'Object Repository/Page_DemarcheRenouvellement/Btn_JeContinue' located by 'By.xpath: //button[@type="submit" and contains(., 'Je commence')]|//span[@class="ui-button-text ui-clickable" and contains(., 'Je continue')]|//app-informations-declaration//app-actions-bar//button/span[contains(.,'Je continue')]|//app-informations-demande-ptch/div/app-actions-bar/div/div[2]/div/div[2]/button/span' in '20' second(s)

2023-11-24 12:19:52 - [MESSAGE][INFO] - Checking object

2023-11-24 12:19:52 - [MESSAGE][INFO] - Checking timeout

2023-11-24 12:19:52 - [MESSAGE][INFO] - Finding web element from Test Object's properties

2023-11-24 12:19:52 - [MESSAGE][INFO] - Checking timeout

2023-11-24 12:19:52 - [MESSAGE][INFO] - Finding web element with id: 'Object Repository/Page_DemarcheRenouvellement/Btn_JeContinue' located by 'By.xpath: //button[@type="submit" and contains(., 'Je commence')]|//span[@class="ui-button-text ui-clickable" and contains(., 'Je continue')]|//app-informations-declaration//app-actions-bar//button/span[contains(.,'Je continue')]|//app-informations-demande-ptch/div/app-actions-bar/div/div[2]/div/div[2]/button/span' in '5' second(s)

2023-11-24 12:19:52 - [MESSAGE][INFO] - Smart Wait Function is triggered

[...]
Reason:
groovy.lang.MissingPropertyException: No such property: f for class: Script1695813884754
	at FormulaireJustificatifs.run(FormulaireJustificatifs:187)
	at com.kms.katalon.core.main.ScriptEngine.run(ScriptEngine.java:194)
	at com.kms.katalon.core.main.ScriptEngine.runScriptAsRawText(ScriptEngine.java:119)
	at com.kms.katalon.core.main.TestCaseExecutor.runScript(TestCaseExecutor.java:448)
	at com.kms.katalon.core.main.TestCaseExecutor.doExecute(TestCaseExecutor.java:439)
	at com.kms.katalon.core.main.TestCaseExecutor.processExecutionPhase(TestCaseExecutor.java:418)
	at com.kms.katalon.core.main.TestCaseExecutor.accessMainPhase(TestCaseExecutor.java:410)
	at com.kms.katalon.core.main.TestCaseExecutor.execute(TestCaseExecutor.java:285)
	at com.kms.katalon.core.main.TestCaseMain.runTestCase(TestCaseMain.java:144)
	at com.kms.katalon.core.keyword.builtin.CallTestCaseKeyword$_callTestCase_closure1.doCall(CallTestCaseKeyword.groovy:59)
	at com.kms.katalon.core.keyword.builtin.CallTestCaseKeyword$_callTestCase_closure1.call(CallTestCaseKeyword.groovy)
	at com.kms.katalon.core.keyword.internal.KeywordMain.runKeyword(KeywordMain.groovy:75)
	at com.kms.katalon.core.keyword.builtin.CallTestCaseKeyword.callTestCase(CallTestCaseKeyword.groovy:81)
	at com.kms.katalon.core.keyword.builtin.CallTestCaseKeyword.execute(CallTestCaseKeyword.groovy:44)
	at com.kms.katalon.core.keyword.internal.KeywordExecutor.executeKeywordForPlatform(KeywordExecutor.groovy:74)
	at com.kms.katalon.core.keyword.BuiltinKeywords.callTestCase(BuiltinKeywords.groovy:310)
	at com.kazurayam.ksbackyard.HighlightElement$_pandemic_closure1.doCall(HighlightElement.groovy:105)
	at TNR R.TSPT Supp90-Etudiant.run(TNR R.TSPT Supp90-Etudiant:62)
	at com.kms.katalon.core.main.ScriptEngine.run(ScriptEngine.java:194)
	at com.kms.katalon.core.main.ScriptEngine.runScriptAsRawText(ScriptEngine.java:119)
	at com.kms.katalon.core.main.TestCaseExecutor.runScript(TestCaseExecutor.java:448)
	at com.kms.katalon.core.main.TestCaseExecutor.doExecute(TestCaseExecutor.java:439)
	at com.kms.katalon.core.main.TestCaseExecutor.processExecutionPhase(TestCaseExecutor.java:418)
	at com.kms.katalon.core.main.TestCaseExecutor.accessMainPhase(TestCaseExecutor.java:410)
	at com.kms.katalon.core.main.TestCaseExecutor.execute(TestCaseExecutor.java:285)
	at com.kms.katalon.core.common.CommonExecutor.accessTestCaseMainPhase(CommonExecutor.java:65)
	at com.kms.katalon.core.main.TestSuiteExecutor.accessTestSuiteMainPhase(TestSuiteExecutor.java:148)
	at com.kms.katalon.core.main.TestSuiteExecutor.execute(TestSuiteExecutor.java:106)
	at com.kms.katalon.core.main.TestCaseMain.startTestSuite(TestCaseMain.java:187)
	at com.kms.katalon.core.main.TestCaseMain$startTestSuite$0.call(Unknown Source)
	at TempTestSuite1700824657414.run(TempTestSuite1700824657414.groovy:36)


2023-11-24 12:27:24 - [MESSAGE][FAILED] - Unable to call Test Case 'Test Cases/Test Reutilisable/DemandeOuRenouvelle_TitreSejour/FormulaireJustificatifs' (Root cause: com.kms.katalon.core.exception.StepErrorException: Call Test Case 'Test Cases/Test Reutilisable/DemandeOuRenouvelle_TitreSejour/FormulaireJustificatifs' failed because of error(s)
	at com.kms.katalon.core.keyword.builtin.CallTestCaseKeyword$_callTestCase_closure1.doCall(CallTestCaseKeyword.groovy:66)
	at com.kms.katalon.core.keyword.builtin.CallTestCaseKeyword$_callTestCase_closure1.call(CallTestCaseKeyword.groovy)
	at com.kms.katalon.core.keyword.internal.KeywordMain.runKeyword(KeywordMain.groovy:75)
	at com.kms.katalon.core.keyword.builtin.CallTestCaseKeyword.callTestCase(CallTestCaseKeyword.groovy:81)
	at com.kms.katalon.core.keyword.builtin.CallTestCaseKeyword.execute(CallTestCaseKeyword.groovy:44)
	at com.kms.katalon.core.keyword.internal.KeywordExecutor.executeKeywordForPlatform(KeywordExecutor.groovy:74)
	at com.kms.katalon.core.keyword.BuiltinKeywords.callTestCase(BuiltinKeywords.groovy:310)
	at com.kazurayam.ksbackyard.HighlightElement$_pandemic_closure1.doCall(HighlightElement.groovy:105)
	at TNR R.TSPT Supp90-Etudiant.run(TNR R.TSPT Supp90-Etudiant:62)
	at com.kms.katalon.core.main.ScriptEngine.run(ScriptEngine.java:194)
	at com.kms.katalon.core.main.ScriptEngine.runScriptAsRawText(ScriptEngine.java:119)
	at com.kms.katalon.core.main.TestCaseExecutor.runScript(TestCaseExecutor.java:448)
	at com.kms.katalon.core.main.TestCaseExecutor.doExecute(TestCaseExecutor.java:439)
	at com.kms.katalon.core.main.TestCaseExecutor.processExecutionPhase(TestCaseExecutor.java:418)
	at com.kms.katalon.core.main.TestCaseExecutor.accessMainPhase(TestCaseExecutor.java:410)
	at com.kms.katalon.core.main.TestCaseExecutor.execute(TestCaseExecutor.java:285)
	at com.kms.katalon.core.common.CommonExecutor.accessTestCaseMainPhase(CommonExecutor.java:65)
	at com.kms.katalon.core.main.TestSuiteExecutor.accessTestSuiteMainPhase(TestSuiteExecutor.java:148)
	at com.kms.katalon.core.main.TestSuiteExecutor.execute(TestSuiteExecutor.java:106)
	at com.kms.katalon.core.main.TestCaseMain.startTestSuite(TestCaseMain.java:187)
	at com.kms.katalon.core.main.TestCaseMain$startTestSuite$0.call(Unknown Source)
	at TempTestSuite1700824657414.run(TempTestSuite1700824657414.groovy:36)
Caused by: groovy.lang.MissingPropertyException: No such property: f for class: Script1695813884754
	at FormulaireJustificatifs.run(FormulaireJustificatifs:187)
	at com.kms.katalon.core.main.ScriptEngine.run(ScriptEngine.java:194)
	at com.kms.katalon.core.main.ScriptEngine.runScriptAsRawText(ScriptEngine.java:119)
	at com.kms.katalon.core.main.TestCaseExecutor.runScript(TestCaseExecutor.java:448)
	at com.kms.katalon.core.main.TestCaseExecutor.doExecute(TestCaseExecutor.java:439)
	at com.kms.katalon.core.main.TestCaseExecutor.processExecutionPhase(TestCaseExecutor.java:418)
	at com.kms.katalon.core.main.TestCaseExecutor.accessMainPhase(TestCaseExecutor.java:410)
	at com.kms.katalon.core.main.TestCaseExecutor.execute(TestCaseExecutor.java:285)
	at com.kms.katalon.core.main.TestCaseMain.runTestCase(TestCaseMain.java:144)
	at com.kms.katalon.core.keyword.builtin.CallTestCaseKeyword$_callTestCase_closure1.doCall(CallTestCaseKeyword.groovy:59)
	... 21 more
)

2023-11-24 12:27:24 - [MESSAGE][ERROR] - Test Cases/Cas D Utilisations/Usager Etudiant/TNR R.TSPT Supp90-Etudiant FAILED.
Reason:
com.kms.katalon.core.exception.StepErrorException: Call Test Case 'Test Cases/Test Reutilisable/DemandeOuRenouvelle_TitreSejour/FormulaireJustificatifs' failed because of error(s)
	at com.kms.katalon.core.keyword.builtin.CallTestCaseKeyword$_callTestCase_closure1.doCall(CallTestCaseKeyword.groovy:66)
	at com.kms.katalon.core.keyword.builtin.CallTestCaseKeyword$_callTestCase_closure1.call(CallTestCaseKeyword.groovy)
	at com.kms.katalon.core.keyword.internal.KeywordMain.runKeyword(KeywordMain.groovy:75)
	at com.kms.katalon.core.keyword.builtin.CallTestCaseKeyword.callTestCase(CallTestCaseKeyword.groovy:81)
	at com.kms.katalon.core.keyword.builtin.CallTestCaseKeyword.execute(CallTestCaseKeyword.groovy:44)
	at com.kms.katalon.core.keyword.internal.KeywordExecutor.executeKeywordForPlatform(KeywordExecutor.groovy:74)
	at com.kms.katalon.core.keyword.BuiltinKeywords.callTestCase(BuiltinKeywords.groovy:310)
	at com.kazurayam.ksbackyard.HighlightElement$_pandemic_closure1.doCall(HighlightElement.groovy:105)
	at TNR R.TSPT Supp90-Etudiant.run(TNR R.TSPT Supp90-Etudiant:62)
	at com.kms.katalon.core.main.ScriptEngine.run(ScriptEngine.java:194)
	at com.kms.katalon.core.main.ScriptEngine.runScriptAsRawText(ScriptEngine.java:119)
	at com.kms.katalon.core.main.TestCaseExecutor.runScript(TestCaseExecutor.java:448)
	at com.kms.katalon.core.main.TestCaseExecutor.doExecute(TestCaseExecutor.java:439)
	at com.kms.katalon.core.main.TestCaseExecutor.processExecutionPhase(TestCaseExecutor.java:418)
	at com.kms.katalon.core.main.TestCaseExecutor.accessMainPhase(TestCaseExecutor.java:410)
	at com.kms.katalon.core.main.TestCaseExecutor.execute(TestCaseExecutor.java:285)
	at com.kms.katalon.core.common.CommonExecutor.accessTestCaseMainPhase(CommonExecutor.java:65)
	at com.kms.katalon.core.main.TestSuiteExecutor.accessTestSuiteMainPhase(TestSuiteExecutor.java:148)
	at com.kms.katalon.core.main.TestSuiteExecutor.execute(TestSuiteExecutor.java:106)
	at com.kms.katalon.core.main.TestCaseMain.startTestSuite(TestCaseMain.java:187)
	at com.kms.katalon.core.main.TestCaseMain$startTestSuite$0.call(Unknown Source)
	at TempTestSuite1700824657414.run(TempTestSuite1700824657414.groovy:36)
Caused by: groovy.lang.MissingPropertyException: No such property: f for class: Script1695813884754
	at FormulaireJustificatifs.run(FormulaireJustificatifs:187)
	at com.kms.katalon.core.main.ScriptEngine.run(ScriptEngine.java:194)
	at com.kms.katalon.core.main.ScriptEngine.runScriptAsRawText(ScriptEngine.java:119)
	at com.kms.katalon.core.main.TestCaseExecutor.runScript(TestCaseExecutor.java:448)
	at com.kms.katalon.core.main.TestCaseExecutor.doExecute(TestCaseExecutor.java:439)
	at com.kms.katalon.core.main.TestCaseExecutor.processExecutionPhase(TestCaseExecutor.java:418)
	at com.kms.katalon.core.main.TestCaseExecutor.accessMainPhase(TestCaseExecutor.java:410)
	at com.kms.katalon.core.main.TestCaseExecutor.execute(TestCaseExecutor.java:285)
	at com.kms.katalon.core.main.TestCaseMain.runTestCase(TestCaseMain.java:144)
	at com.kms.katalon.core.keyword.builtin.CallTestCaseKeyword$_callTestCase_closure1.doCall(CallTestCaseKeyword.groovy:59)
	... 21 more


2023-11-24 12:27:26 - [TEST_STEP][PASSED] - Video: Video recording for test case 'Test Cases/Cas D Utilisations/Usager Etudiant/TNR R.TSPT Supp90-Etudiant' .

2023-11-24 12:27:26 - [MESSAGE][INFO] - Video recording for test case 'Test Cases/Cas D Utilisations/Usager Etudiant/TNR R.TSPT Supp90-Etudiant' .]]></system-out>
         <system-err><![CDATA[2023-11-24 12:24:32 - [TEST_CASE][ERROR] - Test Cases/Cas D Utilisations/Usager Etudiant/TNR R.TSPT Supp90-Etudiant: Test Cases/Cas D Utilisations/Usager Etudiant/TNR R.TSPT Supp90-Etudiant FAILED.
Reason:
com.kms.katalon.core.exception.StepErrorException: Call Test Case 'Test Cases/Test Reutilisable/DemandeOuRenouvelle_TitreSejour/FormulaireJustificatifs' failed because of error(s)
	at com.kms.katalon.core.keyword.builtin.CallTestCaseKeyword$_callTestCase_closure1.doCall(CallTestCaseKeyword.groovy:66)
	at com.kms.katalon.core.keyword.builtin.CallTestCaseKeyword$_callTestCase_closure1.call(CallTestCaseKeyword.groovy)
	at com.kms.katalon.core.keyword.internal.KeywordMain.runKeyword(KeywordMain.groovy:75)
	at com.kms.katalon.core.keyword.builtin.CallTestCaseKeyword.callTestCase(CallTestCaseKeyword.groovy:81)
	at com.kms.katalon.core.keyword.builtin.CallTestCaseKeyword.execute(CallTestCaseKeyword.groovy:44)
	at com.kms.katalon.core.keyword.internal.KeywordExecutor.executeKeywordForPlatform(KeywordExecutor.groovy:74)
	at com.kms.katalon.core.keyword.BuiltinKeywords.callTestCase(BuiltinKeywords.groovy:310)
	at com.kazurayam.ksbackyard.HighlightElement$_pandemic_closure1.doCall(HighlightElement.groovy:105)
	at TNR R.TSPT Supp90-Etudiant.run(TNR R.TSPT Supp90-Etudiant:62)
	at com.kms.katalon.core.main.ScriptEngine.run(ScriptEngine.java:194)
	at com.kms.katalon.core.main.ScriptEngine.runScriptAsRawText(ScriptEngine.java:119)
	at com.kms.katalon.core.main.TestCaseExecutor.runScript(TestCaseExecutor.java:448)
	at com.kms.katalon.core.main.TestCaseExecutor.doExecute(TestCaseExecutor.java:439)
	at com.kms.katalon.core.main.TestCaseExecutor.processExecutionPhase(TestCaseExecutor.java:418)
	at com.kms.katalon.core.main.TestCaseExecutor.accessMainPhase(TestCaseExecutor.java:410)
	at com.kms.katalon.core.main.TestCaseExecutor.execute(TestCaseExecutor.java:285)
	at com.kms.katalon.core.common.CommonExecutor.accessTestCaseMainPhase(CommonExecutor.java:65)
	at com.kms.katalon.core.main.TestSuiteExecutor.accessTestSuiteMainPhase(TestSuiteExecutor.java:148)
	at com.kms.katalon.core.main.TestSuiteExecutor.execute(TestSuiteExecutor.java:106)
	at com.kms.katalon.core.main.TestCaseMain.startTestSuite(TestCaseMain.java:187)
	at com.kms.katalon.core.main.TestCaseMain$startTestSuite$0.call(Unknown Source)
	at TempTestSuite1700824657414.run(TempTestSuite1700824657414.groovy:36)
Caused by: groovy.lang.MissingPropertyException: No such property: f for class: Script1695813884754
	at FormulaireJustificatifs.run(FormulaireJustificatifs:187)
	at com.kms.katalon.core.main.ScriptEngine.run(ScriptEngine.java:194)
	at com.kms.katalon.core.main.ScriptEngine.runScriptAsRawText(ScriptEngine.java:119)
	at com.kms.katalon.core.main.TestCaseExecutor.runScript(TestCaseExecutor.java:448)
	at com.kms.katalon.core.main.TestCaseExecutor.doExecute(TestCaseExecutor.java:439)
	at com.kms.katalon.core.main.TestCaseExecutor.processExecutionPhase(TestCaseExecutor.java:418)
	at com.kms.katalon.core.main.TestCaseExecutor.accessMainPhase(TestCaseExecutor.java:410)
	at com.kms.katalon.core.main.TestCaseExecutor.execute(TestCaseExecutor.java:285)
	at com.kms.katalon.core.main.TestCaseMain.runTestCase(TestCaseMain.java:144)
	at com.kms.katalon.core.keyword.builtin.CallTestCaseKeyword$_callTestCase_closure1.doCall(CallTestCaseKeyword.groovy:59)
	... 21 more]]></system-err>
      </testcase>
      <system-out><![CDATA[2023-11-24 12:17:40 - [TEST_SUITE][ERROR] - TS_TNR_R.TSPT_Suppo90: Test Cases/Cas D Utilisations/Usager Etudiant/TNR R.TSPT Supp90-Etudiant FAILED.
Reason:
com.kms.katalon.core.exception.StepErrorException: Call Test Case 'Test Cases/Test Reutilisable/DemandeOuRenouvelle_TitreSejour/FormulaireJustificatifs' failed because of error(s)
	at com.kms.katalon.core.keyword.builtin.CallTestCaseKeyword$_callTestCase_closure1.doCall(CallTestCaseKeyword.groovy:66)
	at com.kms.katalon.core.keyword.builtin.CallTestCaseKeyword$_callTestCase_closure1.call(CallTestCaseKeyword.groovy)
	at com.kms.katalon.core.keyword.internal.KeywordMain.runKeyword(KeywordMain.groovy:75)
	at com.kms.katalon.core.keyword.builtin.CallTestCaseKeyword.callTestCase(CallTestCaseKeyword.groovy:81)
	at com.kms.katalon.core.keyword.builtin.CallTestCaseKeyword.execute(CallTestCaseKeyword.groovy:44)
	at com.kms.katalon.core.keyword.internal.KeywordExecutor.executeKeywordForPlatform(KeywordExecutor.groovy:74)
	at com.kms.katalon.core.keyword.BuiltinKeywords.callTestCase(BuiltinKeywords.groovy:310)
	at com.kazurayam.ksbackyard.HighlightElement$_pandemic_closure1.doCall(HighlightElement.groovy:105)
	at TNR R.TSPT Supp90-Etudiant.run(TNR R.TSPT Supp90-Etudiant:62)
	at com.kms.katalon.core.main.ScriptEngine.run(ScriptEngine.java:194)
	at com.kms.katalon.core.main.ScriptEngine.runScriptAsRawText(ScriptEngine.java:119)
	at com.kms.katalon.core.main.TestCaseExecutor.runScript(TestCaseExecutor.java:448)
	at com.kms.katalon.core.main.TestCaseExecutor.doExecute(TestCaseExecutor.java:439)
	at com.kms.katalon.core.main.TestCaseExecutor.processExecutionPhase(TestCaseExecutor.java:418)
	at com.kms.katalon.core.main.TestCaseExecutor.accessMainPhase(TestCaseExecutor.java:410)
	at com.kms.katalon.core.main.TestCaseExecutor.execute(TestCaseExecutor.java:285)
	at com.kms.katalon.core.common.CommonExecutor.accessTestCaseMainPhase(CommonExecutor.java:65)
	at com.kms.katalon.core.main.TestSuiteExecutor.accessTestSuiteMainPhase(TestSuiteExecutor.java:148)
	at com.kms.katalon.core.main.TestSuiteExecutor.execute(TestSuiteExecutor.java:106)
	at com.kms.katalon.core.main.TestCaseMain.startTestSuite(TestCaseMain.java:187)
	at com.kms.katalon.core.main.TestCaseMain$startTestSuite$0.call(Unknown Source)
	at TempTestSuite1700824657414.run(TempTestSuite1700824657414.groovy:36)
Caused by: groovy.lang.MissingPropertyException: No such property: f for class: Script1695813884754
	at FormulaireJustificatifs.run(FormulaireJustificatifs:187)
	at com.kms.katalon.core.main.ScriptEngine.run(ScriptEngine.java:194)
	at com.kms.katalon.core.main.ScriptEngine.runScriptAsRawText(ScriptEngine.java:119)
	at com.kms.katalon.core.main.TestCaseExecutor.runScript(TestCaseExecutor.java:448)
	at com.kms.katalon.core.main.TestCaseExecutor.doExecute(TestCaseExecutor.java:439)
	at com.kms.katalon.core.main.TestCaseExecutor.processExecutionPhase(TestCaseExecutor.java:418)
	at com.kms.katalon.core.main.TestCaseExecutor.accessMainPhase(TestCaseExecutor.java:410)
	at com.kms.katalon.core.main.TestCaseExecutor.execute(TestCaseExecutor.java:285)
	at com.kms.katalon.core.main.TestCaseMain.runTestCase(TestCaseMain.java:144)
	at com.kms.katalon.core.keyword.builtin.CallTestCaseKeyword$_callTestCase_closure1.doCall(CallTestCaseKeyword.groovy:59)
	... 21 more]]></system-out>
      <system-err><![CDATA[2023-11-24 12:17:40 - [TEST_SUITE][ERROR] - TS_TNR_R.TSPT_Suppo90: Test Cases/Cas D Utilisations/Usager Etudiant/TNR R.TSPT Supp90-Etudiant FAILED.
Reason:
com.kms.katalon.core.exception.StepErrorException: Call Test Case 'Test Cases/Test Reutilisable/DemandeOuRenouvelle_TitreSejour/FormulaireJustificatifs' failed because of error(s)
	at com.kms.katalon.core.keyword.builtin.CallTestCaseKeyword$_callTestCase_closure1.doCall(CallTestCaseKeyword.groovy:66)
	at com.kms.katalon.core.keyword.builtin.CallTestCaseKeyword$_callTestCase_closure1.call(CallTestCaseKeyword.groovy)
	at com.kms.katalon.core.keyword.internal.KeywordMain.runKeyword(KeywordMain.groovy:75)
	at com.kms.katalon.core.keyword.builtin.CallTestCaseKeyword.callTestCase(CallTestCaseKeyword.groovy:81)
	at com.kms.katalon.core.keyword.builtin.CallTestCaseKeyword.execute(CallTestCaseKeyword.groovy:44)
	at com.kms.katalon.core.keyword.internal.KeywordExecutor.executeKeywordForPlatform(KeywordExecutor.groovy:74)
	at com.kms.katalon.core.keyword.BuiltinKeywords.callTestCase(BuiltinKeywords.groovy:310)
	at com.kazurayam.ksbackyard.HighlightElement$_pandemic_closure1.doCall(HighlightElement.groovy:105)
	at TNR R.TSPT Supp90-Etudiant.run(TNR R.TSPT Supp90-Etudiant:62)
	at com.kms.katalon.core.main.ScriptEngine.run(ScriptEngine.java:194)
	at com.kms.katalon.core.main.ScriptEngine.runScriptAsRawText(ScriptEngine.java:119)
	at com.kms.katalon.core.main.TestCaseExecutor.runScript(TestCaseExecutor.java:448)
	at com.kms.katalon.core.main.TestCaseExecutor.doExecute(TestCaseExecutor.java:439)
	at com.kms.katalon.core.main.TestCaseExecutor.processExecutionPhase(TestCaseExecutor.java:418)
	at com.kms.katalon.core.main.TestCaseExecutor.accessMainPhase(TestCaseExecutor.java:410)
	at com.kms.katalon.core.main.TestCaseExecutor.execute(TestCaseExecutor.java:285)
	at com.kms.katalon.core.common.CommonExecutor.accessTestCaseMainPhase(CommonExecutor.java:65)
	at com.kms.katalon.core.main.TestSuiteExecutor.accessTestSuiteMainPhase(TestSuiteExecutor.java:148)
	at com.kms.katalon.core.main.TestSuiteExecutor.execute(TestSuiteExecutor.java:106)
	at com.kms.katalon.core.main.TestCaseMain.startTestSuite(TestCaseMain.java:187)
	at com.kms.katalon.core.main.TestCaseMain$startTestSuite$0.call(Unknown Source)
	at TempTestSuite1700824657414.run(TempTestSuite1700824657414.groovy:36)
Caused by: groovy.lang.MissingPropertyException: No such property: f for class: Script1695813884754
	at FormulaireJustificatifs.run(FormulaireJustificatifs:187)
	at com.kms.katalon.core.main.ScriptEngine.run(ScriptEngine.java:194)
	at com.kms.katalon.core.main.ScriptEngine.runScriptAsRawText(ScriptEngine.java:119)
	at com.kms.katalon.core.main.TestCaseExecutor.runScript(TestCaseExecutor.java:448)
	at com.kms.katalon.core.main.TestCaseExecutor.doExecute(TestCaseExecutor.java:439)
	at com.kms.katalon.core.main.TestCaseExecutor.processExecutionPhase(TestCaseExecutor.java:418)
	at com.kms.katalon.core.main.TestCaseExecutor.accessMainPhase(TestCaseExecutor.java:410)
	at com.kms.katalon.core.main.TestCaseExecutor.execute(TestCaseExecutor.java:285)
	at com.kms.katalon.core.main.TestCaseMain.runTestCase(TestCaseMain.java:144)
	at com.kms.katalon.core.keyword.builtin.CallTestCaseKeyword$_callTestCase_closure1.doCall(CallTestCaseKeyword.groovy:59)
	... 21 more]]></system-err>
   </testsuite>
</testsuites>
