<?xml version="1.0" encoding="UTF-8"?>
<testsuites name="TS_TNR_R.TSPT_Suppo90" time="298.16" tests="2" failures="1" errors="0">
   <testsuite name="TS_TNR_R.TSPT_Suppo90" tests="2" failures="1" errors="0" time="298.16" skipped="0" timestamp="2023-11-22 09:54:01" hostname="hhizaoui - FRLFK0635000045.corp.capgemini.com" id="Test Suites/TS_TNR_R.TSPT_Suppo90">
      <properties>
[...]
</properties>
      <testcase name="Test Cases/Cas D Utilisations/Usager Etudiant/TNR R.TSPT Supp90-Etudiant" time="267.893" classname="Test Cases/Cas D Utilisations/Usager Etudiant/TNR R.TSPT Supp90-Etudiant" status="PASSED">
         <system-out><![CDATA[2023-11-22 09:54:02 - [TEST_CASE][PASSED] - Test Cases/Cas D Utilisations/Usager Etudiant/TNR R.TSPT Supp90-Etudiant: Test Cases/Cas D Utilisations/Usager Etudiant/TNR R.TSPT Supp90-Etudiant

2023-11-22 09:54:03 - [TEST_STEP][PASSED] - com.kazurayam.ksbackyard.HighlightElement.pandemic(): com.kazurayam.ksbackyard.HighlightElement.pandemic is PASSED

2023-11-22 09:54:03 - [MESSAGE][PASSED] - com.kazurayam.ksbackyard.HighlightElement.pandemic is PASSED

2023-11-22 09:54:03 - [TEST_STEP][PASSED] - callTestCase(findTestCase("Test Reutilisable/Main/Lancer URL ANEF"), ["Profiles":"Usager", "EnvExec":EnvExec], STOP_ON_FAILURE): Call Test Case 'Test Cases/Test Reutilisable/Main/Lancer URL ANEF' successfully

2023-11-22 09:54:03 - [MESSAGE][INFO] - Checking called Test Case

2023-11-22 09:54:03 - [MESSAGE][INFO] - Starting to call Test Case 'Test Cases/Test Reutilisable/Main/Lancer URL ANEF'

2023-11-22 09:54:03 - [TEST_CASE][PASSED] - Test Cases/Test Reutilisable/Main/Lancer URL ANEF: Test Cases/Test Reutilisable/Main/Lancer URL ANEF

2023-11-22 09:54:06 - [TEST_STEP][PASSED] - "RunConfiguration: getProjectDir for LogDriver ": null

2023-11-22 09:54:06 - [TEST_STEP][PASSED] - RunBrowserConfiguration = getExecutionProperties(): null

2023-11-22 09:54:06 - [TEST_STEP][PASSED] - DriverName = "": null

2023-11-22 09:54:06 - [TEST_STEP][PASSED] - openBrowser(""): Browser is opened with url: ''

2023-11-22 09:54:06 - [MESSAGE][INFO] - Opening browser

2023-11-22 09:54:06 - [MESSAGE][INFO] - Starting 'Chrome' driver

2023-11-22 09:54:06 - [MESSAGE][INFO] - User set preference: ['args', '[--incognito, --start-maximized, --remote-allow-origins=*]']

2023-11-22 09:54:06 - [MESSAGE][INFO] - User set preference: ['prefs', '{download.default_directory=${GlobalVariable.downloadPath}, download_dir=${GlobalVariable.downloadPath}, download.prompt_for_download=false}']

2023-11-22 09:54:06 - [MESSAGE][INFO] - User set preference: ['loggingPrefs', '{browser=ALL}']

2023-11-22 09:54:06 - [MESSAGE][INFO] - Action delay is set to 2 000 milliseconds

2023-11-22 09:54:09 - [MESSAGE][PASSED] - Browser is opened with url: ''

2023-11-22 09:54:09 - [TEST_STEP][PASSED] - driver = getWebDriver(): null

2023-11-22 09:54:09 - [TEST_STEP][PASSED] - wrappedDriver = driver.getWrappedDriver(): null

2023-11-22 09:54:09 - [TEST_STEP][PASSED] - out.println(wrappedDriver.getClass()): null

2023-11-22 09:54:09 - [TEST_STEP][PASSED] - if (class == com.kms.katalon.selenium.driver.CRemoteWebDriver): null

2023-11-22 09:54:09 - [TEST_STEP][PASSED] - if (class == "CRemoteWebDriver"): null

2023-11-22 09:54:09 - [TEST_STEP][PASSED] - else: null

2023-11-22 09:54:09 - [TEST_STEP][PASSED] - DriverName = get("WebUI").get("browserType"): null

2023-11-22 09:54:09 - [TEST_STEP][PASSED] - println("DriverName :" + DriverName): null

2023-11-22 09:54:09 - [TEST_STEP][PASSED] - println("Driverpath :" + RunBrowserConfiguration.get("drivers")): null

2023-11-22 09:54:10 - [TEST_STEP][PASSED] - DriverName = DriverName: null

2023-11-22 09:54:10 - [TEST_STEP][PASSED] - delay(medium_wait): Delayed 3 second(s)

2023-11-22 09:54:10 - [MESSAGE][INFO] - Delaying browser in 3 second(s)

2023-11-22 09:54:13 - [MESSAGE][PASSED] - Delayed 3 second(s)

2023-11-22 09:54:13 - [TEST_STEP][PASSED] - executedBrowser = getExecutedBrowser(): null

2023-11-22 09:54:13 - [TEST_STEP][PASSED] - if (Profiles == "Usager"): null

2023-11-22 09:54:13 - [TEST_STEP][PASSED] - switch (DriverName): null

2023-11-22 09:54:13 - [TEST_STEP][PASSED] - case "CHROME_DRIVER":: null

2023-11-22 09:54:13 - [TEST_STEP][PASSED] - if (EnvExec == "URL_ANEFQualif"): Navigate to 'https://qualif.administration-etrangers-en-france.interieur.gouv.fr/particuliers/#/' successfully

2023-11-22 09:54:13 - [TEST_STEP][PASSED] - navigateToUrl(URL_ANEFQualif): Navigate to 'https://qualif.administration-etrangers-en-france.interieur.gouv.fr/particuliers/#/' successfully

2023-11-22 09:54:13 - [MESSAGE][INFO] - Checking url

2023-11-22 09:54:13 - [MESSAGE][INFO] - Navigating to 'https://qualif.administration-etrangers-en-france.interieur.gouv.fr/particuliers/#/'

2023-11-22 09:54:16 - [MESSAGE][PASSED] - Navigate to 'https://qualif.administration-etrangers-en-france.interieur.gouv.fr/particuliers/#/' successfully

2023-11-22 09:54:16 - [TEST_STEP][PASSED] - if (EnvExec == "URL_ANEFPreProd"): null

2023-11-22 09:54:16 - [TEST_STEP][PASSED] - maximizeWindow(): Current window maximized

2023-11-22 09:54:16 - [MESSAGE][INFO] - Maximizing current window

2023-11-22 09:54:16 - [MESSAGE][PASSED] - Current window maximized

2023-11-22 09:54:16 - [TEST_STEP][PASSED] - System.setProperty("webdriver.chrome.driver", getChromeDriverPath()): null

2023-11-22 09:54:16 - [TEST_STEP][PASSED] - System.setProperty("webdriver.chrome.logfile", getProjectDir() + "/Dump/chromedriver.log"): null

2023-11-22 09:54:16 - [TEST_STEP][PASSED] - callTestCase(findTestCase("Test Reutilisable/Main/Erreur lie a la confidentialite"), [:], STOP_ON_FAILURE): Call Test Case 'Test Cases/Test Reutilisable/Main/Erreur lie a la confidentialite' successfully

2023-11-22 09:54:16 - [MESSAGE][INFO] - Checking called Test Case

2023-11-22 09:54:16 - [MESSAGE][INFO] - Starting to call Test Case 'Test Cases/Test Reutilisable/Main/Erreur lie a la confidentialite'

2023-11-22 09:54:16 - [TEST_CASE][PASSED] - Test Cases/Test Reutilisable/Main/Erreur lie a la confidentialite: Test Cases/Test Reutilisable/Main/Erreur lie a la confidentialite

2023-11-22 09:54:17 - [TEST_STEP][PASSED] - tools.WaitForLoadedPage.waitForElementRendering(): tools.WaitForLoadedPage.waitForElementRendering is PASSED

2023-11-22 09:54:17 - [MESSAGE][PASSED] - tools.WaitForLoadedPage.waitForElementRendering is PASSED

2023-11-22 09:54:17 - [TEST_STEP][PASSED] - "Call Highlight.on() automatically": null

2023-11-22 09:54:17 - [TEST_STEP][PASSED] - DriverName = DriverName: null

2023-11-22 09:54:17 - [TEST_STEP][PASSED] - if (DriverName == "CHROME_DRIVER" || "EDGE_CHROMIUM_DRIVER" || "HEADLESS_DRIVER"): null

2023-11-22 09:54:17 - [TEST_STEP][PASSED] - if (verifyElementPresent(findTestObject("Object Repository/Connexion Usager/Btn_Parametres Avances"), 2, OPTIONAL)): null

2023-11-22 09:54:17 - [MESSAGE][INFO] - Finding Test Object 'Object Repository/Connexion Usager/Btn_Parametres Avances'

2023-11-22 09:54:17 - [MESSAGE][INFO] - Checking object

2023-11-22 09:54:17 - [MESSAGE][INFO] - Finding web element from Test Object's properties

2023-11-22 09:54:17 - [MESSAGE][INFO] - Checking timeout

2023-11-22 09:54:17 - [MESSAGE][INFO] - Finding web element with id: 'Object Repository/Connexion Usager/Btn_Parametres Avances' located by 'By.xpath: //*[@id="details-button"]' in '2' second(s)

2023-11-22 09:54:17 - [MESSAGE][INFO] - Smart Wait Function is triggered

2023-11-22 09:54:17 - [MESSAGE][INFO] - Found 1 web elements with id: 'Object Repository/Connexion Usager/Btn_Parametres Avances' located by 'By.xpath: //*[@id="details-button"]' in '2' second(s)

2023-11-22 09:54:17 - [MESSAGE][PASSED] - Object 'Object Repository/Connexion Usager/Btn_Parametres Avances' is present

2023-11-22 09:54:17 - [TEST_STEP][PASSED] - click(findTestObject("Object Repository/Connexion Usager/Btn_Parametres Avances"), OPTIONAL): Object: 'Object Repository/Connexion Usager/Btn_Parametres Avances' is clicked on

2023-11-22 09:54:17 - [MESSAGE][INFO] - Finding Test Object 'Object Repository/Connexion Usager/Btn_Parametres Avances'

2023-11-22 09:54:17 - [MESSAGE][INFO] - Checking timeout

2023-11-22 09:54:17 - [MESSAGE][INFO] - Finding web element with id: 'Object Repository/Connexion Usager/Btn_Parametres Avances' located by 'By.xpath: //*[@id="details-button"]' in '20' second(s)

2023-11-22 09:54:17 - [MESSAGE][INFO] - Smart Wait Function is triggered

2023-11-22 09:54:17 - [MESSAGE][INFO] - Found 1 web elements with id: 'Object Repository/Connexion Usager/Btn_Parametres Avances' located by 'By.xpath: //*[@id="details-button"]' in '20' second(s)

2023-11-22 09:54:17 - [MESSAGE][INFO] - Checking object

2023-11-22 09:54:17 - [MESSAGE][INFO] - Checking timeout

2023-11-22 09:54:17 - [MESSAGE][INFO] - Finding web element from Test Object's properties

2023-11-22 09:54:17 - [MESSAGE][INFO] - Checking timeout

2023-11-22 09:54:17 - [MESSAGE][INFO] - Finding web element with id: 'Object Repository/Connexion Usager/Btn_Parametres Avances' located by 'By.xpath: //*[@id="details-button"]' in '5' second(s)

2023-11-22 09:54:17 - [MESSAGE][INFO] - Smart Wait Function is triggered

2023-11-22 09:54:17 - [MESSAGE][INFO] - Found 1 web elements with id: 'Object Repository/Connexion Usager/Btn_Parametres Avances' located by 'By.xpath: //*[@id="details-button"]' in '5' second(s)

2023-11-22 09:54:17 - [MESSAGE][INFO] - Clicking on object: 'Object Repository/Connexion Usager/Btn_Parametres Avances'

2023-11-22 09:54:19 - [MESSAGE][PASSED] - Object: 'Object Repository/Connexion Usager/Btn_Parametres Avances' is clicked on

2023-11-22 09:54:19 - [TEST_STEP][PASSED] - click(findTestObject("Object Repository/Connexion Usager/Link_Proceed-Link"), OPTIONAL): Object: 'Object Repository/Connexion Usager/Link_Proceed-Link' is clicked on

2023-11-22 09:54:19 - [MESSAGE][INFO] - Finding Test Object 'Object Repository/Connexion Usager/Link_Proceed-Link'

2023-11-22 09:54:19 - [MESSAGE][INFO] - Checking timeout

2023-11-22 09:54:19 - [MESSAGE][INFO] - Finding web element with id: 'Object Repository/Connexion Usager/Link_Proceed-Link' located by 'By.xpath: //*[@id="proceed-link"]' in '20' second(s)

2023-11-22 09:54:19 - [MESSAGE][INFO] - Smart Wait Function is triggered

2023-11-22 09:54:19 - [MESSAGE][INFO] - Found 1 web elements with id: 'Object Repository/Connexion Usager/Link_Proceed-Link' located by 'By.xpath: //*[@id="proceed-link"]' in '20' second(s)

2023-11-22 09:54:19 - [MESSAGE][INFO] - Checking object

2023-11-22 09:54:19 - [MESSAGE][INFO] - Checking timeout

2023-11-22 09:54:19 - [MESSAGE][INFO] - Finding web element from Test Object's properties

2023-11-22 09:54:19 - [MESSAGE][INFO] - Checking timeout

2023-11-22 09:54:19 - [MESSAGE][INFO] - Finding web element with id: 'Object Repository/Connexion Usager/Link_Proceed-Link' located by 'By.xpath: //*[@id="proceed-link"]' in '5' second(s)

2023-11-22 09:54:19 - [MESSAGE][INFO] - Smart Wait Function is triggered

2023-11-22 09:54:19 - [MESSAGE][INFO] - Found 1 web elements with id: 'Object Repository/Connexion Usager/Link_Proceed-Link' located by 'By.xpath: //*[@id="proceed-link"]' in '5' second(s)

2023-11-22 09:54:19 - [MESSAGE][INFO] - Clicking on object: 'Object Repository/Connexion Usager/Link_Proceed-Link'

2023-11-22 09:54:21 - [MESSAGE][PASSED] - Object: 'Object Repository/Connexion Usager/Link_Proceed-Link' is clicked on

2023-11-22 09:54:21 - [TEST_STEP][PASSED] - if (DriverName == "IE_DRIVER"): null

2023-11-22 09:54:21 - [TEST_STEP][PASSED] - delay(3): Delayed 3 second(s)

2023-11-22 09:54:21 - [MESSAGE][INFO] - Delaying browser in 3 second(s)

2023-11-22 09:54:24 - [MESSAGE][PASSED] - Delayed 3 second(s)

2023-11-22 09:54:24 - [MESSAGE][PASSED] - Call Test Case 'Test Cases/Test Reutilisable/Main/Erreur lie a la confidentialite' successfully

2023-11-22 09:54:24 - [TEST_STEP][PASSED] - delay(5): Delayed 5 second(s)

2023-11-22 09:54:24 - [MESSAGE][INFO] - Delaying browser in 5 second(s)

2023-11-22 09:54:29 - [MESSAGE][PASSED] - Delayed 5 second(s)

2023-11-22 09:54:29 - [TEST_STEP][PASSED] - verifyElementVisible(findTestObject("Object Repository/Connexion Usager/Link_Se Connecter"), STOP_ON_FAILURE): Object 'Object Repository/Connexion Usager/Link_Se Connecter' is visible

2023-11-22 09:54:29 - [MESSAGE][INFO] - Finding Test Object 'Object Repository/Connexion Usager/Link_Se Connecter'

2023-11-22 09:54:30 - [MESSAGE][INFO] - Checking object

2023-11-22 09:54:30 - [MESSAGE][INFO] - Finding web element from Test Object's properties

2023-11-22 09:54:30 - [MESSAGE][INFO] - Checking timeout

2023-11-22 09:54:30 - [MESSAGE][INFO] - Finding web element with id: 'Object Repository/Connexion Usager/Link_Se Connecter' located by 'By.xpath: //*[@id="connexion_link"]' in '5' second(s)

2023-11-22 09:54:30 - [MESSAGE][INFO] - Smart Wait Function is triggered

2023-11-22 09:54:30 - [MESSAGE][INFO] - Found 1 web elements with id: 'Object Repository/Connexion Usager/Link_Se Connecter' located by 'By.xpath: //*[@id="connexion_link"]' in '5' second(s)

2023-11-22 09:54:30 - [MESSAGE][PASSED] - Object 'Object Repository/Connexion Usager/Link_Se Connecter' is visible

2023-11-22 09:54:30 - [TEST_STEP][PASSED] - break: null

2023-11-22 09:54:30 - [TEST_STEP][PASSED] - if (Profiles == "Agent"): null

2023-11-22 09:54:30 - [TEST_STEP][PASSED] - else: null

2023-11-22 09:54:30 - [TEST_STEP][PASSED] - println("Vérifier le Portail de votre connexion Usager ou Agent"): null

2023-11-22 09:54:30 - [MESSAGE][PASSED] - Call Test Case 'Test Cases/Test Reutilisable/Main/Lancer URL ANEF' successfully

2023-11-22 09:54:30 - [TEST_STEP][PASSED] - if (StopTestCase == false): Call Test Case 'Test Cases/Test Reutilisable/DemandeOuRenouvelle_TitreSejour/FormulaireConfirmation' successfully

2023-11-22 09:54:30 - [TEST_STEP][PASSED] - callTestCase(findTestCase("Test Reutilisable/Main/Identification"), ["Profiles":"Usager", "NumEtrangerVisa":NumEtrangerVisa], STOP_ON_FAILURE): Call Test Case 'Test Cases/Test Reutilisable/Main/Identification' successfully

2023-11-22 09:54:30 - [MESSAGE][INFO] - Checking called Test Case

2023-11-22 09:54:30 - [MESSAGE][INFO] - Starting to call Test Case 'Test Cases/Test Reutilisable/Main/Identification'

2023-11-22 09:54:30 - [TEST_CASE][PASSED] - Test Cases/Test Reutilisable/Main/Identification: Test Cases/Test Reutilisable/Main/Identification

2023-11-22 09:54:30 - [TEST_STEP][PASSED] - if (Profiles == "Usager"): Object 'Object Repository/Page_Accueil_Usager/Span_MesNotifications' is present

2023-11-22 09:54:30 - [TEST_STEP][PASSED] - delay(5): Delayed 5 second(s)

2023-11-22 09:54:30 - [MESSAGE][INFO] - Delaying browser in 5 second(s)

2023-11-22 09:54:35 - [MESSAGE][PASSED] - Delayed 5 second(s)

2023-11-22 09:54:35 - [TEST_STEP][PASSED] - click(findTestObject("Object Repository/Connexion Usager/Link_Se Connecter")): Object: 'Object Repository/Connexion Usager/Link_Se Connecter' is clicked on

2023-11-22 09:54:35 - [MESSAGE][INFO] - Finding Test Object 'Object Repository/Connexion Usager/Link_Se Connecter'

2023-11-22 09:54:35 - [MESSAGE][INFO] - Checking timeout

2023-11-22 09:54:35 - [MESSAGE][INFO] - Finding web element with id: 'Object Repository/Connexion Usager/Link_Se Connecter' located by 'By.xpath: //*[@id="connexion_link"]' in '20' second(s)

2023-11-22 09:54:35 - [MESSAGE][INFO] - Smart Wait Function is triggered

2023-11-22 09:54:35 - [MESSAGE][INFO] - Found 1 web elements with id: 'Object Repository/Connexion Usager/Link_Se Connecter' located by 'By.xpath: //*[@id="connexion_link"]' in '20' second(s)

2023-11-22 09:54:35 - [MESSAGE][INFO] - Checking object

2023-11-22 09:54:35 - [MESSAGE][INFO] - Checking timeout

2023-11-22 09:54:35 - [MESSAGE][INFO] - Finding web element from Test Object's properties

2023-11-22 09:54:35 - [MESSAGE][INFO] - Checking timeout

2023-11-22 09:54:35 - [MESSAGE][INFO] - Finding web element with id: 'Object Repository/Connexion Usager/Link_Se Connecter' located by 'By.xpath: //*[@id="connexion_link"]' in '5' second(s)

2023-11-22 09:54:35 - [MESSAGE][INFO] - Smart Wait Function is triggered

2023-11-22 09:54:35 - [MESSAGE][INFO] - Found 1 web elements with id: 'Object Repository/Connexion Usager/Link_Se Connecter' located by 'By.xpath: //*[@id="connexion_link"]' in '5' second(s)

2023-11-22 09:54:35 - [MESSAGE][INFO] - Clicking on object: 'Object Repository/Connexion Usager/Link_Se Connecter'

2023-11-22 09:54:38 - [MESSAGE][PASSED] - Object: 'Object Repository/Connexion Usager/Link_Se Connecter' is clicked on

2023-11-22 09:54:38 - [TEST_STEP][PASSED] - callTestCase(findTestCase("Test Reutilisable/Main/Erreur lie a la confidentialite"), [:], STOP_ON_FAILURE): Call Test Case 'Test Cases/Test Reutilisable/Main/Erreur lie a la confidentialite' successfully

2023-11-22 09:54:38 - [MESSAGE][INFO] - Checking called Test Case

2023-11-22 09:54:38 - [MESSAGE][INFO] - Starting to call Test Case 'Test Cases/Test Reutilisable/Main/Erreur lie a la confidentialite'

2023-11-22 09:54:38 - [TEST_CASE][PASSED] - Test Cases/Test Reutilisable/Main/Erreur lie a la confidentialite: Test Cases/Test Reutilisable/Main/Erreur lie a la confidentialite

2023-11-22 09:54:38 - [TEST_STEP][PASSED] - tools.WaitForLoadedPage.waitForElementRendering(): tools.WaitForLoadedPage.waitForElementRendering is PASSED

2023-11-22 09:54:38 - [MESSAGE][PASSED] - tools.WaitForLoadedPage.waitForElementRendering is PASSED

2023-11-22 09:54:38 - [TEST_STEP][PASSED] - "Call Highlight.on() automatically": null

2023-11-22 09:54:38 - [TEST_STEP][PASSED] - DriverName = DriverName: null

2023-11-22 09:54:38 - [TEST_STEP][PASSED] - if (DriverName == "CHROME_DRIVER" || "EDGE_CHROMIUM_DRIVER" || "HEADLESS_DRIVER"): null

2023-11-22 09:54:38 - [TEST_STEP][PASSED] - if (verifyElementPresent(findTestObject("Object Repository/Connexion Usager/Btn_Parametres Avances"), 2, OPTIONAL)): null

2023-11-22 09:54:38 - [MESSAGE][INFO] - Finding Test Object 'Object Repository/Connexion Usager/Btn_Parametres Avances'

2023-11-22 09:54:38 - [MESSAGE][INFO] - Checking object

2023-11-22 09:54:38 - [MESSAGE][INFO] - Finding web element from Test Object's properties

2023-11-22 09:54:38 - [MESSAGE][INFO] - Checking timeout

2023-11-22 09:54:38 - [MESSAGE][INFO] - Finding web element with id: 'Object Repository/Connexion Usager/Btn_Parametres Avances' located by 'By.xpath: //*[@id="details-button"]' in '2' second(s)

2023-11-22 09:54:38 - [MESSAGE][INFO] - Smart Wait Function is triggered

2023-11-22 09:54:38 - [MESSAGE][INFO] - Found 1 web elements with id: 'Object Repository/Connexion Usager/Btn_Parametres Avances' located by 'By.xpath: //*[@id="details-button"]' in '2' second(s)

2023-11-22 09:54:38 - [MESSAGE][PASSED] - Object 'Object Repository/Connexion Usager/Btn_Parametres Avances' is present

2023-11-22 09:54:38 - [TEST_STEP][PASSED] - click(findTestObject("Object Repository/Connexion Usager/Btn_Parametres Avances"), OPTIONAL): Object: 'Object Repository/Connexion Usager/Btn_Parametres Avances' is clicked on

2023-11-22 09:54:38 - [MESSAGE][INFO] - Finding Test Object 'Object Repository/Connexion Usager/Btn_Parametres Avances'

2023-11-22 09:54:38 - [MESSAGE][INFO] - Checking timeout

2023-11-22 09:54:38 - [MESSAGE][INFO] - Finding web element with id: 'Object Repository/Connexion Usager/Btn_Parametres Avances' located by 'By.xpath: //*[@id="details-button"]' in '20' second(s)

2023-11-22 09:54:38 - [MESSAGE][INFO] - Smart Wait Function is triggered

2023-11-22 09:54:38 - [MESSAGE][INFO] - Found 1 web elements with id: 'Object Repository/Connexion Usager/Btn_Parametres Avances' located by 'By.xpath: //*[@id="details-button"]' in '20' second(s)

2023-11-22 09:54:38 - [MESSAGE][INFO] - Checking object

2023-11-22 09:54:38 - [MESSAGE][INFO] - Checking timeout

2023-11-22 09:54:38 - [MESSAGE][INFO] - Finding web element from Test Object's properties

2023-11-22 09:54:38 - [MESSAGE][INFO] - Checking timeout

2023-11-22 09:54:38 - [MESSAGE][INFO] - Finding web element with id: 'Object Repository/Connexion Usager/Btn_Parametres Avances' located by 'By.xpath: //*[@id="details-button"]' in '5' second(s)

2023-11-22 09:54:38 - [MESSAGE][INFO] - Smart Wait Function is triggered

2023-11-22 09:54:38 - [MESSAGE][INFO] - Found 1 web elements with id: 'Object Repository/Connexion Usager/Btn_Parametres Avances' located by 'By.xpath: //*[@id="details-button"]' in '5' second(s)

2023-11-22 09:54:38 - [MESSAGE][INFO] - Clicking on object: 'Object Repository/Connexion Usager/Btn_Parametres Avances'

2023-11-22 09:54:40 - [MESSAGE][PASSED] - Object: 'Object Repository/Connexion Usager/Btn_Parametres Avances' is clicked on

2023-11-22 09:54:40 - [TEST_STEP][PASSED] - click(findTestObject("Object Repository/Connexion Usager/Link_Proceed-Link"), OPTIONAL): Object: 'Object Repository/Connexion Usager/Link_Proceed-Link' is clicked on

2023-11-22 09:54:40 - [MESSAGE][INFO] - Finding Test Object 'Object Repository/Connexion Usager/Link_Proceed-Link'

2023-11-22 09:54:40 - [MESSAGE][INFO] - Checking timeout

2023-11-22 09:54:40 - [MESSAGE][INFO] - Finding web element with id: 'Object Repository/Connexion Usager/Link_Proceed-Link' located by 'By.xpath: //*[@id="proceed-link"]' in '20' second(s)

2023-11-22 09:54:40 - [MESSAGE][INFO] - Smart Wait Function is triggered

2023-11-22 09:54:40 - [MESSAGE][INFO] - Found 1 web elements with id: 'Object Repository/Connexion Usager/Link_Proceed-Link' located by 'By.xpath: //*[@id="proceed-link"]' in '20' second(s)

2023-11-22 09:54:40 - [MESSAGE][INFO] - Checking object

2023-11-22 09:54:40 - [MESSAGE][INFO] - Checking timeout

2023-11-22 09:54:40 - [MESSAGE][INFO] - Finding web element from Test Object's properties

2023-11-22 09:54:40 - [MESSAGE][INFO] - Checking timeout

2023-11-22 09:54:40 - [MESSAGE][INFO] - Finding web element with id: 'Object Repository/Connexion Usager/Link_Proceed-Link' located by 'By.xpath: //*[@id="proceed-link"]' in '5' second(s)

2023-11-22 09:54:40 - [MESSAGE][INFO] - Smart Wait Function is triggered

2023-11-22 09:54:40 - [MESSAGE][INFO] - Found 1 web elements with id: 'Object Repository/Connexion Usager/Link_Proceed-Link' located by 'By.xpath: //*[@id="proceed-link"]' in '5' second(s)

2023-11-22 09:54:40 - [MESSAGE][INFO] - Clicking on object: 'Object Repository/Connexion Usager/Link_Proceed-Link'

2023-11-22 09:54:43 - [MESSAGE][PASSED] - Object: 'Object Repository/Connexion Usager/Link_Proceed-Link' is clicked on

2023-11-22 09:54:43 - [TEST_STEP][PASSED] - if (DriverName == "IE_DRIVER"): null

2023-11-22 09:54:43 - [TEST_STEP][PASSED] - delay(3): Delayed 3 second(s)

2023-11-22 09:54:43 - [MESSAGE][INFO] - Delaying browser in 3 second(s)

2023-11-22 09:54:46 - [MESSAGE][PASSED] - Delayed 3 second(s)

2023-11-22 09:54:46 - [MESSAGE][PASSED] - Call Test Case 'Test Cases/Test Reutilisable/Main/Erreur lie a la confidentialite' successfully

2023-11-22 09:54:46 - [TEST_STEP][PASSED] - delay(5): Delayed 5 second(s)

2023-11-22 09:54:46 - [MESSAGE][INFO] - Delaying browser in 5 second(s)

2023-11-22 09:54:51 - [MESSAGE][PASSED] - Delayed 5 second(s)

2023-11-22 09:54:51 - [TEST_STEP][PASSED] - setText(findTestObject("Object Repository/Connexion Usager/Input_Identifiant"), NumEtrangerVisa): Text '7703040790' is set on object 'Object Repository/Connexion Usager/Input_Identifiant'

2023-11-22 09:54:51 - [MESSAGE][INFO] - Finding Test Object 'Object Repository/Connexion Usager/Input_Identifiant'

2023-11-22 09:54:51 - [MESSAGE][INFO] - Checking timeout

2023-11-22 09:54:51 - [MESSAGE][INFO] - Finding web element with id: 'Object Repository/Connexion Usager/Input_Identifiant' located by 'By.xpath: //*[@id="login"]' in '20' second(s)

2023-11-22 09:54:51 - [MESSAGE][INFO] - Smart Wait Function is triggered

2023-11-22 09:54:51 - [MESSAGE][INFO] - Found 1 web elements with id: 'Object Repository/Connexion Usager/Input_Identifiant' located by 'By.xpath: //*[@id="login"]' in '20' second(s)

2023-11-22 09:54:51 - [MESSAGE][INFO] - Checking object

2023-11-22 09:54:51 - [MESSAGE][INFO] - Checking text

2023-11-22 09:54:51 - [MESSAGE][INFO] - Finding web element from Test Object's properties

2023-11-22 09:54:51 - [MESSAGE][INFO] - Checking timeout

2023-11-22 09:54:51 - [MESSAGE][INFO] - Finding web element with id: 'Object Repository/Connexion Usager/Input_Identifiant' located by 'By.xpath: //*[@id="login"]' in '5' second(s)

2023-11-22 09:54:51 - [MESSAGE][INFO] - Smart Wait Function is triggered

2023-11-22 09:54:51 - [MESSAGE][INFO] - Found 1 web elements with id: 'Object Repository/Connexion Usager/Input_Identifiant' located by 'By.xpath: //*[@id="login"]' in '5' second(s)

2023-11-22 09:54:51 - [MESSAGE][INFO] - Clearing text of object 'Object Repository/Connexion Usager/Input_Identifiant'

2023-11-22 09:54:53 - [MESSAGE][INFO] - Finding web element from Test Object's properties

2023-11-22 09:54:53 - [MESSAGE][INFO] - Checking timeout

2023-11-22 09:54:53 - [MESSAGE][INFO] - Finding web element with id: 'Object Repository/Connexion Usager/Input_Identifiant' located by 'By.xpath: //*[@id="login"]' in '5' second(s)

2023-11-22 09:54:53 - [MESSAGE][INFO] - Smart Wait Function is triggered

2023-11-22 09:54:53 - [MESSAGE][INFO] - Found 1 web elements with id: 'Object Repository/Connexion Usager/Input_Identifiant' located by 'By.xpath: //*[@id="login"]' in '5' second(s)

2023-11-22 09:54:53 - [MESSAGE][INFO] - Setting text of object 'Object Repository/Connexion Usager/Input_Identifiant' to value '7703040790'

2023-11-22 09:54:55 - [MESSAGE][PASSED] - Text '7703040790' is set on object 'Object Repository/Connexion Usager/Input_Identifiant'

2023-11-22 09:54:55 - [TEST_STEP][PASSED] - NumEtrangerVisa = NumEtrangerVisa: null

2023-11-22 09:54:55 - [TEST_STEP][PASSED] - setEncryptedText(findTestObject("Object Repository/Connexion Usager/Input_MDP"), Password): Text ****** has been set on object 'Object Repository/Connexion Usager/Input_MDP'

2023-11-22 09:54:55 - [MESSAGE][INFO] - Finding Test Object 'Object Repository/Connexion Usager/Input_MDP'

2023-11-22 09:54:55 - [MESSAGE][INFO] - Checking timeout

2023-11-22 09:54:55 - [MESSAGE][INFO] - Finding web element with id: 'Object Repository/Connexion Usager/Input_MDP' located by 'By.xpath: //*[@id="password"]' in '20' second(s)

2023-11-22 09:54:55 - [MESSAGE][INFO] - Smart Wait Function is triggered

2023-11-22 09:54:55 - [MESSAGE][INFO] - Found 1 web elements with id: 'Object Repository/Connexion Usager/Input_MDP' located by 'By.xpath: //*[@id="password"]' in '20' second(s)

2023-11-22 09:54:55 - [MESSAGE][INFO] - Checking object

2023-11-22 09:54:55 - [MESSAGE][INFO] - Checking text

2023-11-22 09:54:55 - [MESSAGE][INFO] - Finding web element from Test Object's properties

2023-11-22 09:54:55 - [MESSAGE][INFO] - Checking timeout

2023-11-22 09:54:55 - [MESSAGE][INFO] - Finding web element with id: 'Object Repository/Connexion Usager/Input_MDP' located by 'By.xpath: //*[@id="password"]' in '5' second(s)

2023-11-22 09:54:55 - [MESSAGE][INFO] - Smart Wait Function is triggered

2023-11-22 09:54:55 - [MESSAGE][INFO] - Found 1 web elements with id: 'Object Repository/Connexion Usager/Input_MDP' located by 'By.xpath: //*[@id="password"]' in '5' second(s)

2023-11-22 09:54:55 - [MESSAGE][INFO] - Clearing text of object 'Object Repository/Connexion Usager/Input_MDP'

2023-11-22 09:54:57 - [MESSAGE][INFO] - Setting  text of object 'Object Repository/Connexion Usager/Input_MDP' to value ******

2023-11-22 09:54:59 - [MESSAGE][PASSED] - Text ****** has been set on object 'Object Repository/Connexion Usager/Input_MDP'

2023-11-22 09:54:59 - [TEST_STEP][PASSED] - click(findTestObject("Object Repository/Connexion Usager/btn_Sidentifier")): Object: 'Object Repository/Connexion Usager/btn_Sidentifier' is clicked on

2023-11-22 09:54:59 - [MESSAGE][INFO] - Finding Test Object 'Object Repository/Connexion Usager/btn_Sidentifier'

2023-11-22 09:54:59 - [MESSAGE][INFO] - Checking timeout

2023-11-22 09:54:59 - [MESSAGE][INFO] - Finding web element with id: 'Object Repository/Connexion Usager/btn_Sidentifier' located by 'By.xpath: //*[@type= 'submit']' in '20' second(s)

2023-11-22 09:54:59 - [MESSAGE][INFO] - Smart Wait Function is triggered

2023-11-22 09:54:59 - [MESSAGE][INFO] - Found 1 web elements with id: 'Object Repository/Connexion Usager/btn_Sidentifier' located by 'By.xpath: //*[@type= 'submit']' in '20' second(s)

2023-11-22 09:54:59 - [MESSAGE][INFO] - Checking object

2023-11-22 09:54:59 - [MESSAGE][INFO] - Checking timeout

2023-11-22 09:54:59 - [MESSAGE][INFO] - Finding web element from Test Object's properties

2023-11-22 09:54:59 - [MESSAGE][INFO] - Checking timeout

2023-11-22 09:54:59 - [MESSAGE][INFO] - Finding web element with id: 'Object Repository/Connexion Usager/btn_Sidentifier' located by 'By.xpath: //*[@type= 'submit']' in '5' second(s)

2023-11-22 09:54:59 - [MESSAGE][INFO] - Smart Wait Function is triggered

2023-11-22 09:54:59 - [MESSAGE][INFO] - Found 1 web elements with id: 'Object Repository/Connexion Usager/btn_Sidentifier' located by 'By.xpath: //*[@type= 'submit']' in '5' second(s)

2023-11-22 09:54:59 - [MESSAGE][INFO] - Clicking on object: 'Object Repository/Connexion Usager/btn_Sidentifier'

2023-11-22 09:55:03 - [MESSAGE][PASSED] - Object: 'Object Repository/Connexion Usager/btn_Sidentifier' is clicked on

2023-11-22 09:55:03 - [TEST_STEP][PASSED] - delay(15): Delayed 15 second(s)

2023-11-22 09:55:03 - [MESSAGE][INFO] - Delaying browser in 15 second(s)

2023-11-22 09:55:18 - [MESSAGE][PASSED] - Delayed 15 second(s)

2023-11-22 09:55:18 - [TEST_STEP][PASSED] - verifyElementPresent(findTestObject("Object Repository/Page_Accueil_Usager/Span_MesNotifications"), 2, STOP_ON_FAILURE): Object 'Object Repository/Page_Accueil_Usager/Span_MesNotifications' is present

2023-11-22 09:55:18 - [MESSAGE][INFO] - Finding Test Object 'Object Repository/Page_Accueil_Usager/Span_MesNotifications'

2023-11-22 09:55:18 - [MESSAGE][INFO] - Checking object

2023-11-22 09:55:18 - [MESSAGE][INFO] - Finding web element from Test Object's properties

2023-11-22 09:55:18 - [MESSAGE][INFO] - Checking timeout

2023-11-22 09:55:18 - [MESSAGE][INFO] - Finding web element with id: 'Object Repository/Page_Accueil_Usager/Span_MesNotifications' located by 'By.xpath: //*[@id="navBar-new"]/nav/div[3]/div/div/ul/li[1]/a/span' in '2' second(s)

2023-11-22 09:55:18 - [MESSAGE][INFO] - Smart Wait Function is triggered

2023-11-22 09:55:18 - [MESSAGE][INFO] - Found 1 web elements with id: 'Object Repository/Page_Accueil_Usager/Span_MesNotifications' located by 'By.xpath: //*[@id="navBar-new"]/nav/div[3]/div/div/ul/li[1]/a/span' in '2' second(s)

2023-11-22 09:55:18 - [MESSAGE][PASSED] - Object 'Object Repository/Page_Accueil_Usager/Span_MesNotifications' is present

2023-11-22 09:55:18 - [TEST_STEP][PASSED] - if (Profiles == "Agent"): null

2023-11-22 09:55:18 - [TEST_STEP][PASSED] - else: null

2023-11-22 09:55:18 - [TEST_STEP][PASSED] - println("Vérifier le Portail de votre connexion Usager ou Agent"): null

2023-11-22 09:55:18 - [MESSAGE][PASSED] - Call Test Case 'Test Cases/Test Reutilisable/Main/Identification' successfully

2023-11-22 09:55:18 - [TEST_STEP][PASSED] - callTestCase(findTestCase("Test Reutilisable/DemandeOuRenouvelle_TitreSejour/DemandeOuRenouvelleTitreSejour"), [:], STOP_ON_FAILURE): Call Test Case 'Test Cases/Test Reutilisable/DemandeOuRenouvelle_TitreSejour/DemandeOuRenouvelleTitreSejour' successfully

2023-11-22 09:55:18 - [MESSAGE][INFO] - Checking called Test Case

2023-11-22 09:55:18 - [MESSAGE][INFO] - Starting to call Test Case 'Test Cases/Test Reutilisable/DemandeOuRenouvelle_TitreSejour/DemandeOuRenouvelleTitreSejour'

2023-11-22 09:55:18 - [TEST_CASE][PASSED] - Test Cases/Test Reutilisable/DemandeOuRenouvelle_TitreSejour/DemandeOuRenouvelleTitreSejour: Test Cases/Test Reutilisable/DemandeOuRenouvelle_TitreSejour/DemandeOuRenouvelleTitreSejour

2023-11-22 09:55:18 - [TEST_STEP][PASSED] - com.kazurayam.ksbackyard.HighlightElement.pandemic(): com.kazurayam.ksbackyard.HighlightElement.pandemic is PASSED

2023-11-22 09:55:18 - [MESSAGE][PASSED] - com.kazurayam.ksbackyard.HighlightElement.pandemic is PASSED

2023-11-22 09:55:18 - [TEST_STEP][PASSED] - delay(3): Delayed 3 second(s)

2023-11-22 09:55:18 - [MESSAGE][INFO] - Delaying browser in 3 second(s)

2023-11-22 09:55:21 - [MESSAGE][PASSED] - Delayed 3 second(s)

2023-11-22 09:55:21 - [TEST_STEP][PASSED] - doubleClick(findTestObject("Object Repository/Page_Accueil_Usager/btn_DemandeOuRenouvelleTitreSejour")): Object: 'Object Repository/Page_Accueil_Usager/btn_DemandeOuRenouvelleTitreSejour' is double clicked on

2023-11-22 09:55:21 - [MESSAGE][INFO] - Finding Test Object 'Object Repository/Page_Accueil_Usager/btn_DemandeOuRenouvelleTitreSejour'

2023-11-22 09:55:21 - [MESSAGE][INFO] - Checking object

2023-11-22 09:55:21 - [MESSAGE][INFO] - Finding web element from Test Object's properties

2023-11-22 09:55:21 - [MESSAGE][INFO] - Checking timeout

2023-11-22 09:55:21 - [MESSAGE][INFO] - Finding web element with id: 'Object Repository/Page_Accueil_Usager/btn_DemandeOuRenouvelleTitreSejour' located by 'By.xpath: //app-portal//app-portal-root/app-default-root-content/div/div/anef-tile[1]/a/span/span[2]' in '5' second(s)

2023-11-22 09:55:21 - [MESSAGE][INFO] - Smart Wait Function is triggered

2023-11-22 09:55:21 - [MESSAGE][INFO] - Found 1 web elements with id: 'Object Repository/Page_Accueil_Usager/btn_DemandeOuRenouvelleTitreSejour' located by 'By.xpath: //app-portal//app-portal-root/app-default-root-content/div/div/anef-tile[1]/a/span/span[2]' in '5' second(s)

2023-11-22 09:55:21 - [MESSAGE][INFO] - Double clicking on object: 'Object Repository/Page_Accueil_Usager/btn_DemandeOuRenouvelleTitreSejour'

2023-11-22 09:55:22 - [MESSAGE][PASSED] - Object: 'Object Repository/Page_Accueil_Usager/btn_DemandeOuRenouvelleTitreSejour' is double clicked on

2023-11-22 09:55:22 - [TEST_STEP][PASSED] - delay(3): Delayed 3 second(s)

2023-11-22 09:55:22 - [MESSAGE][INFO] - Delaying browser in 3 second(s)

2023-11-22 09:55:25 - [MESSAGE][PASSED] - Delayed 3 second(s)

2023-11-22 09:55:25 - [TEST_STEP][PASSED] - switch (PourQui): null

2023-11-22 09:55:25 - [TEST_STEP][PASSED] - case "Moi-même":: null

2023-11-22 09:55:25 - [TEST_STEP][PASSED] - check(findTestObject("Object Repository/Page_Accueil_Usager/CheckBox_Moi-meme")): Object 'Object Repository/Page_Accueil_Usager/CheckBox_Moi-meme' is checked

2023-11-22 09:55:25 - [MESSAGE][INFO] - Finding Test Object 'Object Repository/Page_Accueil_Usager/CheckBox_Moi-meme'

2023-11-22 09:55:25 - [MESSAGE][INFO] - Checking object

2023-11-22 09:55:25 - [MESSAGE][INFO] - Finding web element from Test Object's properties

2023-11-22 09:55:25 - [MESSAGE][INFO] - Checking timeout

2023-11-22 09:55:25 - [MESSAGE][INFO] - Finding web element with id: 'Object Repository/Page_Accueil_Usager/CheckBox_Moi-meme' located by 'By.xpath: //*/div[1]/app-radio-tree-button/div/p-radiobutton/div/div[2]/span' in '5' second(s)

2023-11-22 09:55:25 - [MESSAGE][INFO] - Smart Wait Function is triggered

2023-11-22 09:55:25 - [MESSAGE][INFO] - Found 1 web elements with id: 'Object Repository/Page_Accueil_Usager/CheckBox_Moi-meme' located by 'By.xpath: //*/div[1]/app-radio-tree-button/div/p-radiobutton/div/div[2]/span' in '5' second(s)

2023-11-22 09:55:25 - [MESSAGE][INFO] - Checking on bject 'Object Repository/Page_Accueil_Usager/CheckBox_Moi-meme'

2023-11-22 09:55:27 - [MESSAGE][PASSED] - Object 'Object Repository/Page_Accueil_Usager/CheckBox_Moi-meme' is checked

2023-11-22 09:55:27 - [TEST_STEP][PASSED] - break: null

2023-11-22 09:55:27 - [TEST_STEP][PASSED] - click(findTestObject("Object Repository/Page_Accueil_Usager/btn_JeContinue")): Object: 'Object Repository/Page_Accueil_Usager/btn_JeContinue' is clicked on

2023-11-22 09:55:27 - [MESSAGE][INFO] - Finding Test Object 'Object Repository/Page_Accueil_Usager/btn_JeContinue'

2023-11-22 09:55:27 - [MESSAGE][INFO] - Checking timeout

2023-11-22 09:55:27 - [MESSAGE][INFO] - Finding web element with id: 'Object Repository/Page_Accueil_Usager/btn_JeContinue' located by 'By.xpath: //*[@ng-reflect-label='Je continue']|/html/body/app-root/div/app-portal/main/app-triage-demandeur/div/div/div/form/div[2]/button/span' in '20' second(s)

2023-11-22 09:55:27 - [MESSAGE][INFO] - Smart Wait Function is triggered

2023-11-22 09:55:27 - [MESSAGE][INFO] - Found 2 web elements with id: 'Object Repository/Page_Accueil_Usager/btn_JeContinue' located by 'By.xpath: //*[@ng-reflect-label='Je continue']|/html/body/app-root/div/app-portal/main/app-triage-demandeur/div/div/div/form/div[2]/button/span' in '20' second(s)

2023-11-22 09:55:27 - [MESSAGE][INFO] - Checking object

2023-11-22 09:55:27 - [MESSAGE][INFO] - Checking timeout

2023-11-22 09:55:27 - [MESSAGE][INFO] - Finding web element from Test Object's properties

2023-11-22 09:55:27 - [MESSAGE][INFO] - Checking timeout

2023-11-22 09:55:27 - [MESSAGE][INFO] - Finding web element with id: 'Object Repository/Page_Accueil_Usager/btn_JeContinue' located by 'By.xpath: //*[@ng-reflect-label='Je continue']|/html/body/app-root/div/app-portal/main/app-triage-demandeur/div/div/div/form/div[2]/button/span' in '5' second(s)

2023-11-22 09:55:27 - [MESSAGE][INFO] - Smart Wait Function is triggered

2023-11-22 09:55:27 - [MESSAGE][INFO] - Found 2 web elements with id: 'Object Repository/Page_Accueil_Usager/btn_JeContinue' located by 'By.xpath: //*[@ng-reflect-label='Je continue']|/html/body/app-root/div/app-portal/main/app-triage-demandeur/div/div/div/form/div[2]/button/span' in '5' second(s)

2023-11-22 09:55:27 - [MESSAGE][INFO] - Clicking on object: 'Object Repository/Page_Accueil_Usager/btn_JeContinue'

2023-11-22 09:55:29 - [MESSAGE][PASSED] - Object: 'Object Repository/Page_Accueil_Usager/btn_JeContinue' is clicked on

2023-11-22 09:55:29 - [MESSAGE][PASSED] - Call Test Case 'Test Cases/Test Reutilisable/DemandeOuRenouvelle_TitreSejour/DemandeOuRenouvelleTitreSejour' successfully

2023-11-22 09:55:29 - [TEST_STEP][PASSED] - callTestCase(findTestCase("Test Reutilisable/DemandeOuRenouvelle_TitreSejour/FormulaireTypeDeTitreDeSejour"), ["TypeTitreDeSejour":TypeTitreDeSejour, "Titre":Titre], STOP_ON_FAILURE): Call Test Case 'Test Cases/Test Reutilisable/DemandeOuRenouvelle_TitreSejour/FormulaireTypeDeTitreDeSejour' successfully

2023-11-22 09:55:29 - [MESSAGE][INFO] - Checking called Test Case

2023-11-22 09:55:29 - [MESSAGE][INFO] - Starting to call Test Case 'Test Cases/Test Reutilisable/DemandeOuRenouvelle_TitreSejour/FormulaireTypeDeTitreDeSejour'

2023-11-22 09:55:29 - [TEST_CASE][PASSED] - Test Cases/Test Reutilisable/DemandeOuRenouvelle_TitreSejour/FormulaireTypeDeTitreDeSejour: Test Cases/Test Reutilisable/DemandeOuRenouvelle_TitreSejour/FormulaireTypeDeTitreDeSejour

2023-11-22 09:55:30 - [TEST_STEP][PASSED] - com.kazurayam.ksbackyard.HighlightElement.pandemic(): com.kazurayam.ksbackyard.HighlightElement.pandemic is PASSED

2023-11-22 09:55:30 - [MESSAGE][PASSED] - com.kazurayam.ksbackyard.HighlightElement.pandemic is PASSED

2023-11-22 09:55:30 - [TEST_STEP][PASSED] - delay(10): Delayed 10 second(s)

2023-11-22 09:55:30 - [MESSAGE][INFO] - Delaying browser in 10 second(s)

2023-11-22 09:55:40 - [MESSAGE][PASSED] - Delayed 10 second(s)

2023-11-22 09:55:40 - [TEST_STEP][PASSED] - switch (TypeTitreDeSejour): null

2023-11-22 09:55:40 - [TEST_STEP][PASSED] - case "ArtisteSalarie":: null

2023-11-22 09:55:40 - [TEST_STEP][PASSED] - if (Titre == "Visiteur" || Titre == "Etudiant"): Object: 'Object Repository/Page_DemarcheRenouvellement/Btn_JeContinue' is clicked on

2023-11-22 09:55:40 - [TEST_STEP][PASSED] - check(findTestObject("Object Repository/Page_DemarcheRenouvellement/CheckBox_SolliciteTS_PasseportTalent")): Object 'Object Repository/Page_DemarcheRenouvellement/CheckBox_SolliciteTS_PasseportTalent' is checked

2023-11-22 09:55:40 - [MESSAGE][INFO] - Finding Test Object 'Object Repository/Page_DemarcheRenouvellement/CheckBox_SolliciteTS_PasseportTalent'

2023-11-22 09:55:40 - [MESSAGE][INFO] - Checking object

2023-11-22 09:55:40 - [MESSAGE][INFO] - Finding web element from Test Object's properties

2023-11-22 09:55:40 - [MESSAGE][INFO] - Checking timeout

2023-11-22 09:55:40 - [MESSAGE][INFO] - Finding web element with id: 'Object Repository/Page_DemarcheRenouvellement/CheckBox_SolliciteTS_PasseportTalent' located by 'By.xpath: //*/div[3]/app-radio-tree-button/div/p-radiobutton/div/div[2]/span' in '5' second(s)

2023-11-22 09:55:40 - [MESSAGE][INFO] - Smart Wait Function is triggered

2023-11-22 09:55:40 - [MESSAGE][INFO] - Found 1 web elements with id: 'Object Repository/Page_DemarcheRenouvellement/CheckBox_SolliciteTS_PasseportTalent' located by 'By.xpath: //*/div[3]/app-radio-tree-button/div/p-radiobutton/div/div[2]/span' in '5' second(s)

2023-11-22 09:55:40 - [MESSAGE][INFO] - Checking on bject 'Object Repository/Page_DemarcheRenouvellement/CheckBox_SolliciteTS_PasseportTalent'

2023-11-22 09:55:42 - [MESSAGE][PASSED] - Object 'Object Repository/Page_DemarcheRenouvellement/CheckBox_SolliciteTS_PasseportTalent' is checked

2023-11-22 09:55:42 - [TEST_STEP][PASSED] - check(findTestObject("Object Repository/Page_DemarcheRenouvellement/CheckBox_SolliciteTS_Artiste")): Object 'Object Repository/Page_DemarcheRenouvellement/CheckBox_SolliciteTS_Artiste' is checked

2023-11-22 09:55:42 - [MESSAGE][INFO] - Finding Test Object 'Object Repository/Page_DemarcheRenouvellement/CheckBox_SolliciteTS_Artiste'

2023-11-22 09:55:42 - [MESSAGE][INFO] - Checking object

2023-11-22 09:55:42 - [MESSAGE][INFO] - Finding web element from Test Object's properties

2023-11-22 09:55:42 - [MESSAGE][INFO] - Checking timeout

2023-11-22 09:55:42 - [MESSAGE][INFO] - Finding web element with id: 'Object Repository/Page_DemarcheRenouvellement/CheckBox_SolliciteTS_Artiste' located by 'By.xpath: //div/form/div[1]/div[2]/fieldset/div[3]/app-radio-tree-button/div/div/div[4]/app-radio-tree-button/div/p-radiobutton/div/div[2]/span' in '5' second(s)

2023-11-22 09:55:42 - [MESSAGE][INFO] - Smart Wait Function is triggered

2023-11-22 09:55:42 - [MESSAGE][INFO] - Found 1 web elements with id: 'Object Repository/Page_DemarcheRenouvellement/CheckBox_SolliciteTS_Artiste' located by 'By.xpath: //div/form/div[1]/div[2]/fieldset/div[3]/app-radio-tree-button/div/div/div[4]/app-radio-tree-button/div/p-radiobutton/div/div[2]/span' in '5' second(s)

2023-11-22 09:55:42 - [MESSAGE][INFO] - Checking on bject 'Object Repository/Page_DemarcheRenouvellement/CheckBox_SolliciteTS_Artiste'

2023-11-22 09:55:44 - [MESSAGE][PASSED] - Object 'Object Repository/Page_DemarcheRenouvellement/CheckBox_SolliciteTS_Artiste' is checked

2023-11-22 09:55:44 - [TEST_STEP][PASSED] - click(findTestObject("Object Repository/Page_DemarcheRenouvellement/btn_JeCommence")): Object: 'Object Repository/Page_DemarcheRenouvellement/btn_JeCommence' is clicked on

2023-11-22 09:55:44 - [MESSAGE][INFO] - Finding Test Object 'Object Repository/Page_DemarcheRenouvellement/btn_JeCommence'

2023-11-22 09:55:45 - [MESSAGE][INFO] - Checking timeout

2023-11-22 09:55:45 - [MESSAGE][INFO] - Finding web element with id: 'Object Repository/Page_DemarcheRenouvellement/btn_JeCommence' located by 'By.xpath: //app-informations-declaration//app-actions-bar//button/span[contains(.,'Je continue')]|//app-informations-demande-ptsq//app-actions-bar//button/span[contains(.,'Je continue')]|//*/div[2]/button/span|//button[@type="submit" and contains(., 'Je commence')]|//button[@type="submit" and contains(., 'Je continue')]' in '20' second(s)

2023-11-22 09:55:45 - [MESSAGE][INFO] - Smart Wait Function is triggered

2023-11-22 09:55:45 - [MESSAGE][INFO] - Found 1 web elements with id: 'Object Repository/Page_DemarcheRenouvellement/btn_JeCommence' located by 'By.xpath: //app-informations-declaration//app-actions-bar//button/span[contains(.,'Je continue')]|//app-informations-demande-ptsq//app-actions-bar//button/span[contains(.,'Je continue')]|//*/div[2]/button/span|//button[@type="submit" and contains(., 'Je commence')]|//button[@type="submit" and contains(., 'Je continue')]' in '20' second(s)

2023-11-22 09:55:45 - [MESSAGE][INFO] - Checking object

2023-11-22 09:55:45 - [MESSAGE][INFO] - Checking timeout

2023-11-22 09:55:45 - [MESSAGE][INFO] - Finding web element from Test Object's properties

2023-11-22 09:55:45 - [MESSAGE][INFO] - Checking timeout

2023-11-22 09:55:45 - [MESSAGE][INFO] - Finding web element with id: 'Object Repository/Page_DemarcheRenouvellement/btn_JeCommence' located by 'By.xpath: //app-informations-declaration//app-actions-bar//button/span[contains(.,'Je continue')]|//app-informations-demande-ptsq//app-actions-bar//button/span[contains(.,'Je continue')]|//*/div[2]/button/span|//button[@type="submit" and contains(., 'Je commence')]|//button[@type="submit" and contains(., 'Je continue')]' in '5' second(s)

2023-11-22 09:55:45 - [MESSAGE][INFO] - Smart Wait Function is triggered

2023-11-22 09:55:45 - [MESSAGE][INFO] - Found 1 web elements with id: 'Object Repository/Page_DemarcheRenouvellement/btn_JeCommence' located by 'By.xpath: //app-informations-declaration//app-actions-bar//button/span[contains(.,'Je continue')]|//app-informations-demande-ptsq//app-actions-bar//button/span[contains(.,'Je continue')]|//*/div[2]/button/span|//button[@type="submit" and contains(., 'Je commence')]|//button[@type="submit" and contains(., 'Je continue')]' in '5' second(s)

2023-11-22 09:55:45 - [MESSAGE][INFO] - Clicking on object: 'Object Repository/Page_DemarcheRenouvellement/btn_JeCommence'

2023-11-22 09:55:47 - [MESSAGE][PASSED] - Object: 'Object Repository/Page_DemarcheRenouvellement/btn_JeCommence' is clicked on

2023-11-22 09:55:47 - [TEST_STEP][PASSED] - delay(2): Delayed 2 second(s)

2023-11-22 09:55:47 - [MESSAGE][INFO] - Delaying browser in 2 second(s)

2023-11-22 09:55:49 - [MESSAGE][PASSED] - Delayed 2 second(s)

2023-11-22 09:55:49 - [TEST_STEP][PASSED] - click(findTestObject("Object Repository/Page_DemarcheRenouvellement/Btn_JeContinue")): Object: 'Object Repository/Page_DemarcheRenouvellement/Btn_JeContinue' is clicked on

2023-11-22 09:55:49 - [MESSAGE][INFO] - Finding Test Object 'Object Repository/Page_DemarcheRenouvellement/Btn_JeContinue'

2023-11-22 09:55:49 - [MESSAGE][INFO] - Checking timeout

2023-11-22 09:55:49 - [MESSAGE][INFO] - Finding web element with id: 'Object Repository/Page_DemarcheRenouvellement/Btn_JeContinue' located by 'By.xpath: //button[@type="submit" and contains(., 'Je commence')]|//span[@class="ui-button-text ui-clickable" and contains(., 'Je continue')]|//app-informations-declaration//app-actions-bar//button/span[contains(.,'Je continue')]|//app-informations-demande-ptsq//app-actions-bar//button/span[contains(.,'Je continue')]|//*/div[2]/button/span' in '20' second(s)

2023-11-22 09:55:49 - [MESSAGE][INFO] - Smart Wait Function is triggered

2023-11-22 09:55:49 - [MESSAGE][INFO] - Found 1 web elements with id: 'Object Repository/Page_DemarcheRenouvellement/Btn_JeContinue' located by 'By.xpath: //button[@type="submit" and contains(., 'Je commence')]|//span[@class="ui-button-text ui-clickable" and contains(., 'Je continue')]|//app-informations-declaration//app-actions-bar//button/span[contains(.,'Je continue')]|//app-informations-demande-ptsq//app-actions-bar//button/span[contains(.,'Je continue')]|//*/div[2]/button/span' in '20' second(s)

2023-11-22 09:55:49 - [MESSAGE][INFO] - Checking object

2023-11-22 09:55:49 - [MESSAGE][INFO] - Checking timeout

2023-11-22 09:55:49 - [MESSAGE][INFO] - Finding web element from Test Object's properties

2023-11-22 09:55:49 - [MESSAGE][INFO] - Checking timeout

2023-11-22 09:55:49 - [MESSAGE][INFO] - Finding web element with id: 'Object Repository/Page_DemarcheRenouvellement/Btn_JeContinue' located by 'By.xpath: //button[@type="submit" and contains(., 'Je commence')]|//span[@class="ui-button-text ui-clickable" and contains(., 'Je continue')]|//app-informations-declaration//app-actions-bar//button/span[contains(.,'Je continue')]|//app-informations-demande-ptsq//app-actions-bar//button/span[contains(.,'Je continue')]|//*/div[2]/button/span' in '5' second(s)

2023-11-22 09:55:49 - [MESSAGE][INFO] - Smart Wait Function is triggered

2023-11-22 09:55:49 - [MESSAGE][INFO] - Found 1 web elements with id: 'Object Repository/Page_DemarcheRenouvellement/Btn_JeContinue' located by 'By.xpath: //button[@type="submit" and contains(., 'Je commence')]|//span[@class="ui-button-text ui-clickable" and contains(., 'Je continue')]|//app-informations-declaration//app-actions-bar//button/span[contains(.,'Je continue')]|//app-informations-demande-ptsq//app-actions-bar//button/span[contains(.,'Je continue')]|//*/div[2]/button/span' in '5' second(s)

2023-11-22 09:55:49 - [MESSAGE][INFO] - Clicking on object: 'Object Repository/Page_DemarcheRenouvellement/Btn_JeContinue'

2023-11-22 09:55:51 - [MESSAGE][PASSED] - Object: 'Object Repository/Page_DemarcheRenouvellement/Btn_JeContinue' is clicked on

2023-11-22 09:55:51 - [TEST_STEP][PASSED] - break: null

2023-11-22 09:55:51 - [TEST_STEP][PASSED] - "Vérification s il y a un message Erreur : Il est trop tôt pour demander le renouvellement de votre titre.": null

2023-11-22 09:55:51 - [TEST_STEP][PASSED] - MsgAlertPresent = verifyElementPresent(findTestObject("Object Repository/Page_Accueil_Usager/Verif_PopUpTropTotPourDemanderLeRenouvellementDeVotreTitre"), 1, OPTIONAL): com.kms.katalon.core.webui.exception.WebElementNotFoundException: Web element with id: 'Object Repository/Page_Accueil_Usager/Verif_PopUpTropTotPourDemanderLeRenouvellementDeVotreTitre' located by '/html/body/app-root/div/app-portal/main/app-theme-v2/div/app-triage/div/div/div/form/div[2]/div/p-message/div/span[2]' not found (Root cause: com.kms.katalon.core.exception.StepFailedException: com.kms.katalon.core.webui.exception.WebElementNotFoundException: Web element with id: 'Object Repository/Page_Accueil_Usager/Verif_PopUpTropTotPourDemanderLeRenouvellementDeVotreTitre' located by '/html/body/app-root/div/app-portal/main/app-theme-v2/div/app-triage/div/div/div/form/div[2]/div/p-message/div/span[2]' not found
	at com.kms.katalon.core.webui.keyword.internal.WebUIKeywordMain.stepFailed(WebUIKeywordMain.groovy:64)
	at com.kms.katalon.core.webui.keyword.builtin.VerifyElementPresentKeyword$_verifyElementPresent_closure1.doCall(VerifyElementPresentKeyword.groovy:85)
	at com.kms.katalon.core.webui.keyword.builtin.VerifyElementPresentKeyword$_verifyElementPresent_closure1.call(VerifyElementPresentKeyword.groovy)
	at com.kms.katalon.core.webui.keyword.internal.WebUIKeywordMain.runKeyword(WebUIKeywordMain.groovy:20)
	at com.kms.katalon.core.webui.keyword.builtin.VerifyElementPresentKeyword.verifyElementPresent(VerifyElementPresentKeyword.groovy:92)
	at com.kms.katalon.core.webui.keyword.builtin.VerifyElementPresentKeyword.execute(VerifyElementPresentKeyword.groovy:68)
	at com.kms.katalon.core.keyword.internal.KeywordExecutor.executeKeywordForPlatform(KeywordExecutor.groovy:74)
	at com.kms.katalon.core.webui.keyword.WebUiBuiltInKeywords.verifyElementPresent(WebUiBuiltInKeywords.groovy:1448)
	at com.kazurayam.ksbackyard.HighlightElement$_pandemic_closure1.doCall(HighlightElement.groovy:105)
	at FormulaireTypeDeTitreDeSejour.run(FormulaireTypeDeTitreDeSejour:290)
	at com.kms.katalon.core.main.ScriptEngine.run(ScriptEngine.java:194)
	at com.kms.katalon.core.main.ScriptEngine.runScriptAsRawText(ScriptEngine.java:119)
	at com.kms.katalon.core.main.TestCaseExecutor.runScript(TestCaseExecutor.java:448)
	at com.kms.katalon.core.main.TestCaseExecutor.doExecute(TestCaseExecutor.java:439)
	at com.kms.katalon.core.main.TestCaseExecutor.processExecutionPhase(TestCaseExecutor.java:418)
	at com.kms.katalon.core.main.TestCaseExecutor.accessMainPhase(TestCaseExecutor.java:410)
	at com.kms.katalon.core.main.TestCaseExecutor.execute(TestCaseExecutor.java:285)
	at com.kms.katalon.core.main.TestCaseMain.runTestCase(TestCaseMain.java:144)
	at com.kms.katalon.core.keyword.builtin.CallTestCaseKeyword$_callTestCase_closure1.doCall(CallTestCaseKeyword.groovy:59)
	at com.kms.katalon.core.keyword.builtin.CallTestCaseKeyword$_callTestCase_closure1.call(CallTestCaseKeyword.groovy)
	at com.kms.katalon.core.keyword.internal.KeywordMain.runKeyword(KeywordMain.groovy:75)
	at com.kms.katalon.core.keyword.builtin.CallTestCaseKeyword.callTestCase(CallTestCaseKeyword.groovy:81)
	at com.kms.katalon.core.keyword.builtin.CallTestCaseKeyword.execute(CallTestCaseKeyword.groovy:44)
	at com.kms.katalon.core.keyword.internal.KeywordExecutor.executeKeywordForPlatform(KeywordExecutor.groovy:74)
	at com.kms.katalon.core.keyword.BuiltinKeywords.callTestCase(BuiltinKeywords.groovy:310)
	at com.kazurayam.ksbackyard.HighlightElement$_pandemic_closure1.doCall(HighlightElement.groovy:105)
	at TNR R.TSPT Supp90-Etudiant.run(TNR R.TSPT Supp90-Etudiant:43)
	at com.kms.katalon.core.main.ScriptEngine.run(ScriptEngine.java:194)
	at com.kms.katalon.core.main.ScriptEngine.runScriptAsRawText(ScriptEngine.java:119)
	at com.kms.katalon.core.main.TestCaseExecutor.runScript(TestCaseExecutor.java:448)
	at com.kms.katalon.core.main.TestCaseExecutor.doExecute(TestCaseExecutor.java:439)
	at com.kms.katalon.core.main.TestCaseExecutor.processExecutionPhase(TestCaseExecutor.java:418)
	at com.kms.katalon.core.main.TestCaseExecutor.accessMainPhase(TestCaseExecutor.java:410)
	at com.kms.katalon.core.main.TestCaseExecutor.execute(TestCaseExecutor.java:285)
	at com.kms.katalon.core.common.CommonExecutor.accessTestCaseMainPhase(CommonExecutor.java:65)
	at com.kms.katalon.core.main.TestSuiteExecutor.accessTestSuiteMainPhase(TestSuiteExecutor.java:148)
	at com.kms.katalon.core.main.TestSuiteExecutor.execute(TestSuiteExecutor.java:106)
	at com.kms.katalon.core.main.TestCaseMain.startTestSuite(TestCaseMain.java:187)
	at com.kms.katalon.core.main.TestCaseMain$startTestSuite$0.call(Unknown Source)
	at TempTestSuite1700643238830.run(TempTestSuite1700643238830.groovy:36)
)

2023-11-22 09:55:51 - [MESSAGE][INFO] - Finding Test Object 'Object Repository/Page_Accueil_Usager/Verif_PopUpTropTotPourDemanderLeRenouvellementDeVotreTitre'

2023-11-22 09:55:51 - [MESSAGE][INFO] - Checking object

2023-11-22 09:55:51 - [MESSAGE][INFO] - Finding web element from Test Object's properties

2023-11-22 09:55:51 - [MESSAGE][INFO] - Checking timeout

2023-11-22 09:55:51 - [MESSAGE][INFO] - Finding web element with id: 'Object Repository/Page_Accueil_Usager/Verif_PopUpTropTotPourDemanderLeRenouvellementDeVotreTitre' located by 'By.xpath: /html/body/app-root/div/app-portal/main/app-theme-v2/div/app-triage/div/div/div/form/div[2]/div/p-message/div/span[2]' in '1' second(s)

2023-11-22 09:55:51 - [MESSAGE][INFO] - Smart Wait Function is triggered

2023-11-22 09:55:51 - [MESSAGE][INFO] - Smart Wait Function is triggered

2023-11-22 09:55:51 - [MESSAGE][INFO] - Smart Wait Function is triggered

2023-11-22 09:55:52 - [MESSAGE][INFO] - Smart Wait Function is triggered

2023-11-22 09:55:52 - [MESSAGE][INFO] - Smart Wait Function is triggered

2023-11-22 09:55:52 - [MESSAGE][INFO] - Smart Wait Function is triggered

2023-11-22 09:55:52 - [MESSAGE][INFO] - Smart Wait Function is triggered

2023-11-22 09:55:52 - [MESSAGE][INFO] - Smart Wait Function is triggered

2023-11-22 09:55:52 - [MESSAGE][INFO] - Smart Wait Function is triggered

2023-11-22 09:55:52 - [MESSAGE][INFO] - Smart Wait Function is triggered

2023-11-22 09:55:52 - [MESSAGE][INFO] - Smart Wait Function is triggered

2023-11-22 09:55:52 - [MESSAGE][INFO] - Smart Wait Function is triggered

2023-11-22 09:55:52 - [MESSAGE][INFO] - Smart Wait Function is triggered

2023-11-22 09:55:52 - [MESSAGE][INFO] - Smart Wait Function is triggered

2023-11-22 09:55:52 - [MESSAGE][INFO] - Smart Wait Function is triggered

2023-11-22 09:55:52 - [MESSAGE][INFO] - Smart Wait Function is triggered

2023-11-22 09:55:52 - [MESSAGE][INFO] - Smart Wait Function is triggered

2023-11-22 09:55:52 - [MESSAGE][INFO] - Smart Wait Function is triggered

2023-11-22 09:55:52 - [MESSAGE][INFO] - Smart Wait Function is triggered

2023-11-22 09:55:52 - [MESSAGE][INFO] - Smart Wait Function is triggered

2023-11-22 09:55:52 - [MESSAGE][INFO] - Smart Wait Function is triggered

2023-11-22 09:55:52 - [MESSAGE][INFO] - Smart Wait Function is triggered

2023-11-22 09:55:52 - [MESSAGE][INFO] - Smart Wait Function is triggered

2023-11-22 09:55:52 - [MESSAGE][INFO] - Smart Wait Function is triggered

2023-11-22 09:55:52 - [MESSAGE][INFO] - Smart Wait Function is triggered

2023-11-22 09:55:52 - [MESSAGE][INFO] - Smart Wait Function is triggered

2023-11-22 09:55:52 - [MESSAGE][INFO] - Smart Wait Function is triggered

2023-11-22 09:55:52 - [MESSAGE][INFO] - Smart Wait Function is triggered

2023-11-22 09:55:52 - [MESSAGE][INFO] - Smart Wait Function is triggered

2023-11-22 09:55:52 - [MESSAGE][INFO] - Smart Wait Function is triggered

2023-11-22 09:55:52 - [MESSAGE][INFO] - Smart Wait Function is triggered

2023-11-22 09:55:52 - [MESSAGE][INFO] - Smart Wait Function is triggered

2023-11-22 09:55:52 - [MESSAGE][INFO] - Smart Wait Function is triggered

2023-11-22 09:55:52 - [MESSAGE][INFO] - Smart Wait Function is triggered

2023-11-22 09:55:52 - [MESSAGE][INFO] - Smart Wait Function is triggered

2023-11-22 09:55:53 - [MESSAGE][INFO] - Smart Wait Function is triggered

2023-11-22 09:55:53 - [MESSAGE][INFO] - Smart Wait Function is triggered

2023-11-22 09:55:53 - [MESSAGE][INFO] - Smart Wait Function is triggered

2023-11-22 09:55:53 - [MESSAGE][INFO] - Smart Wait Function is triggered

2023-11-22 09:55:53 - [MESSAGE][INFO] - Smart Wait Function is triggered

2023-11-22 09:55:53 - [MESSAGE][INFO] - Smart Wait Function is triggered

2023-11-22 09:55:53 - [MESSAGE][INFO] - Smart Wait Function is triggered

2023-11-22 09:55:53 - [MESSAGE][INFO] - Smart Wait Function is triggered

2023-11-22 09:55:53 - [MESSAGE][INFO] - Smart Wait Function is triggered

2023-11-22 09:55:53 - [MESSAGE][INFO] - Smart Wait Function is triggered

2023-11-22 09:55:53 - [MESSAGE][INFO] - Smart Wait Function is triggered

2023-11-22 09:55:53 - [MESSAGE][INFO] - Smart Wait Function is triggered

2023-11-22 09:55:53 - [MESSAGE][INFO] - Smart Wait Function is triggered

2023-11-22 09:55:53 - [MESSAGE][INFO] - Smart Wait Function is triggered

2023-11-22 09:55:53 - [MESSAGE][INFO] - Smart Wait Function is triggered

2023-11-22 09:55:53 - [MESSAGE][INFO] - Smart Wait Function is triggered

2023-11-22 09:55:53 - [MESSAGE][INFO] - Smart Wait Function is triggered

2023-11-22 09:55:53 - [MESSAGE][INFO] - Smart Wait Function is triggered

2023-11-22 09:55:53 - [MESSAGE][INFO] - Smart Wait Function is triggered

2023-11-22 09:55:53 - [MESSAGE][INFO] - Unable to find the element located by 'By.xpath: /html/body/app-root/div/app-portal/main/app-theme-v2/div/app-triage/div/div/div/form/div[2]/div/p-message/div/span[2]'. Please recheck the objects properties to make sure the desired element is located. 

2023-11-22 09:55:53 - [MESSAGE][WARNING] - com.kms.katalon.core.webui.exception.WebElementNotFoundException: Web element with id: 'Object Repository/Page_Accueil_Usager/Verif_PopUpTropTotPourDemanderLeRenouvellementDeVotreTitre' located by '/html/body/app-root/div/app-portal/main/app-theme-v2/div/app-triage/div/div/div/form/div[2]/div/p-message/div/span[2]' not found (Root cause: com.kms.katalon.core.exception.StepFailedException: com.kms.katalon.core.webui.exception.WebElementNotFoundException: Web element with id: 'Object Repository/Page_Accueil_Usager/Verif_PopUpTropTotPourDemanderLeRenouvellementDeVotreTitre' located by '/html/body/app-root/div/app-portal/main/app-theme-v2/div/app-triage/div/div/div/form/div[2]/div/p-message/div/span[2]' not found
	at com.kms.katalon.core.webui.keyword.internal.WebUIKeywordMain.stepFailed(WebUIKeywordMain.groovy:64)
	at com.kms.katalon.core.webui.keyword.builtin.VerifyElementPresentKeyword$_verifyElementPresent_closure1.doCall(VerifyElementPresentKeyword.groovy:85)
	at com.kms.katalon.core.webui.keyword.builtin.VerifyElementPresentKeyword$_verifyElementPresent_closure1.call(VerifyElementPresentKeyword.groovy)
	at com.kms.katalon.core.webui.keyword.internal.WebUIKeywordMain.runKeyword(WebUIKeywordMain.groovy:20)
	at com.kms.katalon.core.webui.keyword.builtin.VerifyElementPresentKeyword.verifyElementPresent(VerifyElementPresentKeyword.groovy:92)
	at com.kms.katalon.core.webui.keyword.builtin.VerifyElementPresentKeyword.execute(VerifyElementPresentKeyword.groovy:68)
	at com.kms.katalon.core.keyword.internal.KeywordExecutor.executeKeywordForPlatform(KeywordExecutor.groovy:74)
	at com.kms.katalon.core.webui.keyword.WebUiBuiltInKeywords.verifyElementPresent(WebUiBuiltInKeywords.groovy:1448)
	at com.kazurayam.ksbackyard.HighlightElement$_pandemic_closure1.doCall(HighlightElement.groovy:105)
	at FormulaireTypeDeTitreDeSejour.run(FormulaireTypeDeTitreDeSejour:290)
	at com.kms.katalon.core.main.ScriptEngine.run(ScriptEngine.java:194)
	at com.kms.katalon.core.main.ScriptEngine.runScriptAsRawText(ScriptEngine.java:119)
	at com.kms.katalon.core.main.TestCaseExecutor.runScript(TestCaseExecutor.java:448)
	at com.kms.katalon.core.main.TestCaseExecutor.doExecute(TestCaseExecutor.java:439)
	at com.kms.katalon.core.main.TestCaseExecutor.processExecutionPhase(TestCaseExecutor.java:418)
	at com.kms.katalon.core.main.TestCaseExecutor.accessMainPhase(TestCaseExecutor.java:410)
	at com.kms.katalon.core.main.TestCaseExecutor.execute(TestCaseExecutor.java:285)
	at com.kms.katalon.core.main.TestCaseMain.runTestCase(TestCaseMain.java:144)
	at com.kms.katalon.core.keyword.builtin.CallTestCaseKeyword$_callTestCase_closure1.doCall(CallTestCaseKeyword.groovy:59)
	at com.kms.katalon.core.keyword.builtin.CallTestCaseKeyword$_callTestCase_closure1.call(CallTestCaseKeyword.groovy)
	at com.kms.katalon.core.keyword.internal.KeywordMain.runKeyword(KeywordMain.groovy:75)
	at com.kms.katalon.core.keyword.builtin.CallTestCaseKeyword.callTestCase(CallTestCaseKeyword.groovy:81)
	at com.kms.katalon.core.keyword.builtin.CallTestCaseKeyword.execute(CallTestCaseKeyword.groovy:44)
	at com.kms.katalon.core.keyword.internal.KeywordExecutor.executeKeywordForPlatform(KeywordExecutor.groovy:74)
	at com.kms.katalon.core.keyword.BuiltinKeywords.callTestCase(BuiltinKeywords.groovy:310)
	at com.kazurayam.ksbackyard.HighlightElement$_pandemic_closure1.doCall(HighlightElement.groovy:105)
	at TNR R.TSPT Supp90-Etudiant.run(TNR R.TSPT Supp90-Etudiant:43)
	at com.kms.katalon.core.main.ScriptEngine.run(ScriptEngine.java:194)
	at com.kms.katalon.core.main.ScriptEngine.runScriptAsRawText(ScriptEngine.java:119)
	at com.kms.katalon.core.main.TestCaseExecutor.runScript(TestCaseExecutor.java:448)
	at com.kms.katalon.core.main.TestCaseExecutor.doExecute(TestCaseExecutor.java:439)
	at com.kms.katalon.core.main.TestCaseExecutor.processExecutionPhase(TestCaseExecutor.java:418)
	at com.kms.katalon.core.main.TestCaseExecutor.accessMainPhase(TestCaseExecutor.java:410)
	at com.kms.katalon.core.main.TestCaseExecutor.execute(TestCaseExecutor.java:285)
	at com.kms.katalon.core.common.CommonExecutor.accessTestCaseMainPhase(CommonExecutor.java:65)
	at com.kms.katalon.core.main.TestSuiteExecutor.accessTestSuiteMainPhase(TestSuiteExecutor.java:148)
	at com.kms.katalon.core.main.TestSuiteExecutor.execute(TestSuiteExecutor.java:106)
	at com.kms.katalon.core.main.TestCaseMain.startTestSuite(TestCaseMain.java:187)
	at com.kms.katalon.core.main.TestCaseMain$startTestSuite$0.call(Unknown Source)
	at TempTestSuite1700643238830.run(TempTestSuite1700643238830.groovy:36)
)
[[ATTACHMENT|C:\\Users\\hhizaoui\\.git\\NewProject29092023\\Nouveau dossier1\\21_11\\ANEF-AutomatizationProject\\Reports\\20231122_095358\\TS_TNR_R.TSPT_Suppo90\\20231122_095358\\1700643353621.png]]

2023-11-22 09:55:53 - [TEST_STEP][PASSED] - if (MsgAlertPresent): null

2023-11-22 09:55:53 - [TEST_STEP][PASSED] - else:  C'est le bon Moment pour demander le renouvellement de votre titre.

2023-11-22 09:55:53 - [TEST_STEP][PASSED] - markPassed(" C'est le bon Moment pour demander le renouvellement de votre titre."):  C'est le bon Moment pour demander le renouvellement de votre titre.

2023-11-22 09:55:53 - [MESSAGE][PASSED] -  C'est le bon Moment pour demander le renouvellement de votre titre.

2023-11-22 09:55:53 - [MESSAGE][PASSED] - Call Test Case 'Test Cases/Test Reutilisable/DemandeOuRenouvelle_TitreSejour/FormulaireTypeDeTitreDeSejour' successfully

2023-11-22 09:55:53 - [TEST_STEP][PASSED] - callTestCase(findTestCase("Test Reutilisable/DemandeOuRenouvelle_TitreSejour/FormulaireInformationsPersonnelles"), ["AdresseUsager":AdresseUsager, "NumeroTelephoneUsager":NumeroTelephoneUsager], STOP_ON_FAILURE): Call Test Case 'Test Cases/Test Reutilisable/DemandeOuRenouvelle_TitreSejour/FormulaireInformationsPersonnelles' successfully

2023-11-22 09:55:53 - [MESSAGE][INFO] - Checking called Test Case

2023-11-22 09:55:53 - [MESSAGE][INFO] - Starting to call Test Case 'Test Cases/Test Reutilisable/DemandeOuRenouvelle_TitreSejour/FormulaireInformationsPersonnelles'

2023-11-22 09:55:53 - [TEST_CASE][PASSED] - Test Cases/Test Reutilisable/DemandeOuRenouvelle_TitreSejour/FormulaireInformationsPersonnelles: Test Cases/Test Reutilisable/DemandeOuRenouvelle_TitreSejour/FormulaireInformationsPersonnelles

2023-11-22 09:55:55 - [TEST_STEP][PASSED] - com.kazurayam.ksbackyard.HighlightElement.pandemic(): com.kazurayam.ksbackyard.HighlightElement.pandemic is PASSED

2023-11-22 09:55:55 - [MESSAGE][PASSED] - com.kazurayam.ksbackyard.HighlightElement.pandemic is PASSED

2023-11-22 09:55:55 - [TEST_STEP][PASSED] - if (verifyElementPresent(findTestObject("Object Repository/Page_InformationPersonnelles_Usager/CheckBox_liensPersonnelsFamiliaux_1_Non"), 1, OPTIONAL)): com.kms.katalon.core.webui.exception.WebElementNotFoundException: Web element with id: 'Object Repository/Page_InformationPersonnelles_Usager/CheckBox_liensPersonnelsFamiliaux_1_Non' located by '//*[@id="ui-accordiontab-1-content"]/div/div/div[1]/div/anef-input-radio/div/div/fieldset/div/div[2]/p-radiobutton/div/div[2]/span' not found (Root cause: com.kms.katalon.core.exception.StepFailedException: com.kms.katalon.core.webui.exception.WebElementNotFoundException: Web element with id: 'Object Repository/Page_InformationPersonnelles_Usager/CheckBox_liensPersonnelsFamiliaux_1_Non' located by '//*[@id="ui-accordiontab-1-content"]/div/div/div[1]/div/anef-input-radio/div/div/fieldset/div/div[2]/p-radiobutton/div/div[2]/span' not found
	at com.kms.katalon.core.webui.keyword.internal.WebUIKeywordMain.stepFailed(WebUIKeywordMain.groovy:64)
	at com.kms.katalon.core.webui.keyword.builtin.VerifyElementPresentKeyword$_verifyElementPresent_closure1.doCall(VerifyElementPresentKeyword.groovy:85)
	at com.kms.katalon.core.webui.keyword.builtin.VerifyElementPresentKeyword$_verifyElementPresent_closure1.call(VerifyElementPresentKeyword.groovy)
	at com.kms.katalon.core.webui.keyword.internal.WebUIKeywordMain.runKeyword(WebUIKeywordMain.groovy:20)
	at com.kms.katalon.core.webui.keyword.builtin.VerifyElementPresentKeyword.verifyElementPresent(VerifyElementPresentKeyword.groovy:92)
	at com.kms.katalon.core.webui.keyword.builtin.VerifyElementPresentKeyword.execute(VerifyElementPresentKeyword.groovy:68)
	at com.kms.katalon.core.keyword.internal.KeywordExecutor.executeKeywordForPlatform(KeywordExecutor.groovy:74)
	at com.kms.katalon.core.webui.keyword.WebUiBuiltInKeywords.verifyElementPresent(WebUiBuiltInKeywords.groovy:1448)
	at com.kazurayam.ksbackyard.HighlightElement$_pandemic_closure1.doCall(HighlightElement.groovy:105)
	at FormulaireInformationsPersonnelles.run(FormulaireInformationsPersonnelles:28)
	at com.kms.katalon.core.main.ScriptEngine.run(ScriptEngine.java:194)
	at com.kms.katalon.core.main.ScriptEngine.runScriptAsRawText(ScriptEngine.java:119)
	at com.kms.katalon.core.main.TestCaseExecutor.runScript(TestCaseExecutor.java:448)
	at com.kms.katalon.core.main.TestCaseExecutor.doExecute(TestCaseExecutor.java:439)
	at com.kms.katalon.core.main.TestCaseExecutor.processExecutionPhase(TestCaseExecutor.java:418)
	at com.kms.katalon.core.main.TestCaseExecutor.accessMainPhase(TestCaseExecutor.java:410)
	at com.kms.katalon.core.main.TestCaseExecutor.execute(TestCaseExecutor.java:285)
	at com.kms.katalon.core.main.TestCaseMain.runTestCase(TestCaseMain.java:144)
	at com.kms.katalon.core.keyword.builtin.CallTestCaseKeyword$_callTestCase_closure1.doCall(CallTestCaseKeyword.groovy:59)
	at com.kms.katalon.core.keyword.builtin.CallTestCaseKeyword$_callTestCase_closure1.call(CallTestCaseKeyword.groovy)
	at com.kms.katalon.core.keyword.internal.KeywordMain.runKeyword(KeywordMain.groovy:75)
	at com.kms.katalon.core.keyword.builtin.CallTestCaseKeyword.callTestCase(CallTestCaseKeyword.groovy:81)
	at com.kms.katalon.core.keyword.builtin.CallTestCaseKeyword.execute(CallTestCaseKeyword.groovy:44)
	at com.kms.katalon.core.keyword.internal.KeywordExecutor.executeKeywordForPlatform(KeywordExecutor.groovy:74)
	at com.kms.katalon.core.keyword.BuiltinKeywords.callTestCase(BuiltinKeywords.groovy:310)
	at com.kazurayam.ksbackyard.HighlightElement$_pandemic_closure1.doCall(HighlightElement.groovy:105)
	at TNR R.TSPT Supp90-Etudiant.run(TNR R.TSPT Supp90-Etudiant:47)
	at com.kms.katalon.core.main.ScriptEngine.run(ScriptEngine.java:194)
	at com.kms.katalon.core.main.ScriptEngine.runScriptAsRawText(ScriptEngine.java:119)
	at com.kms.katalon.core.main.TestCaseExecutor.runScript(TestCaseExecutor.java:448)
	at com.kms.katalon.core.main.TestCaseExecutor.doExecute(TestCaseExecutor.java:439)
	at com.kms.katalon.core.main.TestCaseExecutor.processExecutionPhase(TestCaseExecutor.java:418)
	at com.kms.katalon.core.main.TestCaseExecutor.accessMainPhase(TestCaseExecutor.java:410)
	at com.kms.katalon.core.main.TestCaseExecutor.execute(TestCaseExecutor.java:285)
	at com.kms.katalon.core.common.CommonExecutor.accessTestCaseMainPhase(CommonExecutor.java:65)
	at com.kms.katalon.core.main.TestSuiteExecutor.accessTestSuiteMainPhase(TestSuiteExecutor.java:148)
	at com.kms.katalon.core.main.TestSuiteExecutor.execute(TestSuiteExecutor.java:106)
	at com.kms.katalon.core.main.TestCaseMain.startTestSuite(TestCaseMain.java:187)
	at com.kms.katalon.core.main.TestCaseMain$startTestSuite$0.call(Unknown Source)
	at TempTestSuite1700643238830.run(TempTestSuite1700643238830.groovy:36)
)

2023-11-22 09:55:55 - [MESSAGE][INFO] - Finding Test Object 'Object Repository/Page_InformationPersonnelles_Usager/CheckBox_liensPersonnelsFamiliaux_1_Non'

2023-11-22 09:55:55 - [MESSAGE][INFO] - Checking object

2023-11-22 09:55:55 - [MESSAGE][INFO] - Finding web element from Test Object's properties

2023-11-22 09:55:55 - [MESSAGE][INFO] - Checking timeout

2023-11-22 09:55:55 - [MESSAGE][INFO] - Finding web element with id: 'Object Repository/Page_InformationPersonnelles_Usager/CheckBox_liensPersonnelsFamiliaux_1_Non' located by 'By.xpath: //*[@id="ui-accordiontab-1-content"]/div/div/div[1]/div/anef-input-radio/div/div/fieldset/div/div[2]/p-radiobutton/div/div[2]/span' in '1' second(s)

2023-11-22 09:55:55 - [MESSAGE][INFO] - Smart Wait Function is triggered

2023-11-22 09:55:55 - [MESSAGE][INFO] - Smart Wait Function is triggered

2023-11-22 09:55:55 - [MESSAGE][INFO] - Smart Wait Function is triggered

2023-11-22 09:55:55 - [MESSAGE][INFO] - Smart Wait Function is triggered

2023-11-22 09:55:55 - [MESSAGE][INFO] - Smart Wait Function is triggered

2023-11-22 09:55:55 - [MESSAGE][INFO] - Smart Wait Function is triggered

2023-11-22 09:55:55 - [MESSAGE][INFO] - Smart Wait Function is triggered

2023-11-22 09:55:55 - [MESSAGE][INFO] - Smart Wait Function is triggered

2023-11-22 09:55:55 - [MESSAGE][INFO] - Smart Wait Function is triggered

2023-11-22 09:55:55 - [MESSAGE][INFO] - Smart Wait Function is triggered

2023-11-22 09:55:55 - [MESSAGE][INFO] - Smart Wait Function is triggered

2023-11-22 09:55:55 - [MESSAGE][INFO] - Smart Wait Function is triggered

2023-11-22 09:55:55 - [MESSAGE][INFO] - Smart Wait Function is triggered

2023-11-22 09:55:55 - [MESSAGE][INFO] - Smart Wait Function is triggered

2023-11-22 09:55:55 - [MESSAGE][INFO] - Smart Wait Function is triggered

2023-11-22 09:55:55 - [MESSAGE][INFO] - Smart Wait Function is triggered

2023-11-22 09:55:55 - [MESSAGE][INFO] - Smart Wait Function is triggered

2023-11-22 09:55:56 - [MESSAGE][INFO] - Smart Wait Function is triggered

2023-11-22 09:55:56 - [MESSAGE][INFO] - Smart Wait Function is triggered

2023-11-22 09:55:56 - [MESSAGE][INFO] - Smart Wait Function is triggered

2023-11-22 09:55:56 - [MESSAGE][INFO] - Smart Wait Function is triggered

2023-11-22 09:55:56 - [MESSAGE][INFO] - Smart Wait Function is triggered

2023-11-22 09:55:56 - [MESSAGE][INFO] - Smart Wait Function is triggered

2023-11-22 09:55:56 - [MESSAGE][INFO] - Smart Wait Function is triggered

2023-11-22 09:55:56 - [MESSAGE][INFO] - Smart Wait Function is triggered

2023-11-22 09:55:56 - [MESSAGE][INFO] - Smart Wait Function is triggered

2023-11-22 09:55:56 - [MESSAGE][INFO] - Smart Wait Function is triggered

2023-11-22 09:55:56 - [MESSAGE][INFO] - Smart Wait Function is triggered

2023-11-22 09:55:56 - [MESSAGE][INFO] - Smart Wait Function is triggered

2023-11-22 09:55:56 - [MESSAGE][INFO] - Smart Wait Function is triggered

2023-11-22 09:55:56 - [MESSAGE][INFO] - Smart Wait Function is triggered

2023-11-22 09:55:56 - [MESSAGE][INFO] - Smart Wait Function is triggered

2023-11-22 09:55:56 - [MESSAGE][INFO] - Smart Wait Function is triggered

2023-11-22 09:55:56 - [MESSAGE][INFO] - Smart Wait Function is triggered

2023-11-22 09:55:56 - [MESSAGE][INFO] - Smart Wait Function is triggered

2023-11-22 09:55:56 - [MESSAGE][INFO] - Smart Wait Function is triggered

2023-11-22 09:55:56 - [MESSAGE][INFO] - Smart Wait Function is triggered

2023-11-22 09:55:56 - [MESSAGE][INFO] - Smart Wait Function is triggered

2023-11-22 09:55:56 - [MESSAGE][INFO] - Smart Wait Function is triggered

2023-11-22 09:55:56 - [MESSAGE][INFO] - Smart Wait Function is triggered

2023-11-22 09:55:56 - [MESSAGE][INFO] - Smart Wait Function is triggered

2023-11-22 09:55:56 - [MESSAGE][INFO] - Smart Wait Function is triggered

2023-11-22 09:55:56 - [MESSAGE][INFO] - Smart Wait Function is triggered

2023-11-22 09:55:56 - [MESSAGE][INFO] - Smart Wait Function is triggered

2023-11-22 09:55:56 - [MESSAGE][INFO] - Smart Wait Function is triggered

2023-11-22 09:55:56 - [MESSAGE][INFO] - Smart Wait Function is triggered

2023-11-22 09:55:56 - [MESSAGE][INFO] - Smart Wait Function is triggered

2023-11-22 09:55:56 - [MESSAGE][INFO] - Smart Wait Function is triggered

2023-11-22 09:55:56 - [MESSAGE][INFO] - Smart Wait Function is triggered

2023-11-22 09:55:57 - [MESSAGE][INFO] - Smart Wait Function is triggered

2023-11-22 09:55:57 - [MESSAGE][INFO] - Smart Wait Function is triggered

2023-11-22 09:55:57 - [MESSAGE][INFO] - Smart Wait Function is triggered

2023-11-22 09:55:57 - [MESSAGE][INFO] - Smart Wait Function is triggered

2023-11-22 09:55:57 - [MESSAGE][INFO] - Smart Wait Function is triggered

2023-11-22 09:55:57 - [MESSAGE][INFO] - Smart Wait Function is triggered

2023-11-22 09:55:57 - [MESSAGE][INFO] - Smart Wait Function is triggered

2023-11-22 09:55:57 - [MESSAGE][INFO] - Smart Wait Function is triggered

2023-11-22 09:55:57 - [MESSAGE][INFO] - Smart Wait Function is triggered

2023-11-22 09:55:57 - [MESSAGE][INFO] - Smart Wait Function is triggered

2023-11-22 09:55:57 - [MESSAGE][INFO] - Smart Wait Function is triggered

2023-11-22 09:55:57 - [MESSAGE][INFO] - Smart Wait Function is triggered

2023-11-22 09:55:57 - [MESSAGE][INFO] - Smart Wait Function is triggered

2023-11-22 09:55:57 - [MESSAGE][INFO] - Smart Wait Function is triggered

2023-11-22 09:55:57 - [MESSAGE][INFO] - Smart Wait Function is triggered

2023-11-22 09:55:57 - [MESSAGE][INFO] - Smart Wait Function is triggered

2023-11-22 09:55:57 - [MESSAGE][INFO] - Unable to find the element located by 'By.xpath: //*[@id="ui-accordiontab-1-content"]/div/div/div[1]/div/anef-input-radio/div/div/fieldset/div/div[2]/p-radiobutton/div/div[2]/span'. Please recheck the objects properties to make sure the desired element is located. 

2023-11-22 09:55:57 - [MESSAGE][WARNING] - com.kms.katalon.core.webui.exception.WebElementNotFoundException: Web element with id: 'Object Repository/Page_InformationPersonnelles_Usager/CheckBox_liensPersonnelsFamiliaux_1_Non' located by '//*[@id="ui-accordiontab-1-content"]/div/div/div[1]/div/anef-input-radio/div/div/fieldset/div/div[2]/p-radiobutton/div/div[2]/span' not found (Root cause: com.kms.katalon.core.exception.StepFailedException: com.kms.katalon.core.webui.exception.WebElementNotFoundException: Web element with id: 'Object Repository/Page_InformationPersonnelles_Usager/CheckBox_liensPersonnelsFamiliaux_1_Non' located by '//*[@id="ui-accordiontab-1-content"]/div/div/div[1]/div/anef-input-radio/div/div/fieldset/div/div[2]/p-radiobutton/div/div[2]/span' not found
	at com.kms.katalon.core.webui.keyword.internal.WebUIKeywordMain.stepFailed(WebUIKeywordMain.groovy:64)
	at com.kms.katalon.core.webui.keyword.builtin.VerifyElementPresentKeyword$_verifyElementPresent_closure1.doCall(VerifyElementPresentKeyword.groovy:85)
	at com.kms.katalon.core.webui.keyword.builtin.VerifyElementPresentKeyword$_verifyElementPresent_closure1.call(VerifyElementPresentKeyword.groovy)
	at com.kms.katalon.core.webui.keyword.internal.WebUIKeywordMain.runKeyword(WebUIKeywordMain.groovy:20)
	at com.kms.katalon.core.webui.keyword.builtin.VerifyElementPresentKeyword.verifyElementPresent(VerifyElementPresentKeyword.groovy:92)
	at com.kms.katalon.core.webui.keyword.builtin.VerifyElementPresentKeyword.execute(VerifyElementPresentKeyword.groovy:68)
	at com.kms.katalon.core.keyword.internal.KeywordExecutor.executeKeywordForPlatform(KeywordExecutor.groovy:74)
	at com.kms.katalon.core.webui.keyword.WebUiBuiltInKeywords.verifyElementPresent(WebUiBuiltInKeywords.groovy:1448)
	at com.kazurayam.ksbackyard.HighlightElement$_pandemic_closure1.doCall(HighlightElement.groovy:105)
	at FormulaireInformationsPersonnelles.run(FormulaireInformationsPersonnelles:28)
	at com.kms.katalon.core.main.ScriptEngine.run(ScriptEngine.java:194)
	at com.kms.katalon.core.main.ScriptEngine.runScriptAsRawText(ScriptEngine.java:119)
	at com.kms.katalon.core.main.TestCaseExecutor.runScript(TestCaseExecutor.java:448)
	at com.kms.katalon.core.main.TestCaseExecutor.doExecute(TestCaseExecutor.java:439)
	at com.kms.katalon.core.main.TestCaseExecutor.processExecutionPhase(TestCaseExecutor.java:418)
	at com.kms.katalon.core.main.TestCaseExecutor.accessMainPhase(TestCaseExecutor.java:410)
	at com.kms.katalon.core.main.TestCaseExecutor.execute(TestCaseExecutor.java:285)
	at com.kms.katalon.core.main.TestCaseMain.runTestCase(TestCaseMain.java:144)
	at com.kms.katalon.core.keyword.builtin.CallTestCaseKeyword$_callTestCase_closure1.doCall(CallTestCaseKeyword.groovy:59)
[...]
	... 36 more
)
[[ATTACHMENT|C:\\Users\\hhizaoui\\.git\\NewProject29092023\\Nouveau dossier1\\21_11\\ANEF-AutomatizationProject\\Reports\\20231122_095358\\TS_TNR_R.TSPT_Suppo90\\20231122_095358\\1700643536138.png]]

2023-11-22 09:58:57 - [MESSAGE][FAILED] - Unable to call Test Case 'Test Cases/Test Reutilisable/Main/Lancer URL ANEF' (Root cause: com.kms.katalon.core.exception.StepFailedException: Call Test Case 'Test Cases/Test Reutilisable/Main/Lancer URL ANEF' failed
	at com.kms.katalon.core.keyword.builtin.CallTestCaseKeyword$_callTestCase_closure1.doCall(CallTestCaseKeyword.groovy:63)
	at com.kms.katalon.core.keyword.builtin.CallTestCaseKeyword$_callTestCase_closure1.call(CallTestCaseKeyword.groovy)
	at com.kms.katalon.core.keyword.internal.KeywordMain.runKeyword(KeywordMain.groovy:75)
	at com.kms.katalon.core.keyword.builtin.CallTestCaseKeyword.callTestCase(CallTestCaseKeyword.groovy:81)
	at com.kms.katalon.core.keyword.builtin.CallTestCaseKeyword.execute(CallTestCaseKeyword.groovy:44)
	at com.kms.katalon.core.keyword.internal.KeywordExecutor.executeKeywordForPlatform(KeywordExecutor.groovy:74)
	at com.kms.katalon.core.keyword.BuiltinKeywords.callTestCase(BuiltinKeywords.groovy:310)
	at com.kazurayam.ksbackyard.HighlightElement$_pandemic_closure1.doCall(HighlightElement.groovy:105)
	at TNR R.TSPT Supp90-Visiteur.run(TNR R.TSPT Supp90-Visiteur:27)
	at com.kms.katalon.core.main.ScriptEngine.run(ScriptEngine.java:194)
	at com.kms.katalon.core.main.ScriptEngine.runScriptAsRawText(ScriptEngine.java:119)
	at com.kms.katalon.core.main.TestCaseExecutor.runScript(TestCaseExecutor.java:448)
	at com.kms.katalon.core.main.TestCaseExecutor.doExecute(TestCaseExecutor.java:439)
	at com.kms.katalon.core.main.TestCaseExecutor.processExecutionPhase(TestCaseExecutor.java:418)
	at com.kms.katalon.core.main.TestCaseExecutor.accessMainPhase(TestCaseExecutor.java:410)
	at com.kms.katalon.core.main.TestCaseExecutor.execute(TestCaseExecutor.java:285)
	at com.kms.katalon.core.common.CommonExecutor.accessTestCaseMainPhase(CommonExecutor.java:65)
	at com.kms.katalon.core.main.TestSuiteExecutor.accessTestSuiteMainPhase(TestSuiteExecutor.java:148)
	at com.kms.katalon.core.main.TestSuiteExecutor.execute(TestSuiteExecutor.java:106)
	at com.kms.katalon.core.main.TestCaseMain.startTestSuite(TestCaseMain.java:187)
	at com.kms.katalon.core.main.TestCaseMain$startTestSuite$0.call(Unknown Source)
	at TempTestSuite1700643238830.run(TempTestSuite1700643238830.groovy:36)
Caused by: com.kms.katalon.core.exception.StepFailedException: Unable to verify object 'Object Repository/Connexion Usager/Link_Se Connecter' is visible
	at com.kms.katalon.core.webui.keyword.internal.WebUIKeywordMain.stepFailed(WebUIKeywordMain.groovy:64)
	at com.kms.katalon.core.webui.keyword.internal.WebUIKeywordMain.runKeyword(WebUIKeywordMain.groovy:26)
	at com.kms.katalon.core.webui.keyword.builtin.VerifyElementVisibleKeyword.verifyElementVisible(VerifyElementVisibleKeyword.groovy:97)
	at com.kms.katalon.core.webui.keyword.builtin.VerifyElementVisibleKeyword.execute(VerifyElementVisibleKeyword.groovy:67)
	at com.kms.katalon.core.keyword.internal.KeywordExecutor.executeKeywordForPlatform(KeywordExecutor.groovy:74)
	at com.kms.katalon.core.webui.keyword.WebUiBuiltInKeywords.verifyElementVisible(WebUiBuiltInKeywords.groovy:362)
	at com.kazurayam.ksbackyard.HighlightElement$_pandemic_closure1.doCall(HighlightElement.groovy:105)
	at Lancer URL ANEF.run(Lancer URL ANEF:333)
	at com.kms.katalon.core.main.ScriptEngine.run(ScriptEngine.java:194)
	at com.kms.katalon.core.main.ScriptEngine.runScriptAsRawText(ScriptEngine.java:119)
	at com.kms.katalon.core.main.TestCaseExecutor.runScript(TestCaseExecutor.java:448)
	at com.kms.katalon.core.main.TestCaseExecutor.doExecute(TestCaseExecutor.java:439)
	at com.kms.katalon.core.main.TestCaseExecutor.processExecutionPhase(TestCaseExecutor.java:418)
	at com.kms.katalon.core.main.TestCaseExecutor.accessMainPhase(TestCaseExecutor.java:410)
	at com.kms.katalon.core.main.TestCaseExecutor.execute(TestCaseExecutor.java:285)
	at com.kms.katalon.core.main.TestCaseMain.runTestCase(TestCaseMain.java:144)
	at com.kms.katalon.core.keyword.builtin.CallTestCaseKeyword$_callTestCase_closure1.doCall(CallTestCaseKeyword.groovy:59)
	... 21 more
Caused by: com.kms.katalon.core.exception.StepFailedException: Web element with id: 'Object Repository/Connexion Usager/Link_Se Connecter' located by '//*[@id="connexion_link"]' not found
	at com.kms.katalon.core.webui.keyword.internal.WebUIKeywordMain.stepFailed(WebUIKeywordMain.groovy:64)
	at com.kms.katalon.core.webui.keyword.builtin.VerifyElementVisibleKeyword$_verifyElementVisible_closure1.doCall(VerifyElementVisibleKeyword.groovy:89)
	at com.kms.katalon.core.webui.keyword.builtin.VerifyElementVisibleKeyword$_verifyElementVisible_closure1.call(VerifyElementVisibleKeyword.groovy)
	at com.kms.katalon.core.webui.keyword.internal.WebUIKeywordMain.runKeyword(WebUIKeywordMain.groovy:20)
	... 36 more
)

2023-11-22 09:59:00 - [TEST_STEP][PASSED] - Video: Video recording for test case 'Test Cases/Cas D Utilisations/Usager Etudiant/TNR R.TSPT Supp90-Visiteur' .

2023-11-22 09:59:00 - [MESSAGE][INFO] - Video recording for test case 'Test Cases/Cas D Utilisations/Usager Etudiant/TNR R.TSPT Supp90-Visiteur' .]]></system-out>
         <system-err><![CDATA[2023-11-22 09:58:30 - [TEST_CASE][FAILED] - Test Cases/Cas D Utilisations/Usager Etudiant/TNR R.TSPT Supp90-Visiteur: Test Cases/Cas D Utilisations/Usager Etudiant/TNR R.TSPT Supp90-Visiteur FAILED.
Reason:
com.kms.katalon.core.exception.StepFailedException: Call Test Case 'Test Cases/Test Reutilisable/Main/Lancer URL ANEF' failed
	at com.kms.katalon.core.keyword.builtin.CallTestCaseKeyword$_callTestCase_closure1.doCall(CallTestCaseKeyword.groovy:63)
	at com.kms.katalon.core.keyword.builtin.CallTestCaseKeyword$_callTestCase_closure1.call(CallTestCaseKeyword.groovy)
	at com.kms.katalon.core.keyword.internal.KeywordMain.runKeyword(KeywordMain.groovy:75)
	at com.kms.katalon.core.keyword.builtin.CallTestCaseKeyword.callTestCase(CallTestCaseKeyword.groovy:81)
	at com.kms.katalon.core.keyword.builtin.CallTestCaseKeyword.execute(CallTestCaseKeyword.groovy:44)
	at com.kms.katalon.core.keyword.internal.KeywordExecutor.executeKeywordForPlatform(KeywordExecutor.groovy:74)
	at com.kms.katalon.core.keyword.BuiltinKeywords.callTestCase(BuiltinKeywords.groovy:310)
	at com.kazurayam.ksbackyard.HighlightElement$_pandemic_closure1.doCall(HighlightElement.groovy:105)
	at TNR R.TSPT Supp90-Visiteur.run(TNR R.TSPT Supp90-Visiteur:27)
	at com.kms.katalon.core.main.ScriptEngine.run(ScriptEngine.java:194)
	at com.kms.katalon.core.main.ScriptEngine.runScriptAsRawText(ScriptEngine.java:119)
	at com.kms.katalon.core.main.TestCaseExecutor.runScript(TestCaseExecutor.java:448)
	at com.kms.katalon.core.main.TestCaseExecutor.doExecute(TestCaseExecutor.java:439)
	at com.kms.katalon.core.main.TestCaseExecutor.processExecutionPhase(TestCaseExecutor.java:418)
	at com.kms.katalon.core.main.TestCaseExecutor.accessMainPhase(TestCaseExecutor.java:410)
	at com.kms.katalon.core.main.TestCaseExecutor.execute(TestCaseExecutor.java:285)
	at com.kms.katalon.core.common.CommonExecutor.accessTestCaseMainPhase(CommonExecutor.java:65)
	at com.kms.katalon.core.main.TestSuiteExecutor.accessTestSuiteMainPhase(TestSuiteExecutor.java:148)
	at com.kms.katalon.core.main.TestSuiteExecutor.execute(TestSuiteExecutor.java:106)
	at com.kms.katalon.core.main.TestCaseMain.startTestSuite(TestCaseMain.java:187)
	at com.kms.katalon.core.main.TestCaseMain$startTestSuite$0.call(Unknown Source)
	at TempTestSuite1700643238830.run(TempTestSuite1700643238830.groovy:36)
Caused by: com.kms.katalon.core.exception.StepFailedException: Unable to verify object 'Object Repository/Connexion Usager/Link_Se Connecter' is visible
	at com.kms.katalon.core.webui.keyword.internal.WebUIKeywordMain.stepFailed(WebUIKeywordMain.groovy:64)
	at com.kms.katalon.core.webui.keyword.internal.WebUIKeywordMain.runKeyword(WebUIKeywordMain.groovy:26)
	at com.kms.katalon.core.webui.keyword.builtin.VerifyElementVisibleKeyword.verifyElementVisible(VerifyElementVisibleKeyword.groovy:97)
	at com.kms.katalon.core.webui.keyword.builtin.VerifyElementVisibleKeyword.execute(VerifyElementVisibleKeyword.groovy:67)
	at com.kms.katalon.core.keyword.internal.KeywordExecutor.executeKeywordForPlatform(KeywordExecutor.groovy:74)
	at com.kms.katalon.core.webui.keyword.WebUiBuiltInKeywords.verifyElementVisible(WebUiBuiltInKeywords.groovy:362)
	at com.kazurayam.ksbackyard.HighlightElement$_pandemic_closure1.doCall(HighlightElement.groovy:105)
	at Lancer URL ANEF.run(Lancer URL ANEF:333)
	at com.kms.katalon.core.main.ScriptEngine.run(ScriptEngine.java:194)
	at com.kms.katalon.core.main.ScriptEngine.runScriptAsRawText(ScriptEngine.java:119)
	at com.kms.katalon.core.main.TestCaseExecutor.runScript(TestCaseExecutor.java:448)
	at com.kms.katalon.core.main.TestCaseExecutor.doExecute(TestCaseExecutor.java:439)
	at com.kms.katalon.core.main.TestCaseExecutor.processExecutionPhase(TestCaseExecutor.java:418)
	at com.kms.katalon.core.main.TestCaseExecutor.accessMainPhase(TestCaseExecutor.java:410)
	at com.kms.katalon.core.main.TestCaseExecutor.execute(TestCaseExecutor.java:285)
	at com.kms.katalon.core.main.TestCaseMain.runTestCase(TestCaseMain.java:144)
	at com.kms.katalon.core.keyword.builtin.CallTestCaseKeyword$_callTestCase_closure1.doCall(CallTestCaseKeyword.groovy:59)
	... 21 more
Caused by: com.kms.katalon.core.exception.StepFailedException: Web element with id: 'Object Repository/Connexion Usager/Link_Se Connecter' located by '//*[@id="connexion_link"]' not found
	at com.kms.katalon.core.webui.keyword.internal.WebUIKeywordMain.stepFailed(WebUIKeywordMain.groovy:64)
	at com.kms.katalon.core.webui.keyword.builtin.VerifyElementVisibleKeyword$_verifyElementVisible_closure1.doCall(VerifyElementVisibleKeyword.groovy:89)
	at com.kms.katalon.core.webui.keyword.builtin.VerifyElementVisibleKeyword$_verifyElementVisible_closure1.call(VerifyElementVisibleKeyword.groovy)
	at com.kms.katalon.core.webui.keyword.internal.WebUIKeywordMain.runKeyword(WebUIKeywordMain.groovy:20)
	... 36 more]]></system-err>
      </testcase>
      <system-out><![CDATA[2023-11-22 09:54:01 - [TEST_SUITE][FAILED] - TS_TNR_R.TSPT_Suppo90: Test Cases/Cas D Utilisations/Usager Etudiant/TNR R.TSPT Supp90-Visiteur FAILED.
Reason:
com.kms.katalon.core.exception.StepFailedException: Call Test Case 'Test Cases/Test Reutilisable/Main/Lancer URL ANEF' failed
	at com.kms.katalon.core.keyword.builtin.CallTestCaseKeyword$_callTestCase_closure1.doCall(CallTestCaseKeyword.groovy:63)
	at com.kms.katalon.core.keyword.builtin.CallTestCaseKeyword$_callTestCase_closure1.call(CallTestCaseKeyword.groovy)
	at com.kms.katalon.core.keyword.internal.KeywordMain.runKeyword(KeywordMain.groovy:75)
	at com.kms.katalon.core.keyword.builtin.CallTestCaseKeyword.callTestCase(CallTestCaseKeyword.groovy:81)
	at com.kms.katalon.core.keyword.builtin.CallTestCaseKeyword.execute(CallTestCaseKeyword.groovy:44)
	at com.kms.katalon.core.keyword.internal.KeywordExecutor.executeKeywordForPlatform(KeywordExecutor.groovy:74)
	at com.kms.katalon.core.keyword.BuiltinKeywords.callTestCase(BuiltinKeywords.groovy:310)
	at com.kazurayam.ksbackyard.HighlightElement$_pandemic_closure1.doCall(HighlightElement.groovy:105)
	at TNR R.TSPT Supp90-Visiteur.run(TNR R.TSPT Supp90-Visiteur:27)
	at com.kms.katalon.core.main.ScriptEngine.run(ScriptEngine.java:194)
	at com.kms.katalon.core.main.ScriptEngine.runScriptAsRawText(ScriptEngine.java:119)
	at com.kms.katalon.core.main.TestCaseExecutor.runScript(TestCaseExecutor.java:448)
	at com.kms.katalon.core.main.TestCaseExecutor.doExecute(TestCaseExecutor.java:439)
	at com.kms.katalon.core.main.TestCaseExecutor.processExecutionPhase(TestCaseExecutor.java:418)
	at com.kms.katalon.core.main.TestCaseExecutor.accessMainPhase(TestCaseExecutor.java:410)
	at com.kms.katalon.core.main.TestCaseExecutor.execute(TestCaseExecutor.java:285)
	at com.kms.katalon.core.common.CommonExecutor.accessTestCaseMainPhase(CommonExecutor.java:65)
	at com.kms.katalon.core.main.TestSuiteExecutor.accessTestSuiteMainPhase(TestSuiteExecutor.java:148)
	at com.kms.katalon.core.main.TestSuiteExecutor.execute(TestSuiteExecutor.java:106)
	at com.kms.katalon.core.main.TestCaseMain.startTestSuite(TestCaseMain.java:187)
	at com.kms.katalon.core.main.TestCaseMain$startTestSuite$0.call(Unknown Source)
	at TempTestSuite1700643238830.run(TempTestSuite1700643238830.groovy:36)
Caused by: com.kms.katalon.core.exception.StepFailedException: Unable to verify object 'Object Repository/Connexion Usager/Link_Se Connecter' is visible
	at com.kms.katalon.core.webui.keyword.internal.WebUIKeywordMain.stepFailed(WebUIKeywordMain.groovy:64)
	at com.kms.katalon.core.webui.keyword.internal.WebUIKeywordMain.runKeyword(WebUIKeywordMain.groovy:26)
	at com.kms.katalon.core.webui.keyword.builtin.VerifyElementVisibleKeyword.verifyElementVisible(VerifyElementVisibleKeyword.groovy:97)
	at com.kms.katalon.core.webui.keyword.builtin.VerifyElementVisibleKeyword.execute(VerifyElementVisibleKeyword.groovy:67)
	at com.kms.katalon.core.keyword.internal.KeywordExecutor.executeKeywordForPlatform(KeywordExecutor.groovy:74)
	at com.kms.katalon.core.webui.keyword.WebUiBuiltInKeywords.verifyElementVisible(WebUiBuiltInKeywords.groovy:362)
	at com.kazurayam.ksbackyard.HighlightElement$_pandemic_closure1.doCall(HighlightElement.groovy:105)
	at Lancer URL ANEF.run(Lancer URL ANEF:333)
	at com.kms.katalon.core.main.ScriptEngine.run(ScriptEngine.java:194)
	at com.kms.katalon.core.main.ScriptEngine.runScriptAsRawText(ScriptEngine.java:119)
	at com.kms.katalon.core.main.TestCaseExecutor.runScript(TestCaseExecutor.java:448)
	at com.kms.katalon.core.main.TestCaseExecutor.doExecute(TestCaseExecutor.java:439)
	at com.kms.katalon.core.main.TestCaseExecutor.processExecutionPhase(TestCaseExecutor.java:418)
	at com.kms.katalon.core.main.TestCaseExecutor.accessMainPhase(TestCaseExecutor.java:410)
	at com.kms.katalon.core.main.TestCaseExecutor.execute(TestCaseExecutor.java:285)
	at com.kms.katalon.core.main.TestCaseMain.runTestCase(TestCaseMain.java:144)
	at com.kms.katalon.core.keyword.builtin.CallTestCaseKeyword$_callTestCase_closure1.doCall(CallTestCaseKeyword.groovy:59)
	... 21 more
Caused by: com.kms.katalon.core.exception.StepFailedException: Web element with id: 'Object Repository/Connexion Usager/Link_Se Connecter' located by '//*[@id="connexion_link"]' not found
	at com.kms.katalon.core.webui.keyword.internal.WebUIKeywordMain.stepFailed(WebUIKeywordMain.groovy:64)
	at com.kms.katalon.core.webui.keyword.builtin.VerifyElementVisibleKeyword$_verifyElementVisible_closure1.doCall(VerifyElementVisibleKeyword.groovy:89)
	at com.kms.katalon.core.webui.keyword.builtin.VerifyElementVisibleKeyword$_verifyElementVisible_closure1.call(VerifyElementVisibleKeyword.groovy)
	at com.kms.katalon.core.webui.keyword.internal.WebUIKeywordMain.runKeyword(WebUIKeywordMain.groovy:20)
	... 36 more]]></system-out>
      <system-err><![CDATA[2023-11-22 09:54:01 - [TEST_SUITE][FAILED] - TS_TNR_R.TSPT_Suppo90: Test Cases/Cas D Utilisations/Usager Etudiant/TNR R.TSPT Supp90-Visiteur FAILED.
Reason:
com.kms.katalon.core.exception.StepFailedException: Call Test Case 'Test Cases/Test Reutilisable/Main/Lancer URL ANEF' failed
	at com.kms.katalon.core.keyword.builtin.CallTestCaseKeyword$_callTestCase_closure1.doCall(CallTestCaseKeyword.groovy:63)
	at com.kms.katalon.core.keyword.builtin.CallTestCaseKeyword$_callTestCase_closure1.call(CallTestCaseKeyword.groovy)
	at com.kms.katalon.core.keyword.internal.KeywordMain.runKeyword(KeywordMain.groovy:75)
	at com.kms.katalon.core.keyword.builtin.CallTestCaseKeyword.callTestCase(CallTestCaseKeyword.groovy:81)
	at com.kms.katalon.core.keyword.builtin.CallTestCaseKeyword.execute(CallTestCaseKeyword.groovy:44)
	at com.kms.katalon.core.keyword.internal.KeywordExecutor.executeKeywordForPlatform(KeywordExecutor.groovy:74)
	at com.kms.katalon.core.keyword.BuiltinKeywords.callTestCase(BuiltinKeywords.groovy:310)
	at com.kazurayam.ksbackyard.HighlightElement$_pandemic_closure1.doCall(HighlightElement.groovy:105)
	at TNR R.TSPT Supp90-Visiteur.run(TNR R.TSPT Supp90-Visiteur:27)
	at com.kms.katalon.core.main.ScriptEngine.run(ScriptEngine.java:194)
	at com.kms.katalon.core.main.ScriptEngine.runScriptAsRawText(ScriptEngine.java:119)
	at com.kms.katalon.core.main.TestCaseExecutor.runScript(TestCaseExecutor.java:448)
	at com.kms.katalon.core.main.TestCaseExecutor.doExecute(TestCaseExecutor.java:439)
	at com.kms.katalon.core.main.TestCaseExecutor.processExecutionPhase(TestCaseExecutor.java:418)
	at com.kms.katalon.core.main.TestCaseExecutor.accessMainPhase(TestCaseExecutor.java:410)
	at com.kms.katalon.core.main.TestCaseExecutor.execute(TestCaseExecutor.java:285)
	at com.kms.katalon.core.common.CommonExecutor.accessTestCaseMainPhase(CommonExecutor.java:65)
	at com.kms.katalon.core.main.TestSuiteExecutor.accessTestSuiteMainPhase(TestSuiteExecutor.java:148)
	at com.kms.katalon.core.main.TestSuiteExecutor.execute(TestSuiteExecutor.java:106)
	at com.kms.katalon.core.main.TestCaseMain.startTestSuite(TestCaseMain.java:187)
	at com.kms.katalon.core.main.TestCaseMain$startTestSuite$0.call(Unknown Source)
	at TempTestSuite1700643238830.run(TempTestSuite1700643238830.groovy:36)
Caused by: com.kms.katalon.core.exception.StepFailedException: Unable to verify object 'Object Repository/Connexion Usager/Link_Se Connecter' is visible
	at com.kms.katalon.core.webui.keyword.internal.WebUIKeywordMain.stepFailed(WebUIKeywordMain.groovy:64)
	at com.kms.katalon.core.webui.keyword.internal.WebUIKeywordMain.runKeyword(WebUIKeywordMain.groovy:26)
	at com.kms.katalon.core.webui.keyword.builtin.VerifyElementVisibleKeyword.verifyElementVisible(VerifyElementVisibleKeyword.groovy:97)
	at com.kms.katalon.core.webui.keyword.builtin.VerifyElementVisibleKeyword.execute(VerifyElementVisibleKeyword.groovy:67)
	at com.kms.katalon.core.keyword.internal.KeywordExecutor.executeKeywordForPlatform(KeywordExecutor.groovy:74)
	at com.kms.katalon.core.webui.keyword.WebUiBuiltInKeywords.verifyElementVisible(WebUiBuiltInKeywords.groovy:362)
	at com.kazurayam.ksbackyard.HighlightElement$_pandemic_closure1.doCall(HighlightElement.groovy:105)
	at Lancer URL ANEF.run(Lancer URL ANEF:333)
	at com.kms.katalon.core.main.ScriptEngine.run(ScriptEngine.java:194)
	at com.kms.katalon.core.main.ScriptEngine.runScriptAsRawText(ScriptEngine.java:119)
	at com.kms.katalon.core.main.TestCaseExecutor.runScript(TestCaseExecutor.java:448)
	at com.kms.katalon.core.main.TestCaseExecutor.doExecute(TestCaseExecutor.java:439)
	at com.kms.katalon.core.main.TestCaseExecutor.processExecutionPhase(TestCaseExecutor.java:418)
	at com.kms.katalon.core.main.TestCaseExecutor.accessMainPhase(TestCaseExecutor.java:410)
	at com.kms.katalon.core.main.TestCaseExecutor.execute(TestCaseExecutor.java:285)
	at com.kms.katalon.core.main.TestCaseMain.runTestCase(TestCaseMain.java:144)
	at com.kms.katalon.core.keyword.builtin.CallTestCaseKeyword$_callTestCase_closure1.doCall(CallTestCaseKeyword.groovy:59)
	... 21 more
Caused by: com.kms.katalon.core.exception.StepFailedException: Web element with id: 'Object Repository/Connexion Usager/Link_Se Connecter' located by '//*[@id="connexion_link"]' not found
	at com.kms.katalon.core.webui.keyword.internal.WebUIKeywordMain.stepFailed(WebUIKeywordMain.groovy:64)
	at com.kms.katalon.core.webui.keyword.builtin.VerifyElementVisibleKeyword$_verifyElementVisible_closure1.doCall(VerifyElementVisibleKeyword.groovy:89)
	at com.kms.katalon.core.webui.keyword.builtin.VerifyElementVisibleKeyword$_verifyElementVisible_closure1.call(VerifyElementVisibleKeyword.groovy)
	at com.kms.katalon.core.webui.keyword.internal.WebUIKeywordMain.runKeyword(WebUIKeywordMain.groovy:20)
	... 36 more]]></system-err>
   </testsuite>
</testsuites>
